Using device: cuda

Starting Optuna search: 50 trials on 'DenisovanvsNeanderthal'
  Objective   : balanced_accuracy_score (mean per-class recall)
  LR range    : [1e-5, 1e-2]  (extended from [1e-5, 1e-3])
  search_epochs=20, es_patience=5

Epoch 1/20 | Train Loss: 0.5936 | Train Acc: 0.7323 | Val Loss: 0.5799 | Val Acc: 0.7610 | No improvement: 0/5
Epoch 2/20 | Train Loss: 0.5115 | Train Acc: 0.7870 | Val Loss: 0.5647 | Val Acc: 0.7629 | No improvement: 0/5
Epoch 3/20 | Train Loss: 0.5005 | Train Acc: 0.7913 | Val Loss: 0.5600 | Val Acc: 0.7635 | No improvement: 0/5
Epoch 4/20 | Train Loss: 0.4950 | Train Acc: 0.7958 | Val Loss: 0.5554 | Val Acc: 0.7629 | No improvement: 1/5
Epoch 5/20 | Train Loss: 0.4930 | Train Acc: 0.7953 | Val Loss: 0.5582 | Val Acc: 0.7649 | No improvement: 0/5
Epoch 6/20 | Train Loss: 0.4905 | Train Acc: 0.7963 | Val Loss: 0.5640 | Val Acc: 0.7639 | No improvement: 1/5
Epoch 7/20 | Train Loss: 0.4866 | Train Acc: 0.7979 | Val Loss: 0.5521 | Val Acc: 0.7674 | No improvement: 0/5
Epoch 8/20 | Train Loss: 0.4849 | Train Acc: 0.7988 | Val Loss: 0.5484 | Val Acc: 0.7712 | No improvement: 0/5
Epoch 9/20 | Train Loss: 0.4799 | Train Acc: 0.7997 | Val Loss: 0.5449 | Val Acc: 0.7737 | No improvement: 0/5
Epoch 10/20 | Train Loss: 0.4776 | Train Acc: 0.8009 | Val Loss: 0.5503 | Val Acc: 0.7688 | No improvement: 1/5
Epoch 11/20 | Train Loss: 0.4742 | Train Acc: 0.8033 | Val Loss: 0.5363 | Val Acc: 0.7721 | No improvement: 2/5
Epoch 12/20 | Train Loss: 0.4722 | Train Acc: 0.8029 | Val Loss: 0.5403 | Val Acc: 0.7725 | No improvement: 3/5
Epoch 13/20 | Train Loss: 0.4689 | Train Acc: 0.8047 | Val Loss: 0.5455 | Val Acc: 0.7690 | No improvement: 4/5
Epoch 14/20 | Train Loss: 0.4663 | Train Acc: 0.8039 | Val Loss: 0.5452 | Val Acc: 0.7702 | No improvement: 5/5

Early stopping triggered after 14 epochs (5 epochs without improvement).

Best Val Acc: 0.7737  →  saved to optuna_trial_1.pth
  Trial   1 | bal_acc=0.7703 | Denisovan=0.615 | Neanderthal=0.925
[32m[I 2026-05-04 23:43:02,925][0m Trial 1 finished with value: 0.7703393799056577 and parameters: {'num_conv_layers': 4, 'num_dense_layers': 2, 'filters_0': 128, 'filters_1': 128, 'filters_2': 128, 'filters_3': 64, 'width_0': 9, 'width_1': 19, 'width_2': 5, 'width_3': 7, 'drop_conv_0': 0.2525271856859932, 'drop_conv_1': 0.15026004090513548, 'drop_conv_2': 0.1834348283403451, 'drop_conv_3': 0.5465286582643485, 'dense_0': 256, 'dense_1': 64, 'drop_dense_0': 0.37696586948984084, 'drop_dense_1': 0.35751436764154426, 'lr': 2.601902292415848e-05, 'weight_decay': 0.001695928874792827}. Best is trial 1 with value: 0.7703393799056577.[0m
Epoch 1/20 | Train Loss: 0.5715 | Train Acc: 0.7529 | Val Loss: 0.5541 | Val Acc: 0.7645 | No improvement: 0/5
Epoch 2/20 | Train Loss: 0.5039 | Train Acc: 0.7875 | Val Loss: 0.5371 | Val Acc: 0.7670 | No improvement: 0/5
Epoch 3/20 | Train Loss: 0.4922 | Train Acc: 0.7940 | Val Loss: 0.5292 | Val Acc: 0.7733 | No improvement: 0/5
Epoch 4/20 | Train Loss: 0.4855 | Train Acc: 0.7962 | Val Loss: 0.5227 | Val Acc: 0.7700 | No improvement: 1/5
Epoch 5/20 | Train Loss: 0.4817 | Train Acc: 0.7962 | Val Loss: 0.5212 | Val Acc: 0.7702 | No improvement: 2/5
Epoch 6/20 | Train Loss: 0.4786 | Train Acc: 0.7999 | Val Loss: 0.5169 | Val Acc: 0.7727 | No improvement: 3/5
Epoch 7/20 | Train Loss: 0.4742 | Train Acc: 0.8013 | Val Loss: 0.5160 | Val Acc: 0.7665 | No improvement: 4/5
Epoch 8/20 | Train Loss: 0.4726 | Train Acc: 0.8006 | Val Loss: 0.5251 | Val Acc: 0.7598 | No improvement: 5/5

Early stopping triggered after 8 epochs (5 epochs without improvement).

Best Val Acc: 0.7733  →  saved to optuna_trial_2.pth
  Trial   2 | bal_acc=0.7711 | Denisovan=0.669 | Neanderthal=0.873
[32m[I 2026-05-04 23:43:46,160][0m Trial 2 finished with value: 0.771072113951914 and parameters: {'num_conv_layers': 2, 'num_dense_layers': 1, 'filters_0': 128, 'filters_1': 32, 'width_0': 5, 'width_1': 19, 'drop_conv_0': 0.433294832163614, 'drop_conv_1': 0.2695600738284204, 'dense_0': 128, 'drop_dense_0': 0.36586806789488374, 'lr': 8.774398565502132e-05, 'weight_decay': 0.0011759187101258379}. Best is trial 2 with value: 0.771072113951914.[0m
Epoch 1/20 | Train Loss: 0.5208 | Train Acc: 0.7840 | Val Loss: 0.5353 | Val Acc: 0.7647 | No improvement: 0/5
Epoch 2/20 | Train Loss: 0.4930 | Train Acc: 0.7994 | Val Loss: 0.5314 | Val Acc: 0.7743 | No improvement: 0/5
Epoch 3/20 | Train Loss: 0.4865 | Train Acc: 0.8012 | Val Loss: 0.5249 | Val Acc: 0.7643 | No improvement: 1/5
Epoch 4/20 | Train Loss: 0.4857 | Train Acc: 0.8007 | Val Loss: 0.5294 | Val Acc: 0.7704 | No improvement: 2/5
Epoch 5/20 | Train Loss: 0.4830 | Train Acc: 0.8007 | Val Loss: 0.5302 | Val Acc: 0.7690 | No improvement: 3/5
Epoch 6/20 | Train Loss: 0.4811 | Train Acc: 0.8014 | Val Loss: 0.5243 | Val Acc: 0.7665 | No improvement: 4/5
Epoch 7/20 | Train Loss: 0.4791 | Train Acc: 0.8015 | Val Loss: 0.5152 | Val Acc: 0.7743 | No improvement: 5/5

Early stopping triggered after 7 epochs (5 epochs without improvement).

Best Val Acc: 0.7743  →  saved to optuna_trial_3.pth
  Trial   3 | bal_acc=0.7712 | Denisovan=0.630 | Neanderthal=0.913
[32m[I 2026-05-04 23:44:14,311][0m Trial 3 finished with value: 0.7712399799996494 and parameters: {'num_conv_layers': 4, 'num_dense_layers': 2, 'filters_0': 64, 'filters_1': 32, 'filters_2': 64, 'filters_3': 256, 'width_0': 15, 'width_1': 19, 'width_2': 19, 'width_3': 7, 'drop_conv_0': 0.3109660337446497, 'drop_conv_1': 0.3178533332552139, 'drop_conv_2': 0.10789012690205971, 'drop_conv_3': 0.17838839831812378, 'dense_0': 64, 'dense_1': 64, 'drop_dense_0': 0.42252942609728905, 'drop_dense_1': 0.3070960548789884, 'lr': 0.0007103694409912393, 'weight_decay': 0.0010551718599019538}. Best is trial 3 with value: 0.7712399799996494.[0m
Epoch 1/20 | Train Loss: 0.5720 | Train Acc: 0.7435 | Val Loss: 0.5630 | Val Acc: 0.7623 | No improvement: 0/5
Epoch 2/20 | Train Loss: 0.5086 | Train Acc: 0.7871 | Val Loss: 0.5464 | Val Acc: 0.7665 | No improvement: 0/5
Epoch 3/20 | Train Loss: 0.4986 | Train Acc: 0.7905 | Val Loss: 0.5446 | Val Acc: 0.7663 | No improvement: 1/5
Epoch 4/20 | Train Loss: 0.4937 | Train Acc: 0.7936 | Val Loss: 0.5452 | Val Acc: 0.7578 | No improvement: 2/5
Epoch 5/20 | Train Loss: 0.4896 | Train Acc: 0.7952 | Val Loss: 0.5442 | Val Acc: 0.7596 | No improvement: 3/5
Epoch 6/20 | Train Loss: 0.4887 | Train Acc: 0.7969 | Val Loss: 0.5464 | Val Acc: 0.7490 | No improvement: 4/5
Epoch 7/20 | Train Loss: 0.4849 | Train Acc: 0.7992 | Val Loss: 0.5418 | Val Acc: 0.7588 | No improvement: 5/5

Early stopping triggered after 7 epochs (5 epochs without improvement).

Best Val Acc: 0.7665  →  saved to optuna_trial_4.pth
  Trial   4 | bal_acc=0.7634 | Denisovan=0.620 | Neanderthal=0.907
[32m[I 2026-05-04 23:44:31,221][0m Trial 4 finished with value: 0.7634306611384674 and parameters: {'num_conv_layers': 3, 'num_dense_layers': 2, 'filters_0': 32, 'filters_1': 32, 'filters_2': 64, 'width_0': 15, 'width_1': 9, 'width_2': 11, 'drop_conv_0': 0.18266533535060878, 'drop_conv_1': 0.21561856933644571, 'drop_conv_2': 0.4022334435325283, 'dense_0': 256, 'dense_1': 256, 'drop_dense_0': 0.46789223085633147, 'drop_dense_1': 0.33145413530616563, 'lr': 7.842058840586522e-05, 'weight_decay': 0.000214148904140388}. Best is trial 3 with value: 0.7712399799996494.[0m
Epoch 1/20 | Train Loss: 0.5359 | Train Acc: 0.7779 | Val Loss: 0.5432 | Val Acc: 0.7661 | No improvement: 0/5
Epoch 2/20 | Train Loss: 0.5159 | Train Acc: 0.7873 | Val Loss: 0.5490 | Val Acc: 0.7643 | No improvement: 1/5
Epoch 3/20 | Train Loss: 0.5128 | Train Acc: 0.7903 | Val Loss: 0.5534 | Val Acc: 0.7627 | No improvement: 2/5
Epoch 4/20 | Train Loss: 0.5031 | Train Acc: 0.7929 | Val Loss: 0.5447 | Val Acc: 0.7602 | No improvement: 3/5
Epoch 5/20 | Train Loss: 0.4989 | Train Acc: 0.7957 | Val Loss: 0.5385 | Val Acc: 0.7616 | No improvement: 4/5
Epoch 6/20 | Train Loss: 0.4992 | Train Acc: 0.7943 | Val Loss: 0.5453 | Val Acc: 0.7674 | No improvement: 0/5
Epoch 7/20 | Train Loss: 0.4984 | Train Acc: 0.7943 | Val Loss: 0.5510 | Val Acc: 0.7686 | No improvement: 0/5
Epoch 8/20 | Train Loss: 0.4962 | Train Acc: 0.7953 | Val Loss: 0.5499 | Val Acc: 0.7696 | No improvement: 0/5
Epoch 9/20 | Train Loss: 0.4967 | Train Acc: 0.7939 | Val Loss: 0.5372 | Val Acc: 0.7657 | No improvement: 1/5
Epoch 10/20 | Train Loss: 0.4968 | Train Acc: 0.7950 | Val Loss: 0.5353 | Val Acc: 0.7641 | No improvement: 2/5
Epoch 11/20 | Train Loss: 0.4955 | Train Acc: 0.7944 | Val Loss: 0.5387 | Val Acc: 0.7623 | No improvement: 3/5
Epoch 12/20 | Train Loss: 0.4976 | Train Acc: 0.7937 | Val Loss: 0.5444 | Val Acc: 0.7635 | No improvement: 4/5
Epoch 13/20 | Train Loss: 0.4947 | Train Acc: 0.7957 | Val Loss: 0.5396 | Val Acc: 0.7731 | No improvement: 0/5
Epoch 14/20 | Train Loss: 0.4953 | Train Acc: 0.7959 | Val Loss: 0.5445 | Val Acc: 0.7682 | No improvement: 1/5
Epoch 15/20 | Train Loss: 0.4969 | Train Acc: 0.7952 | Val Loss: 0.5522 | Val Acc: 0.7678 | No improvement: 2/5
Epoch 16/20 | Train Loss: 0.4959 | Train Acc: 0.7945 | Val Loss: 0.5426 | Val Acc: 0.7688 | No improvement: 3/5
Epoch 17/20 | Train Loss: 0.4934 | Train Acc: 0.7962 | Val Loss: 0.5401 | Val Acc: 0.7631 | No improvement: 4/5
Epoch 18/20 | Train Loss: 0.4943 | Train Acc: 0.7950 | Val Loss: 0.5410 | Val Acc: 0.7563 | No improvement: 5/5

Early stopping triggered after 18 epochs (5 epochs without improvement).

Best Val Acc: 0.7731  →  saved to optuna_trial_5.pth
  Trial   5 | bal_acc=0.7703 | Denisovan=0.643 | Neanderthal=0.898
[32m[I 2026-05-04 23:48:06,002][0m Trial 5 finished with value: 0.7703147551000477 and parameters: {'num_conv_layers': 3, 'num_dense_layers': 1, 'filters_0': 128, 'filters_1': 64, 'filters_2': 256, 'width_0': 15, 'width_1': 19, 'width_2': 19, 'drop_conv_0': 0.2527066279211191, 'drop_conv_1': 0.27755405462196026, 'drop_conv_2': 0.20249118846943157, 'dense_0': 64, 'drop_dense_0': 0.3969213520385388, 'lr': 0.0022440703513705368, 'weight_decay': 0.006296299262309232}. Best is trial 3 with value: 0.7712399799996494.[0m
Epoch 1/20 | Train Loss: 0.6464 | Train Acc: 0.6898 | Val Loss: 0.6036 | Val Acc: 0.7206 | No improvement: 0/5
Epoch 2/20 | Train Loss: 0.5323 | Train Acc: 0.7814 | Val Loss: 0.6058 | Val Acc: 0.7063 | No improvement: 1/5
Epoch 3/20 | Train Loss: 0.5163 | Train Acc: 0.7855 | Val Loss: 0.5937 | Val Acc: 0.7161 | No improvement: 2/5
Epoch 4/20 | Train Loss: 0.5091 | Train Acc: 0.7901 | Val Loss: 0.6244 | Val Acc: 0.6863 | No improvement: 3/5
Epoch 5/20 | Train Loss: 0.5044 | Train Acc: 0.7928 | Val Loss: 0.6054 | Val Acc: 0.7022 | No improvement: 4/5
Epoch 6/20 | Train Loss: 0.5019 | Train Acc: 0.7935 | Val Loss: 0.5822 | Val Acc: 0.7210 | No improvement: 0/5
Epoch 7/20 | Train Loss: 0.4958 | Train Acc: 0.7940 | Val Loss: 0.5697 | Val Acc: 0.7273 | No improvement: 0/5
Epoch 8/20 | Train Loss: 0.4946 | Train Acc: 0.7962 | Val Loss: 0.5443 | Val Acc: 0.7576 | No improvement: 0/5
Epoch 9/20 | Train Loss: 0.4915 | Train Acc: 0.7984 | Val Loss: 0.5639 | Val Acc: 0.7324 | No improvement: 1/5
Epoch 10/20 | Train Loss: 0.4876 | Train Acc: 0.7992 | Val Loss: 0.5525 | Val Acc: 0.7429 | No improvement: 2/5
Epoch 11/20 | Train Loss: 0.4841 | Train Acc: 0.8007 | Val Loss: 0.5503 | Val Acc: 0.7441 | No improvement: 3/5
Epoch 12/20 | Train Loss: 0.4804 | Train Acc: 0.8008 | Val Loss: 0.5486 | Val Acc: 0.7455 | No improvement: 4/5
Epoch 13/20 | Train Loss: 0.4770 | Train Acc: 0.8022 | Val Loss: 0.5551 | Val Acc: 0.7359 | No improvement: 5/5

Early stopping triggered after 13 epochs (5 epochs without improvement).

Best Val Acc: 0.7576  →  saved to optuna_trial_6.pth
  Trial   6 | bal_acc=0.7563 | Denisovan=0.696 | Neanderthal=0.816
[32m[I 2026-05-04 23:49:15,234][0m Trial 6 finished with value: 0.7562622550144869 and parameters: {'num_conv_layers': 4, 'num_dense_layers': 3, 'filters_0': 64, 'filters_1': 64, 'filters_2': 64, 'filters_3': 256, 'width_0': 5, 'width_1': 11, 'width_2': 11, 'width_3': 19, 'drop_conv_0': 0.4221151131106038, 'drop_conv_1': 0.16733290304495943, 'drop_conv_2': 0.45074813326467533, 'drop_conv_3': 0.4540156804754406, 'dense_0': 64, 'dense_1': 128, 'dense_2': 256, 'drop_dense_0': 0.42585638463699116, 'drop_dense_1': 0.4715526776531297, 'drop_dense_2': 0.45485975062805706, 'lr': 3.785190205939497e-05, 'weight_decay': 0.002663884632863109}. Best is trial 3 with value: 0.7712399799996494.[0m
Epoch 1/20 | Train Loss: 0.6700 | Train Acc: 0.6698 | Val Loss: 0.5929 | Val Acc: 0.7582 | No improvement: 0/5
Epoch 2/20 | Train Loss: 0.5397 | Train Acc: 0.7774 | Val Loss: 0.5703 | Val Acc: 0.7625 | No improvement: 0/5
Epoch 3/20 | Train Loss: 0.5221 | Train Acc: 0.7844 | Val Loss: 0.5510 | Val Acc: 0.7665 | No improvement: 0/5
Epoch 4/20 | Train Loss: 0.5135 | Train Acc: 0.7885 | Val Loss: 0.5397 | Val Acc: 0.7661 | No improvement: 1/5
Epoch 5/20 | Train Loss: 0.5048 | Train Acc: 0.7920 | Val Loss: 0.5327 | Val Acc: 0.7655 | No improvement: 2/5
Epoch 6/20 | Train Loss: 0.5027 | Train Acc: 0.7932 | Val Loss: 0.5327 | Val Acc: 0.7655 | No improvement: 3/5
Epoch 7/20 | Train Loss: 0.4987 | Train Acc: 0.7936 | Val Loss: 0.5296 | Val Acc: 0.7657 | No improvement: 4/5
Epoch 8/20 | Train Loss: 0.4978 | Train Acc: 0.7934 | Val Loss: 0.5279 | Val Acc: 0.7659 | No improvement: 5/5

Early stopping triggered after 8 epochs (5 epochs without improvement).

Best Val Acc: 0.7665  →  saved to optuna_trial_7.pth
  Trial   7 | bal_acc=0.7635 | Denisovan=0.624 | Neanderthal=0.903
[32m[I 2026-05-04 23:50:21,120][0m Trial 7 finished with value: 0.7635191434908292 and parameters: {'num_conv_layers': 4, 'num_dense_layers': 2, 'filters_0': 128, 'filters_1': 32, 'filters_2': 128, 'filters_3': 256, 'width_0': 11, 'width_1': 19, 'width_2': 11, 'width_3': 5, 'drop_conv_0': 0.5924064674019358, 'drop_conv_1': 0.13616060492554735, 'drop_conv_2': 0.4859847002386831, 'drop_conv_3': 0.17548805693055933, 'dense_0': 128, 'dense_1': 128, 'drop_dense_0': 0.48390441619340496, 'drop_dense_1': 0.4522697505435537, 'lr': 1.946767420698509e-05, 'weight_decay': 0.0009991479392519223}. Best is trial 3 with value: 0.7712399799996494.[0m
Epoch 1/20 | Train Loss: 0.5324 | Train Acc: 0.7787 | Val Loss: 0.5499 | Val Acc: 0.7633 | No improvement: 0/5
Epoch 2/20 | Train Loss: 0.5154 | Train Acc: 0.7853 | Val Loss: 0.5791 | Val Acc: 0.7537 | No improvement: 1/5
Epoch 3/20 | Train Loss: 0.5141 | Train Acc: 0.7863 | Val Loss: 0.5528 | Val Acc: 0.7537 | No improvement: 2/5
Epoch 4/20 | Train Loss: 0.5082 | Train Acc: 0.7902 | Val Loss: 0.5764 | Val Acc: 0.7541 | No improvement: 3/5
Epoch 5/20 | Train Loss: 0.5077 | Train Acc: 0.7888 | Val Loss: 0.5975 | Val Acc: 0.7510 | No improvement: 4/5
Epoch 6/20 | Train Loss: 0.5076 | Train Acc: 0.7886 | Val Loss: 0.5944 | Val Acc: 0.7379 | No improvement: 5/5

Early stopping triggered after 6 epochs (5 epochs without improvement).

Best Val Acc: 0.7633  →  saved to optuna_trial_8.pth
  Trial   8 | bal_acc=0.7601 | Denisovan=0.614 | Neanderthal=0.906
[32m[I 2026-05-04 23:51:10,721][0m Trial 8 finished with value: 0.7601169135686018 and parameters: {'num_conv_layers': 4, 'num_dense_layers': 2, 'filters_0': 256, 'filters_1': 64, 'filters_2': 32, 'filters_3': 32, 'width_0': 15, 'width_1': 7, 'width_2': 19, 'width_3': 5, 'drop_conv_0': 0.44673744061168164, 'drop_conv_1': 0.17968613309368772, 'drop_conv_2': 0.48626580231365435, 'drop_conv_3': 0.458944929949192, 'dense_0': 64, 'dense_1': 64, 'drop_dense_0': 0.3856205533007187, 'drop_dense_1': 0.38656026906433216, 'lr': 0.003166863722741148, 'weight_decay': 0.0013559223798238422}. Best is trial 3 with value: 0.7712399799996494.[0m
Epoch 1/20 | Train Loss: 0.5184 | Train Acc: 0.7845 | Val Loss: 0.5320 | Val Acc: 0.7657 | No improvement: 0/5
Epoch 2/20 | Train Loss: 0.4939 | Train Acc: 0.7972 | Val Loss: 0.5343 | Val Acc: 0.7653 | No improvement: 1/5
Epoch 3/20 | Train Loss: 0.4939 | Train Acc: 0.7969 | Val Loss: 0.5325 | Val Acc: 0.7631 | No improvement: 2/5
Epoch 4/20 | Train Loss: 0.4944 | Train Acc: 0.7975 | Val Loss: 0.5402 | Val Acc: 0.7561 | No improvement: 3/5
Epoch 5/20 | Train Loss: 0.4918 | Train Acc: 0.7971 | Val Loss: 0.5321 | Val Acc: 0.7649 | No improvement: 4/5
Epoch 6/20 | Train Loss: 0.4930 | Train Acc: 0.7958 | Val Loss: 0.5420 | Val Acc: 0.7512 | No improvement: 5/5

Early stopping triggered after 6 epochs (5 epochs without improvement).

Best Val Acc: 0.7657  →  saved to optuna_trial_9.pth
  Trial   9 | bal_acc=0.7629 | Denisovan=0.630 | Neanderthal=0.896
[32m[I 2026-05-04 23:51:49,812][0m Trial 9 finished with value: 0.762852186891423 and parameters: {'num_conv_layers': 4, 'num_dense_layers': 3, 'filters_0': 32, 'filters_1': 32, 'filters_2': 128, 'filters_3': 32, 'width_0': 15, 'width_1': 15, 'width_2': 15, 'width_3': 19, 'drop_conv_0': 0.17538398272485475, 'drop_conv_1': 0.3141134197955201, 'drop_conv_2': 0.49988912119886, 'drop_conv_3': 0.12676112754346278, 'dense_0': 256, 'dense_1': 64, 'dense_2': 64, 'drop_dense_0': 0.38577780437313125, 'drop_dense_1': 0.3545518295807363, 'drop_dense_2': 0.30642324976930474, 'lr': 0.001295663769876264, 'weight_decay': 0.002176441075782741}. Best is trial 3 with value: 0.7712399799996494.[0m
Epoch 1/20 | Train Loss: 0.5951 | Train Acc: 0.7444 | Val Loss: 0.5771 | Val Acc: 0.7645 | No improvement: 0/5
Epoch 2/20 | Train Loss: 0.5563 | Train Acc: 0.7620 | Val Loss: 0.5724 | Val Acc: 0.7567 | No improvement: 1/5
Epoch 3/20 | Train Loss: 0.5510 | Train Acc: 0.7729 | Val Loss: 0.5729 | Val Acc: 0.7578 | No improvement: 2/5
Epoch 4/20 | Train Loss: 0.5370 | Train Acc: 0.7762 | Val Loss: 0.5335 | Val Acc: 0.7614 | No improvement: 3/5
Epoch 5/20 | Train Loss: 0.5369 | Train Acc: 0.7749 | Val Loss: 0.5430 | Val Acc: 0.7557 | No improvement: 4/5
Epoch 6/20 | Train Loss: 0.5326 | Train Acc: 0.7748 | Val Loss: 0.5643 | Val Acc: 0.7251 | No improvement: 5/5

Early stopping triggered after 6 epochs (5 epochs without improvement).

Best Val Acc: 0.7645  →  saved to optuna_trial_10.pth
  Trial  10 | bal_acc=0.7628 | Denisovan=0.685 | Neanderthal=0.841
[32m[I 2026-05-04 23:52:06,837][0m Trial 10 finished with value: 0.7628117855154388 and parameters: {'num_conv_layers': 3, 'num_dense_layers': 3, 'filters_0': 64, 'filters_1': 32, 'filters_2': 128, 'width_0': 19, 'width_1': 7, 'width_2': 15, 'drop_conv_0': 0.29340291517943795, 'drop_conv_1': 0.5773606449029799, 'drop_conv_2': 0.4051101152757183, 'dense_0': 64, 'dense_1': 64, 'dense_2': 64, 'drop_dense_0': 0.39800073601314434, 'drop_dense_1': 0.4685192938819953, 'drop_dense_2': 0.5551254478839271, 'lr': 0.00859301426785685, 'weight_decay': 0.0002513370196554018}. Best is trial 3 with value: 0.7712399799996494.[0m
Epoch 1/20 | Train Loss: 0.5503 | Train Acc: 0.7640 | Val Loss: 0.5634 | Val Acc: 0.7600 | No improvement: 0/5
Epoch 2/20 | Train Loss: 0.5158 | Train Acc: 0.7851 | Val Loss: 0.5621 | Val Acc: 0.7335 | No improvement: 1/5
Epoch 3/20 | Train Loss: 0.5088 | Train Acc: 0.7873 | Val Loss: 0.5527 | Val Acc: 0.7520 | No improvement: 2/5
Epoch 4/20 | Train Loss: 0.5014 | Train Acc: 0.7909 | Val Loss: 0.5552 | Val Acc: 0.7502 | No improvement: 3/5
Epoch 5/20 | Train Loss: 0.4980 | Train Acc: 0.7937 | Val Loss: 0.5477 | Val Acc: 0.7484 | No improvement: 4/5
Epoch 6/20 | Train Loss: 0.4972 | Train Acc: 0.7926 | Val Loss: 0.5452 | Val Acc: 0.7504 | No improvement: 5/5

Early stopping triggered after 6 epochs (5 epochs without improvement).

Best Val Acc: 0.7600  →  saved to optuna_trial_11.pth
  Trial  11 | bal_acc=0.7580 | Denisovan=0.664 | Neanderthal=0.852
[32m[I 2026-05-04 23:52:24,308][0m Trial 11 finished with value: 0.7579711330499116 and parameters: {'num_conv_layers': 2, 'num_dense_layers': 1, 'filters_0': 64, 'filters_1': 256, 'width_0': 7, 'width_1': 5, 'drop_conv_0': 0.5796751934530425, 'drop_conv_1': 0.45677727799282747, 'dense_0': 64, 'drop_dense_0': 0.3039534918604041, 'lr': 0.0005110657501548682, 'weight_decay': 0.00048082756952277873}. Best is trial 3 with value: 0.7712399799996494.[0m
Epoch 1/20 | Train Loss: 0.5429 | Train Acc: 0.7687 | Val Loss: 0.5458 | Val Acc: 0.7674 | No improvement: 0/5
Epoch 2/20 | Train Loss: 0.4950 | Train Acc: 0.7935 | Val Loss: 0.5310 | Val Acc: 0.7757 | No improvement: 0/5
Epoch 3/20 | Train Loss: 0.4873 | Train Acc: 0.7976 | Val Loss: 0.5256 | Val Acc: 0.7729 | No improvement: 1/5
Epoch 4/20 | Train Loss: 0.4832 | Train Acc: 0.7966 | Val Loss: 0.5321 | Val Acc: 0.7712 | No improvement: 2/5
Epoch 5/20 | Train Loss: 0.4783 | Train Acc: 0.7999 | Val Loss: 0.5274 | Val Acc: 0.7729 | No improvement: 3/5
Epoch 6/20 | Train Loss: 0.4749 | Train Acc: 0.8000 | Val Loss: 0.5225 | Val Acc: 0.7717 | No improvement: 4/5
Epoch 7/20 | Train Loss: 0.4727 | Train Acc: 0.8023 | Val Loss: 0.5274 | Val Acc: 0.7721 | No improvement: 5/5

Early stopping triggered after 7 epochs (5 epochs without improvement).

Best Val Acc: 0.7757  →  saved to optuna_trial_12.pth
  Trial  12 | bal_acc=0.7723 | Denisovan=0.614 | Neanderthal=0.930
