[32m[I 2026-05-05 00:21:30,530][0m Trial 33 finished with value: 0.7741945393032765 and parameters: {'num_conv_layers': 3, 'num_dense_layers': 1, 'filters_0': 64, 'filters_1': 256, 'filters_2': 32, 'width_0': 11, 'width_1': 11, 'width_2': 19, 'drop_conv_0': 0.4781554789138183, 'drop_conv_1': 0.2434007140151797, 'drop_conv_2': 0.16517184717738734, 'dense_0': 64, 'drop_dense_0': 0.549751925369037, 'lr': 0.00037221681333379775, 'weight_decay': 0.00023516932882896064}. Best is trial 26 with value: 0.7761937396231486.[0m
Epoch 1/20 | Train Loss: 0.5200 | Train Acc: 0.7831 | Val Loss: 0.5223 | Val Acc: 0.7667 | No improvement: 0/5
Epoch 2/20 | Train Loss: 0.4875 | Train Acc: 0.7988 | Val Loss: 0.5204 | Val Acc: 0.7641 | No improvement: 1/5
Epoch 3/20 | Train Loss: 0.4802 | Train Acc: 0.7994 | Val Loss: 0.5162 | Val Acc: 0.7649 | No improvement: 2/5
Epoch 4/20 | Train Loss: 0.4758 | Train Acc: 0.8007 | Val Loss: 0.5178 | Val Acc: 0.7639 | No improvement: 3/5
Epoch 5/20 | Train Loss: 0.4731 | Train Acc: 0.8042 | Val Loss: 0.5098 | Val Acc: 0.7686 | No improvement: 0/5
Epoch 6/20 | Train Loss: 0.4722 | Train Acc: 0.8032 | Val Loss: 0.5142 | Val Acc: 0.7680 | No improvement: 1/5
Epoch 7/20 | Train Loss: 0.4691 | Train Acc: 0.8049 | Val Loss: 0.5118 | Val Acc: 0.7706 | No improvement: 0/5
Epoch 8/20 | Train Loss: 0.4702 | Train Acc: 0.8034 | Val Loss: 0.5194 | Val Acc: 0.7659 | No improvement: 1/5
Epoch 9/20 | Train Loss: 0.4693 | Train Acc: 0.8048 | Val Loss: 0.5036 | Val Acc: 0.7737 | No improvement: 0/5
Epoch 10/20 | Train Loss: 0.4674 | Train Acc: 0.8061 | Val Loss: 0.5180 | Val Acc: 0.7663 | No improvement: 1/5
Epoch 11/20 | Train Loss: 0.4666 | Train Acc: 0.8069 | Val Loss: 0.5087 | Val Acc: 0.7725 | No improvement: 2/5
Epoch 12/20 | Train Loss: 0.4664 | Train Acc: 0.8051 | Val Loss: 0.5076 | Val Acc: 0.7723 | No improvement: 3/5
Epoch 13/20 | Train Loss: 0.4650 | Train Acc: 0.8070 | Val Loss: 0.5102 | Val Acc: 0.7745 | No improvement: 0/5
Epoch 14/20 | Train Loss: 0.4642 | Train Acc: 0.8059 | Val Loss: 0.5083 | Val Acc: 0.7739 | No improvement: 1/5
Epoch 15/20 | Train Loss: 0.4646 | Train Acc: 0.8061 | Val Loss: 0.5195 | Val Acc: 0.7655 | No improvement: 2/5
Epoch 16/20 | Train Loss: 0.4645 | Train Acc: 0.8056 | Val Loss: 0.5144 | Val Acc: 0.7684 | No improvement: 3/5
Epoch 17/20 | Train Loss: 0.4628 | Train Acc: 0.8070 | Val Loss: 0.5094 | Val Acc: 0.7733 | No improvement: 4/5
Epoch 18/20 | Train Loss: 0.4618 | Train Acc: 0.8075 | Val Loss: 0.5061 | Val Acc: 0.7694 | No improvement: 5/5

Early stopping triggered after 18 epochs (5 epochs without improvement).

Best Val Acc: 0.7745  →  saved to optuna_trial_34.pth
  Trial  34 | bal_acc=0.7723 | Denisovan=0.670 | Neanderthal=0.874
[32m[I 2026-05-05 00:24:50,138][0m Trial 34 finished with value: 0.7722981788495458 and parameters: {'num_conv_layers': 3, 'num_dense_layers': 1, 'filters_0': 64, 'filters_1': 256, 'filters_2': 32, 'width_0': 11, 'width_1': 11, 'width_2': 19, 'drop_conv_0': 0.4896886283707682, 'drop_conv_1': 0.2451554025566449, 'drop_conv_2': 0.1656925693762189, 'dense_0': 64, 'drop_dense_0': 0.548662998962644, 'lr': 0.0006467080970132119, 'weight_decay': 0.000229780355942007}. Best is trial 26 with value: 0.7761937396231486.[0m
Epoch 1/20 | Train Loss: 0.6126 | Train Acc: 0.7245 | Val Loss: 0.5528 | Val Acc: 0.7657 | No improvement: 0/5
Epoch 2/20 | Train Loss: 0.5184 | Train Acc: 0.7843 | Val Loss: 0.5434 | Val Acc: 0.7537 | No improvement: 1/5
Epoch 3/20 | Train Loss: 0.5046 | Train Acc: 0.7901 | Val Loss: 0.5358 | Val Acc: 0.7569 | No improvement: 2/5
Epoch 4/20 | Train Loss: 0.4952 | Train Acc: 0.7934 | Val Loss: 0.5557 | Val Acc: 0.7398 | No improvement: 3/5
Epoch 5/20 | Train Loss: 0.4923 | Train Acc: 0.7950 | Val Loss: 0.5416 | Val Acc: 0.7494 | No improvement: 4/5
Epoch 6/20 | Train Loss: 0.4876 | Train Acc: 0.7984 | Val Loss: 0.5469 | Val Acc: 0.7461 | No improvement: 5/5

Early stopping triggered after 6 epochs (5 epochs without improvement).

Best Val Acc: 0.7657  →  saved to optuna_trial_35.pth
  Trial  35 | bal_acc=0.7636 | Denisovan=0.666 | Neanderthal=0.861
[32m[I 2026-05-05 00:25:03,859][0m Trial 35 finished with value: 0.7636131351217341 and parameters: {'num_conv_layers': 3, 'num_dense_layers': 1, 'filters_0': 64, 'filters_1': 32, 'filters_2': 32, 'width_0': 11, 'width_1': 11, 'width_2': 19, 'drop_conv_0': 0.5540716502460021, 'drop_conv_1': 0.30117682402089074, 'drop_conv_2': 0.23361457637164396, 'dense_0': 64, 'drop_dense_0': 0.5210448152375479, 'lr': 0.00011301184731857838, 'weight_decay': 0.0009009905783033081}. Best is trial 26 with value: 0.7761937396231486.[0m
Epoch 1/20 | Train Loss: 0.5231 | Train Acc: 0.7836 | Val Loss: 0.5276 | Val Acc: 0.7733 | No improvement: 0/5
Epoch 2/20 | Train Loss: 0.4966 | Train Acc: 0.7940 | Val Loss: 0.5289 | Val Acc: 0.7721 | No improvement: 1/5
Epoch 3/20 | Train Loss: 0.4898 | Train Acc: 0.7967 | Val Loss: 0.5247 | Val Acc: 0.7629 | No improvement: 2/5
Epoch 4/20 | Train Loss: 0.4858 | Train Acc: 0.7983 | Val Loss: 0.5190 | Val Acc: 0.7747 | No improvement: 0/5
Epoch 5/20 | Train Loss: 0.4819 | Train Acc: 0.7999 | Val Loss: 0.5155 | Val Acc: 0.7753 | No improvement: 0/5
Epoch 6/20 | Train Loss: 0.4787 | Train Acc: 0.7990 | Val Loss: 0.5180 | Val Acc: 0.7653 | No improvement: 1/5
Epoch 7/20 | Train Loss: 0.4785 | Train Acc: 0.7999 | Val Loss: 0.5162 | Val Acc: 0.7684 | No improvement: 2/5
Epoch 8/20 | Train Loss: 0.4745 | Train Acc: 0.8018 | Val Loss: 0.5152 | Val Acc: 0.7684 | No improvement: 3/5
Epoch 9/20 | Train Loss: 0.4719 | Train Acc: 0.8038 | Val Loss: 0.5166 | Val Acc: 0.7663 | No improvement: 4/5
Epoch 10/20 | Train Loss: 0.4723 | Train Acc: 0.8036 | Val Loss: 0.5157 | Val Acc: 0.7712 | No improvement: 5/5

Early stopping triggered after 10 epochs (5 epochs without improvement).

Best Val Acc: 0.7753  →  saved to optuna_trial_36.pth
  Trial  36 | bal_acc=0.7725 | Denisovan=0.641 | Neanderthal=0.904
[32m[I 2026-05-05 00:26:54,992][0m Trial 36 finished with value: 0.7724873307461984 and parameters: {'num_conv_layers': 3, 'num_dense_layers': 2, 'filters_0': 64, 'filters_1': 256, 'filters_2': 32, 'width_0': 11, 'width_1': 11, 'width_2': 19, 'drop_conv_0': 0.4602668591870527, 'drop_conv_1': 0.24008362518056345, 'drop_conv_2': 0.21267902743640693, 'dense_0': 64, 'dense_1': 128, 'drop_dense_0': 0.5464798109250981, 'drop_dense_1': 0.4300990041972859, 'lr': 0.0010017261028359287, 'weight_decay': 0.00020210982075283873}. Best is trial 26 with value: 0.7761937396231486.[0m
Epoch 1/20 | Train Loss: 0.5257 | Train Acc: 0.7781 | Val Loss: 0.5240 | Val Acc: 0.7682 | No improvement: 0/5
Epoch 2/20 | Train Loss: 0.4887 | Train Acc: 0.7975 | Val Loss: 0.5223 | Val Acc: 0.7614 | No improvement: 1/5
Epoch 3/20 | Train Loss: 0.4823 | Train Acc: 0.7998 | Val Loss: 0.5169 | Val Acc: 0.7682 | No improvement: 2/5
Epoch 4/20 | Train Loss: 0.4748 | Train Acc: 0.8030 | Val Loss: 0.5092 | Val Acc: 0.7753 | No improvement: 0/5
Epoch 5/20 | Train Loss: 0.4694 | Train Acc: 0.8037 | Val Loss: 0.5091 | Val Acc: 0.7753 | No improvement: 1/5
Epoch 6/20 | Train Loss: 0.4672 | Train Acc: 0.8049 | Val Loss: 0.5096 | Val Acc: 0.7719 | No improvement: 2/5
Epoch 7/20 | Train Loss: 0.4667 | Train Acc: 0.8050 | Val Loss: 0.5114 | Val Acc: 0.7659 | No improvement: 3/5
Epoch 8/20 | Train Loss: 0.4650 | Train Acc: 0.8066 | Val Loss: 0.5061 | Val Acc: 0.7755 | No improvement: 0/5
Epoch 9/20 | Train Loss: 0.4625 | Train Acc: 0.8068 | Val Loss: 0.5149 | Val Acc: 0.7678 | No improvement: 1/5
Epoch 10/20 | Train Loss: 0.4623 | Train Acc: 0.8074 | Val Loss: 0.5281 | Val Acc: 0.7604 | No improvement: 2/5
Epoch 11/20 | Train Loss: 0.4610 | Train Acc: 0.8079 | Val Loss: 0.5262 | Val Acc: 0.7614 | No improvement: 3/5
Epoch 12/20 | Train Loss: 0.4598 | Train Acc: 0.8085 | Val Loss: 0.5107 | Val Acc: 0.7710 | No improvement: 4/5
Epoch 13/20 | Train Loss: 0.4592 | Train Acc: 0.8066 | Val Loss: 0.5071 | Val Acc: 0.7717 | No improvement: 5/5

Early stopping triggered after 13 epochs (5 epochs without improvement).

Best Val Acc: 0.7755  →  saved to optuna_trial_37.pth
  Trial  37 | bal_acc=0.7734 | Denisovan=0.674 | Neanderthal=0.873
[32m[I 2026-05-05 00:27:24,479][0m Trial 37 finished with value: 0.7733774131266073 and parameters: {'num_conv_layers': 3, 'num_dense_layers': 1, 'filters_0': 64, 'filters_1': 32, 'filters_2': 32, 'width_0': 15, 'width_1': 11, 'width_2': 19, 'drop_conv_0': 0.4374432105964895, 'drop_conv_1': 0.14377375608967882, 'drop_conv_2': 0.26827116021910224, 'dense_0': 64, 'drop_dense_0': 0.47097789361012987, 'lr': 0.00045742245485080115, 'weight_decay': 0.0003544543194825521}. Best is trial 26 with value: 0.7761937396231486.[0m
Epoch 1/20 | Train Loss: 0.5485 | Train Acc: 0.7654 | Val Loss: 0.5357 | Val Acc: 0.7655 | No improvement: 0/5
Epoch 2/20 | Train Loss: 0.5015 | Train Acc: 0.7922 | Val Loss: 0.5395 | Val Acc: 0.7604 | No improvement: 1/5
Epoch 3/20 | Train Loss: 0.4906 | Train Acc: 0.7966 | Val Loss: 0.5297 | Val Acc: 0.7684 | No improvement: 0/5
Epoch 4/20 | Train Loss: 0.4809 | Train Acc: 0.7994 | Val Loss: 0.5220 | Val Acc: 0.7684 | No improvement: 1/5
Epoch 5/20 | Train Loss: 0.4768 | Train Acc: 0.8010 | Val Loss: 0.5199 | Val Acc: 0.7704 | No improvement: 0/5
Epoch 6/20 | Train Loss: 0.4758 | Train Acc: 0.8020 | Val Loss: 0.5132 | Val Acc: 0.7755 | No improvement: 0/5
Epoch 7/20 | Train Loss: 0.4714 | Train Acc: 0.8045 | Val Loss: 0.5135 | Val Acc: 0.7788 | No improvement: 0/5
Epoch 8/20 | Train Loss: 0.4707 | Train Acc: 0.8025 | Val Loss: 0.5303 | Val Acc: 0.7569 | No improvement: 1/5
Epoch 9/20 | Train Loss: 0.4701 | Train Acc: 0.8022 | Val Loss: 0.5402 | Val Acc: 0.7661 | No improvement: 2/5
Epoch 10/20 | Train Loss: 0.4673 | Train Acc: 0.8036 | Val Loss: 0.5145 | Val Acc: 0.7774 | No improvement: 3/5
Epoch 11/20 | Train Loss: 0.4671 | Train Acc: 0.8042 | Val Loss: 0.5188 | Val Acc: 0.7757 | No improvement: 4/5
Epoch 12/20 | Train Loss: 0.4657 | Train Acc: 0.8042 | Val Loss: 0.5179 | Val Acc: 0.7747 | No improvement: 5/5

Early stopping triggered after 12 epochs (5 epochs without improvement).

Best Val Acc: 0.7788  →  saved to optuna_trial_38.pth
  Trial  38 | bal_acc=0.7759 | Denisovan=0.642 | Neanderthal=0.910
[32m[I 2026-05-05 00:28:03,602][0m Trial 38 finished with value: 0.7758948195252171 and parameters: {'num_conv_layers': 4, 'num_dense_layers': 2, 'filters_0': 64, 'filters_1': 64, 'filters_2': 32, 'filters_3': 128, 'width_0': 11, 'width_1': 11, 'width_2': 19, 'width_3': 9, 'drop_conv_0': 0.507792466017301, 'drop_conv_1': 0.28885326080358587, 'drop_conv_2': 0.14700636571588066, 'drop_conv_3': 0.32749004865085896, 'dense_0': 64, 'dense_1': 256, 'drop_dense_0': 0.4999196793151197, 'drop_dense_1': 0.3729910662769417, 'lr': 0.00022997531640696657, 'weight_decay': 0.001424926334582546}. Best is trial 26 with value: 0.7761937396231486.[0m
Epoch 1/20 | Train Loss: 0.5956 | Train Acc: 0.7310 | Val Loss: 0.5613 | Val Acc: 0.7625 | No improvement: 0/5
Epoch 2/20 | Train Loss: 0.5219 | Train Acc: 0.7831 | Val Loss: 0.5444 | Val Acc: 0.7631 | No improvement: 0/5
Epoch 3/20 | Train Loss: 0.5131 | Train Acc: 0.7846 | Val Loss: 0.5418 | Val Acc: 0.7670 | No improvement: 0/5
Epoch 4/20 | Train Loss: 0.5066 | Train Acc: 0.7884 | Val Loss: 0.5378 | Val Acc: 0.7698 | No improvement: 0/5
Epoch 5/20 | Train Loss: 0.5030 | Train Acc: 0.7898 | Val Loss: 0.5342 | Val Acc: 0.7637 | No improvement: 1/5
Epoch 6/20 | Train Loss: 0.4985 | Train Acc: 0.7912 | Val Loss: 0.5385 | Val Acc: 0.7674 | No improvement: 2/5
Epoch 7/20 | Train Loss: 0.4946 | Train Acc: 0.7935 | Val Loss: 0.5322 | Val Acc: 0.7670 | No improvement: 3/5
Epoch 8/20 | Train Loss: 0.4937 | Train Acc: 0.7953 | Val Loss: 0.5352 | Val Acc: 0.7610 | No improvement: 4/5
Epoch 9/20 | Train Loss: 0.4901 | Train Acc: 0.7959 | Val Loss: 0.5443 | Val Acc: 0.7506 | No improvement: 5/5

Early stopping triggered after 9 epochs (5 epochs without improvement).

Best Val Acc: 0.7698  →  saved to optuna_trial_39.pth
  Trial  39 | bal_acc=0.7667 | Denisovan=0.623 | Neanderthal=0.911
[32m[I 2026-05-05 00:29:08,288][0m Trial 39 finished with value: 0.7666913192969159 and parameters: {'num_conv_layers': 4, 'num_dense_layers': 2, 'filters_0': 128, 'filters_1': 64, 'filters_2': 32, 'filters_3': 128, 'width_0': 11, 'width_1': 11, 'width_2': 5, 'width_3': 9, 'drop_conv_0': 0.59899210513422, 'drop_conv_1': 0.2962843220494179, 'drop_conv_2': 0.3369250293710337, 'drop_conv_3': 0.3271758607366546, 'dense_0': 64, 'dense_1': 256, 'drop_dense_0': 0.4918474229167779, 'drop_dense_1': 0.37709155272588746, 'lr': 8.807763828219782e-05, 'weight_decay': 0.0017257913191760991}. Best is trial 26 with value: 0.7761937396231486.[0m
Epoch 1/20 | Train Loss: 0.6202 | Train Acc: 0.7114 | Val Loss: 0.5539 | Val Acc: 0.7590 | No improvement: 0/5
Epoch 2/20 | Train Loss: 0.5162 | Train Acc: 0.7851 | Val Loss: 0.5390 | Val Acc: 0.7639 | No improvement: 0/5
Epoch 3/20 | Train Loss: 0.5052 | Train Acc: 0.7924 | Val Loss: 0.5350 | Val Acc: 0.7631 | No improvement: 1/5
Epoch 4/20 | Train Loss: 0.4984 | Train Acc: 0.7951 | Val Loss: 0.5351 | Val Acc: 0.7625 | No improvement: 2/5
Epoch 5/20 | Train Loss: 0.4937 | Train Acc: 0.7971 | Val Loss: 0.5364 | Val Acc: 0.7647 | No improvement: 0/5
Epoch 6/20 | Train Loss: 0.4889 | Train Acc: 0.7993 | Val Loss: 0.5314 | Val Acc: 0.7661 | No improvement: 0/5
Epoch 7/20 | Train Loss: 0.4845 | Train Acc: 0.7993 | Val Loss: 0.5268 | Val Acc: 0.7641 | No improvement: 1/5
Epoch 8/20 | Train Loss: 0.4822 | Train Acc: 0.8023 | Val Loss: 0.5245 | Val Acc: 0.7651 | No improvement: 2/5
Epoch 9/20 | Train Loss: 0.4821 | Train Acc: 0.7996 | Val Loss: 0.5264 | Val Acc: 0.7708 | No improvement: 0/5
Epoch 10/20 | Train Loss: 0.4776 | Train Acc: 0.8005 | Val Loss: 0.5222 | Val Acc: 0.7682 | No improvement: 1/5
Epoch 11/20 | Train Loss: 0.4735 | Train Acc: 0.8026 | Val Loss: 0.5217 | Val Acc: 0.7661 | No improvement: 2/5
Epoch 12/20 | Train Loss: 0.4728 | Train Acc: 0.8032 | Val Loss: 0.5230 | Val Acc: 0.7680 | No improvement: 3/5
Epoch 13/20 | Train Loss: 0.4700 | Train Acc: 0.8044 | Val Loss: 0.5254 | Val Acc: 0.7633 | No improvement: 4/5
Epoch 14/20 | Train Loss: 0.4703 | Train Acc: 0.8043 | Val Loss: 0.5189 | Val Acc: 0.7661 | No improvement: 5/5

Early stopping triggered after 14 epochs (5 epochs without improvement).

Best Val Acc: 0.7708  →  saved to optuna_trial_40.pth
  Trial  40 | bal_acc=0.7676 | Denisovan=0.617 | Neanderthal=0.918
[32m[I 2026-05-05 00:29:56,728][0m Trial 40 finished with value: 0.7675758923987817 and parameters: {'num_conv_layers': 4, 'num_dense_layers': 2, 'filters_0': 64, 'filters_1': 64, 'filters_2': 32, 'filters_3': 128, 'width_0': 15, 'width_1': 15, 'width_2': 19, 'width_3': 11, 'drop_conv_0': 0.5225399688051813, 'drop_conv_1': 0.17931419750503555, 'drop_conv_2': 0.134315789724122, 'drop_conv_3': 0.40007553314207106, 'dense_0': 64, 'dense_1': 256, 'drop_dense_0': 0.4488574411202721, 'drop_dense_1': 0.43310549705475526, 'lr': 4.7867961380959956e-05, 'weight_decay': 0.0012732180493652382}. Best is trial 26 with value: 0.7761937396231486.[0m
Epoch 1/20 | Train Loss: 0.5239 | Train Acc: 0.7870 | Val Loss: 0.5789 | Val Acc: 0.7228 | No improvement: 0/5
Epoch 2/20 | Train Loss: 0.5088 | Train Acc: 0.7926 | Val Loss: 0.5818 | Val Acc: 0.7541 | No improvement: 0/5
Epoch 3/20 | Train Loss: 0.5049 | Train Acc: 0.7935 | Val Loss: 0.6113 | Val Acc: 0.7490 | No improvement: 1/5
Epoch 4/20 | Train Loss: 0.4995 | Train Acc: 0.7960 | Val Loss: 0.6103 | Val Acc: 0.7498 | No improvement: 2/5
Epoch 5/20 | Train Loss: 0.4963 | Train Acc: 0.7968 | Val Loss: 0.5650 | Val Acc: 0.7667 | No improvement: 0/5
Epoch 6/20 | Train Loss: 0.4970 | Train Acc: 0.7965 | Val Loss: 0.5973 | Val Acc: 0.7559 | No improvement: 1/5
Epoch 7/20 | Train Loss: 0.4966 | Train Acc: 0.7967 | Val Loss: 0.6194 | Val Acc: 0.7398 | No improvement: 2/5
Epoch 8/20 | Train Loss: 0.4940 | Train Acc: 0.7985 | Val Loss: 0.6078 | Val Acc: 0.7706 | No improvement: 0/5
Epoch 9/20 | Train Loss: 0.4959 | Train Acc: 0.7978 | Val Loss: 0.6028 | Val Acc: 0.7492 | No improvement: 1/5
Epoch 10/20 | Train Loss: 0.4967 | Train Acc: 0.7966 | Val Loss: 0.5962 | Val Acc: 0.7522 | No improvement: 2/5
Epoch 11/20 | Train Loss: 0.4947 | Train Acc: 0.7977 | Val Loss: 0.5863 | Val Acc: 0.7684 | No improvement: 3/5
Epoch 12/20 | Train Loss: 0.4947 | Train Acc: 0.7969 | Val Loss: 0.5745 | Val Acc: 0.7686 | No improvement: 4/5
Epoch 13/20 | Train Loss: 0.4954 | Train Acc: 0.7976 | Val Loss: 0.5566 | Val Acc: 0.7733 | No improvement: 0/5
Epoch 14/20 | Train Loss: 0.4951 | Train Acc: 0.7969 | Val Loss: 0.5478 | Val Acc: 0.7680 | No improvement: 1/5
Epoch 15/20 | Train Loss: 0.4958 | Train Acc: 0.7981 | Val Loss: 0.5800 | Val Acc: 0.7717 | No improvement: 2/5
Epoch 16/20 | Train Loss: 0.4957 | Train Acc: 0.7980 | Val Loss: 0.5543 | Val Acc: 0.7702 | No improvement: 3/5
Epoch 17/20 | Train Loss: 0.4947 | Train Acc: 0.7969 | Val Loss: 0.5684 | Val Acc: 0.7641 | No improvement: 4/5
Epoch 18/20 | Train Loss: 0.4950 | Train Acc: 0.7981 | Val Loss: 0.5725 | Val Acc: 0.7643 | No improvement: 5/5

Early stopping triggered after 18 epochs (5 epochs without improvement).

Best Val Acc: 0.7733  →  saved to optuna_trial_41.pth
  Trial  41 | bal_acc=0.7698 | Denisovan=0.608 | Neanderthal=0.932
[32m[I 2026-05-05 00:33:29,627][0m Trial 41 finished with value: 0.7697802716074322 and parameters: {'num_conv_layers': 4, 'num_dense_layers': 3, 'filters_0': 64, 'filters_1': 64, 'filters_2': 256, 'filters_3': 64, 'width_0': 15, 'width_1': 19, 'width_2': 19, 'width_3': 9, 'drop_conv_0': 0.2141083336084131, 'drop_conv_1': 0.26689111362285906, 'drop_conv_2': 0.18910795373113648, 'drop_conv_3': 0.5830358030481264, 'dense_0': 64, 'dense_1': 256, 'dense_2': 128, 'drop_dense_0': 0.48346402091441143, 'drop_dense_1': 0.4922284201971881, 'drop_dense_2': 0.3677689647205267, 'lr': 0.001406870500611575, 'weight_decay': 0.0026585195861200464}. Best is trial 26 with value: 0.7761937396231486.[0m
Epoch 1/20 | Train Loss: 0.5450 | Train Acc: 0.7689 | Val Loss: 0.5339 | Val Acc: 0.7623 | No improvement: 0/5
Epoch 2/20 | Train Loss: 0.4993 | Train Acc: 0.7922 | Val Loss: 0.5272 | Val Acc: 0.7659 | No improvement: 0/5
Epoch 3/20 | Train Loss: 0.4930 | Train Acc: 0.7952 | Val Loss: 0.5305 | Val Acc: 0.7614 | No improvement: 1/5
Epoch 4/20 | Train Loss: 0.4865 | Train Acc: 0.7997 | Val Loss: 0.5216 | Val Acc: 0.7696 | No improvement: 0/5
Epoch 5/20 | Train Loss: 0.4822 | Train Acc: 0.8005 | Val Loss: 0.5144 | Val Acc: 0.7676 | No improvement: 1/5
Epoch 6/20 | Train Loss: 0.4773 | Train Acc: 0.8005 | Val Loss: 0.5128 | Val Acc: 0.7710 | No improvement: 0/5
Epoch 7/20 | Train Loss: 0.4744 | Train Acc: 0.8025 | Val Loss: 0.5083 | Val Acc: 0.7731 | No improvement: 0/5
Epoch 8/20 | Train Loss: 0.4691 | Train Acc: 0.8046 | Val Loss: 0.5156 | Val Acc: 0.7670 | No improvement: 1/5
Epoch 9/20 | Train Loss: 0.4706 | Train Acc: 0.8045 | Val Loss: 0.5138 | Val Acc: 0.7661 | No improvement: 2/5
Epoch 10/20 | Train Loss: 0.4693 | Train Acc: 0.8052 | Val Loss: 0.5046 | Val Acc: 0.7725 | No improvement: 3/5
Epoch 11/20 | Train Loss: 0.4671 | Train Acc: 0.8038 | Val Loss: 0.5036 | Val Acc: 0.7708 | No improvement: 4/5
Epoch 12/20 | Train Loss: 0.4653 | Train Acc: 0.8058 | Val Loss: 0.5047 | Val Acc: 0.7700 | No improvement: 5/5

Early stopping triggered after 12 epochs (5 epochs without improvement).

Best Val Acc: 0.7731  →  saved to optuna_trial_42.pth
  Trial  42 | bal_acc=0.7700 | Denisovan=0.630 | Neanderthal=0.910
[32m[I 2026-05-05 00:34:00,582][0m Trial 42 finished with value: 0.7700493080429623 and parameters: {'num_conv_layers': 3, 'num_dense_layers': 1, 'filters_0': 64, 'filters_1': 64, 'filters_2': 32, 'width_0': 11, 'width_1': 11, 'width_2': 19, 'drop_conv_0': 0.4914558486129039, 'drop_conv_1': 0.356432329854216, 'drop_conv_2': 0.16526759750537717, 'dense_0': 64, 'drop_dense_0': 0.5171292859753588, 'lr': 0.00024871395557096173, 'weight_decay': 0.0008461871416773127}. Best is trial 26 with value: 0.7761937396231486.[0m
Epoch 1/20 | Train Loss: 0.5237 | Train Acc: 0.7797 | Val Loss: 0.5266 | Val Acc: 0.7692 | No improvement: 0/5
Epoch 2/20 | Train Loss: 0.4927 | Train Acc: 0.7945 | Val Loss: 0.5223 | Val Acc: 0.7704 | No improvement: 0/5
Epoch 3/20 | Train Loss: 0.4865 | Train Acc: 0.7992 | Val Loss: 0.5202 | Val Acc: 0.7759 | No improvement: 0/5
Epoch 4/20 | Train Loss: 0.4832 | Train Acc: 0.8006 | Val Loss: 0.5161 | Val Acc: 0.7702 | No improvement: 1/5
Epoch 5/20 | Train Loss: 0.4777 | Train Acc: 0.8005 | Val Loss: 0.5182 | Val Acc: 0.7721 | No improvement: 2/5
Epoch 6/20 | Train Loss: 0.4755 | Train Acc: 0.8005 | Val Loss: 0.5137 | Val Acc: 0.7696 | No improvement: 3/5
Epoch 7/20 | Train Loss: 0.4754 | Train Acc: 0.8008 | Val Loss: 0.5152 | Val Acc: 0.7708 | No improvement: 4/5
Epoch 8/20 | Train Loss: 0.4715 | Train Acc: 0.8029 | Val Loss: 0.5204 | Val Acc: 0.7688 | No improvement: 5/5

Early stopping triggered after 8 epochs (5 epochs without improvement).

Best Val Acc: 0.7759  →  saved to optuna_trial_43.pth
  Trial  43 | bal_acc=0.7728 | Denisovan=0.629 | Neanderthal=0.917
