[32m[I 2026-05-05 00:34:19,176][0m Trial 43 finished with value: 0.7728216437850747 and parameters: {'num_conv_layers': 3, 'num_dense_layers': 2, 'filters_0': 64, 'filters_1': 32, 'filters_2': 32, 'width_0': 11, 'width_1': 11, 'width_2': 19, 'drop_conv_0': 0.5667640208868835, 'drop_conv_1': 0.23396946942226746, 'drop_conv_2': 0.12290033778760928, 'dense_0': 64, 'dense_1': 256, 'drop_dense_0': 0.5325174963845623, 'drop_dense_1': 0.34041133988647265, 'lr': 0.0008492794352322881, 'weight_decay': 0.00027228769360106625}. Best is trial 26 with value: 0.7761937396231486.[0m
Epoch 1/20 | Train Loss: 0.5290 | Train Acc: 0.7774 | Val Loss: 0.5290 | Val Acc: 0.7721 | No improvement: 0/5
Epoch 2/20 | Train Loss: 0.4955 | Train Acc: 0.7952 | Val Loss: 0.5222 | Val Acc: 0.7700 | No improvement: 1/5
Epoch 3/20 | Train Loss: 0.4881 | Train Acc: 0.7984 | Val Loss: 0.5147 | Val Acc: 0.7731 | No improvement: 0/5
Epoch 4/20 | Train Loss: 0.4813 | Train Acc: 0.8014 | Val Loss: 0.5169 | Val Acc: 0.7637 | No improvement: 1/5
Epoch 5/20 | Train Loss: 0.4749 | Train Acc: 0.8029 | Val Loss: 0.5106 | Val Acc: 0.7704 | No improvement: 2/5
Epoch 6/20 | Train Loss: 0.4744 | Train Acc: 0.8036 | Val Loss: 0.5142 | Val Acc: 0.7663 | No improvement: 3/5
Epoch 7/20 | Train Loss: 0.4715 | Train Acc: 0.8039 | Val Loss: 0.5096 | Val Acc: 0.7741 | No improvement: 0/5
Epoch 8/20 | Train Loss: 0.4708 | Train Acc: 0.8048 | Val Loss: 0.5082 | Val Acc: 0.7749 | No improvement: 0/5
Epoch 9/20 | Train Loss: 0.4693 | Train Acc: 0.8052 | Val Loss: 0.5116 | Val Acc: 0.7665 | No improvement: 1/5
Epoch 10/20 | Train Loss: 0.4712 | Train Acc: 0.8030 | Val Loss: 0.5078 | Val Acc: 0.7731 | No improvement: 2/5
Epoch 11/20 | Train Loss: 0.4704 | Train Acc: 0.8050 | Val Loss: 0.5224 | Val Acc: 0.7610 | No improvement: 3/5
Epoch 12/20 | Train Loss: 0.4678 | Train Acc: 0.8061 | Val Loss: 0.5058 | Val Acc: 0.7743 | No improvement: 4/5
Epoch 13/20 | Train Loss: 0.4660 | Train Acc: 0.8056 | Val Loss: 0.5121 | Val Acc: 0.7737 | No improvement: 5/5

Early stopping triggered after 13 epochs (5 epochs without improvement).

Best Val Acc: 0.7749  →  saved to optuna_trial_44.pth
  Trial  44 | bal_acc=0.7715 | Denisovan=0.616 | Neanderthal=0.927
[32m[I 2026-05-05 00:34:52,612][0m Trial 44 finished with value: 0.7715477483328171 and parameters: {'num_conv_layers': 3, 'num_dense_layers': 1, 'filters_0': 64, 'filters_1': 64, 'filters_2': 32, 'width_0': 11, 'width_1': 11, 'width_2': 19, 'drop_conv_0': 0.4236658089785664, 'drop_conv_1': 0.1959513538268704, 'drop_conv_2': 0.16754335635220885, 'dense_0': 64, 'drop_dense_0': 0.5573405432146851, 'lr': 0.0004123864776849013, 'weight_decay': 0.00155447445249998}. Best is trial 26 with value: 0.7761937396231486.[0m
Epoch 1/20 | Train Loss: 0.5356 | Train Acc: 0.7725 | Val Loss: 0.5266 | Val Acc: 0.7667 | No improvement: 0/5
Epoch 2/20 | Train Loss: 0.4941 | Train Acc: 0.7929 | Val Loss: 0.5385 | Val Acc: 0.7561 | No improvement: 1/5
Epoch 3/20 | Train Loss: 0.4827 | Train Acc: 0.8002 | Val Loss: 0.5170 | Val Acc: 0.7678 | No improvement: 0/5
Epoch 4/20 | Train Loss: 0.4790 | Train Acc: 0.7977 | Val Loss: 0.5248 | Val Acc: 0.7621 | No improvement: 1/5
Epoch 5/20 | Train Loss: 0.4754 | Train Acc: 0.8011 | Val Loss: 0.5113 | Val Acc: 0.7692 | No improvement: 0/5
Epoch 6/20 | Train Loss: 0.4700 | Train Acc: 0.8035 | Val Loss: 0.5078 | Val Acc: 0.7723 | No improvement: 0/5
Epoch 7/20 | Train Loss: 0.4681 | Train Acc: 0.8036 | Val Loss: 0.5080 | Val Acc: 0.7717 | No improvement: 1/5
Epoch 8/20 | Train Loss: 0.4656 | Train Acc: 0.8062 | Val Loss: 0.5052 | Val Acc: 0.7735 | No improvement: 0/5
Epoch 9/20 | Train Loss: 0.4659 | Train Acc: 0.8041 | Val Loss: 0.5162 | Val Acc: 0.7635 | No improvement: 1/5
Epoch 10/20 | Train Loss: 0.4616 | Train Acc: 0.8066 | Val Loss: 0.5163 | Val Acc: 0.7651 | No improvement: 2/5
Epoch 11/20 | Train Loss: 0.4616 | Train Acc: 0.8059 | Val Loss: 0.5057 | Val Acc: 0.7725 | No improvement: 3/5
Epoch 12/20 | Train Loss: 0.4586 | Train Acc: 0.8072 | Val Loss: 0.5015 | Val Acc: 0.7776 | No improvement: 0/5
Epoch 13/20 | Train Loss: 0.4591 | Train Acc: 0.8061 | Val Loss: 0.5007 | Val Acc: 0.7751 | No improvement: 1/5
Epoch 14/20 | Train Loss: 0.4570 | Train Acc: 0.8068 | Val Loss: 0.5019 | Val Acc: 0.7753 | No improvement: 2/5
Epoch 15/20 | Train Loss: 0.4583 | Train Acc: 0.8070 | Val Loss: 0.5062 | Val Acc: 0.7737 | No improvement: 3/5
Epoch 16/20 | Train Loss: 0.4577 | Train Acc: 0.8079 | Val Loss: 0.5061 | Val Acc: 0.7743 | No improvement: 4/5
Epoch 17/20 | Train Loss: 0.4565 | Train Acc: 0.8094 | Val Loss: 0.5115 | Val Acc: 0.7723 | No improvement: 5/5

Early stopping triggered after 17 epochs (5 epochs without improvement).

Best Val Acc: 0.7776  →  saved to optuna_trial_45.pth
  Trial  45 | bal_acc=0.7750 | Denisovan=0.654 | Neanderthal=0.896
[32m[I 2026-05-05 00:35:42,952][0m Trial 45 finished with value: 0.7749607463903792 and parameters: {'num_conv_layers': 4, 'num_dense_layers': 1, 'filters_0': 64, 'filters_1': 32, 'filters_2': 32, 'filters_3': 128, 'width_0': 11, 'width_1': 11, 'width_2': 19, 'width_3': 15, 'drop_conv_0': 0.5302958886597708, 'drop_conv_1': 0.27585687500577255, 'drop_conv_2': 0.13081322799445058, 'drop_conv_3': 0.27064763051972585, 'dense_0': 64, 'drop_dense_0': 0.32214745261695926, 'lr': 0.0002013818406110806, 'weight_decay': 0.0004623818773603773}. Best is trial 26 with value: 0.7761937396231486.[0m
Epoch 1/20 | Train Loss: 0.5468 | Train Acc: 0.7613 | Val Loss: 0.7361 | Val Acc: 0.6291 | No improvement: 0/5
Epoch 2/20 | Train Loss: 0.5010 | Train Acc: 0.7916 | Val Loss: 0.6204 | Val Acc: 0.7010 | No improvement: 0/5
Epoch 3/20 | Train Loss: 0.4930 | Train Acc: 0.7962 | Val Loss: 0.6017 | Val Acc: 0.6973 | No improvement: 1/5
Epoch 4/20 | Train Loss: 0.4891 | Train Acc: 0.7964 | Val Loss: 0.6034 | Val Acc: 0.7063 | No improvement: 0/5
Epoch 5/20 | Train Loss: 0.4836 | Train Acc: 0.7995 | Val Loss: 0.5637 | Val Acc: 0.7286 | No improvement: 0/5
Epoch 6/20 | Train Loss: 0.4824 | Train Acc: 0.7990 | Val Loss: 0.5739 | Val Acc: 0.7196 | No improvement: 1/5
Epoch 7/20 | Train Loss: 0.4781 | Train Acc: 0.8006 | Val Loss: 0.5748 | Val Acc: 0.7275 | No improvement: 2/5
Epoch 8/20 | Train Loss: 0.4786 | Train Acc: 0.8001 | Val Loss: 0.5884 | Val Acc: 0.7167 | No improvement: 3/5
Epoch 9/20 | Train Loss: 0.4751 | Train Acc: 0.8020 | Val Loss: 0.5470 | Val Acc: 0.7498 | No improvement: 0/5
Epoch 10/20 | Train Loss: 0.4742 | Train Acc: 0.8015 | Val Loss: 0.5741 | Val Acc: 0.7257 | No improvement: 1/5
Epoch 11/20 | Train Loss: 0.4724 | Train Acc: 0.8033 | Val Loss: 0.5670 | Val Acc: 0.7304 | No improvement: 2/5
Epoch 12/20 | Train Loss: 0.4705 | Train Acc: 0.8033 | Val Loss: 0.5509 | Val Acc: 0.7441 | No improvement: 3/5
Epoch 13/20 | Train Loss: 0.4702 | Train Acc: 0.8034 | Val Loss: 0.5433 | Val Acc: 0.7484 | No improvement: 4/5
Epoch 14/20 | Train Loss: 0.4703 | Train Acc: 0.8029 | Val Loss: 0.5662 | Val Acc: 0.7384 | No improvement: 5/5

Early stopping triggered after 14 epochs (5 epochs without improvement).

Best Val Acc: 0.7498  →  saved to optuna_trial_46.pth
  Trial  46 | bal_acc=0.7489 | Denisovan=0.709 | Neanderthal=0.788
[32m[I 2026-05-05 00:36:32,201][0m Trial 46 finished with value: 0.7489395890912947 and parameters: {'num_conv_layers': 4, 'num_dense_layers': 3, 'filters_0': 32, 'filters_1': 32, 'filters_2': 64, 'filters_3': 128, 'width_0': 15, 'width_1': 7, 'width_2': 11, 'width_3': 15, 'drop_conv_0': 0.5288114098495893, 'drop_conv_1': 0.2844413116090591, 'drop_conv_2': 0.20486511878383845, 'drop_conv_3': 0.2712462859349231, 'dense_0': 256, 'dense_1': 256, 'dense_2': 128, 'drop_dense_0': 0.33333151871926403, 'drop_dense_1': 0.3876637568845895, 'drop_dense_2': 0.4937606314877432, 'lr': 0.0002056747997142202, 'weight_decay': 0.0011295086351305723}. Best is trial 26 with value: 0.7761937396231486.[0m
Epoch 1/20 | Train Loss: 0.5165 | Train Acc: 0.7846 | Val Loss: 0.5255 | Val Acc: 0.7631 | No improvement: 0/5
Epoch 2/20 | Train Loss: 0.4885 | Train Acc: 0.7969 | Val Loss: 0.5264 | Val Acc: 0.7672 | No improvement: 0/5
Epoch 3/20 | Train Loss: 0.4833 | Train Acc: 0.7996 | Val Loss: 0.5214 | Val Acc: 0.7745 | No improvement: 0/5
Epoch 4/20 | Train Loss: 0.4785 | Train Acc: 0.8012 | Val Loss: 0.5254 | Val Acc: 0.7670 | No improvement: 1/5
Epoch 5/20 | Train Loss: 0.4795 | Train Acc: 0.8006 | Val Loss: 0.5277 | Val Acc: 0.7714 | No improvement: 2/5
Epoch 6/20 | Train Loss: 0.4777 | Train Acc: 0.8003 | Val Loss: 0.5345 | Val Acc: 0.7672 | No improvement: 3/5
Epoch 7/20 | Train Loss: 0.4780 | Train Acc: 0.8015 | Val Loss: 0.5539 | Val Acc: 0.7651 | No improvement: 4/5
Epoch 8/20 | Train Loss: 0.4768 | Train Acc: 0.8001 | Val Loss: 0.5281 | Val Acc: 0.7737 | No improvement: 5/5

Early stopping triggered after 8 epochs (5 epochs without improvement).

Best Val Acc: 0.7745  →  saved to optuna_trial_47.pth
  Trial  47 | bal_acc=0.7715 | Denisovan=0.632 | Neanderthal=0.911
[32m[I 2026-05-05 00:37:23,776][0m Trial 47 finished with value: 0.7714929894430538 and parameters: {'num_conv_layers': 4, 'num_dense_layers': 2, 'filters_0': 128, 'filters_1': 32, 'filters_2': 128, 'filters_3': 128, 'width_0': 11, 'width_1': 11, 'width_2': 15, 'width_3': 15, 'drop_conv_0': 0.572812761784133, 'drop_conv_1': 0.31258977086128353, 'drop_conv_2': 0.12741540534015758, 'drop_conv_3': 0.2801610751508723, 'dense_0': 64, 'dense_1': 256, 'drop_dense_0': 0.3378005122249684, 'drop_dense_1': 0.4142564868024522, 'lr': 0.0006175472439856367, 'weight_decay': 0.0005536679039248671}. Best is trial 26 with value: 0.7761937396231486.[0m
Epoch 1/20 | Train Loss: 0.5314 | Train Acc: 0.7815 | Val Loss: 0.5457 | Val Acc: 0.7512 | No improvement: 0/5
Epoch 2/20 | Train Loss: 0.5058 | Train Acc: 0.7910 | Val Loss: 0.5721 | Val Acc: 0.7253 | No improvement: 1/5
Epoch 3/20 | Train Loss: 0.5002 | Train Acc: 0.7951 | Val Loss: 0.5577 | Val Acc: 0.7337 | No improvement: 2/5
Epoch 4/20 | Train Loss: 0.5004 | Train Acc: 0.7956 | Val Loss: 0.5611 | Val Acc: 0.7410 | No improvement: 3/5
Epoch 5/20 | Train Loss: 0.5008 | Train Acc: 0.7942 | Val Loss: 0.5693 | Val Acc: 0.7286 | No improvement: 4/5
Epoch 6/20 | Train Loss: 0.5010 | Train Acc: 0.7935 | Val Loss: 0.5517 | Val Acc: 0.7465 | No improvement: 5/5

Early stopping triggered after 6 epochs (5 epochs without improvement).

Best Val Acc: 0.7512  →  saved to optuna_trial_48.pth
  Trial  48 | bal_acc=0.7492 | Denisovan=0.656 | Neanderthal=0.842
[32m[I 2026-05-05 00:37:41,902][0m Trial 48 finished with value: 0.7492153034402105 and parameters: {'num_conv_layers': 4, 'num_dense_layers': 1, 'filters_0': 64, 'filters_1': 32, 'filters_2': 32, 'filters_3': 128, 'width_0': 9, 'width_1': 19, 'width_2': 7, 'width_3': 9, 'drop_conv_0': 0.5041584323949126, 'drop_conv_1': 0.16132381840412413, 'drop_conv_2': 0.10077367656178882, 'drop_conv_3': 0.3589481863806171, 'dense_0': 64, 'drop_dense_0': 0.3606095925369013, 'lr': 0.0027880223435600635, 'weight_decay': 0.0004231345678710797}. Best is trial 26 with value: 0.7761937396231486.[0m
Epoch 1/20 | Train Loss: 0.5550 | Train Acc: 0.7579 | Val Loss: 0.5324 | Val Acc: 0.7667 | No improvement: 0/5
Epoch 2/20 | Train Loss: 0.4998 | Train Acc: 0.7927 | Val Loss: 0.5263 | Val Acc: 0.7690 | No improvement: 0/5
Epoch 3/20 | Train Loss: 0.4946 | Train Acc: 0.7956 | Val Loss: 0.5234 | Val Acc: 0.7717 | No improvement: 0/5
Epoch 4/20 | Train Loss: 0.4876 | Train Acc: 0.7981 | Val Loss: 0.5254 | Val Acc: 0.7682 | No improvement: 1/5
Epoch 5/20 | Train Loss: 0.4842 | Train Acc: 0.7990 | Val Loss: 0.5250 | Val Acc: 0.7680 | No improvement: 2/5
Epoch 6/20 | Train Loss: 0.4788 | Train Acc: 0.8007 | Val Loss: 0.5156 | Val Acc: 0.7694 | No improvement: 3/5
Epoch 7/20 | Train Loss: 0.4740 | Train Acc: 0.8027 | Val Loss: 0.5120 | Val Acc: 0.7721 | No improvement: 0/5
Epoch 8/20 | Train Loss: 0.4704 | Train Acc: 0.8049 | Val Loss: 0.5062 | Val Acc: 0.7739 | No improvement: 0/5
Epoch 9/20 | Train Loss: 0.4694 | Train Acc: 0.8037 | Val Loss: 0.5051 | Val Acc: 0.7753 | No improvement: 0/5
Epoch 10/20 | Train Loss: 0.4675 | Train Acc: 0.8044 | Val Loss: 0.5060 | Val Acc: 0.7761 | No improvement: 0/5
Epoch 11/20 | Train Loss: 0.4668 | Train Acc: 0.8056 | Val Loss: 0.5095 | Val Acc: 0.7714 | No improvement: 1/5
Epoch 12/20 | Train Loss: 0.4663 | Train Acc: 0.8045 | Val Loss: 0.5059 | Val Acc: 0.7725 | No improvement: 2/5
Epoch 13/20 | Train Loss: 0.4647 | Train Acc: 0.8056 | Val Loss: 0.5021 | Val Acc: 0.7766 | No improvement: 0/5
Epoch 14/20 | Train Loss: 0.4617 | Train Acc: 0.8059 | Val Loss: 0.5026 | Val Acc: 0.7790 | No improvement: 0/5
Epoch 15/20 | Train Loss: 0.4626 | Train Acc: 0.8067 | Val Loss: 0.5111 | Val Acc: 0.7735 | No improvement: 1/5
Epoch 16/20 | Train Loss: 0.4616 | Train Acc: 0.8065 | Val Loss: 0.5014 | Val Acc: 0.7770 | No improvement: 2/5
Epoch 17/20 | Train Loss: 0.4608 | Train Acc: 0.8073 | Val Loss: 0.5015 | Val Acc: 0.7768 | No improvement: 3/5
Epoch 18/20 | Train Loss: 0.4603 | Train Acc: 0.8085 | Val Loss: 0.5023 | Val Acc: 0.7751 | No improvement: 4/5
Epoch 19/20 | Train Loss: 0.4595 | Train Acc: 0.8086 | Val Loss: 0.5085 | Val Acc: 0.7759 | No improvement: 5/5

Early stopping triggered after 19 epochs (5 epochs without improvement).

Best Val Acc: 0.7790  →  saved to optuna_trial_49.pth
  Trial  49 | bal_acc=0.7759 | Denisovan=0.634 | Neanderthal=0.918
[32m[I 2026-05-05 00:38:49,533][0m Trial 49 finished with value: 0.7759354713229532 and parameters: {'num_conv_layers': 4, 'num_dense_layers': 2, 'filters_0': 64, 'filters_1': 32, 'filters_2': 64, 'filters_3': 128, 'width_0': 19, 'width_1': 15, 'width_2': 5, 'width_3': 15, 'drop_conv_0': 0.4557517690434431, 'drop_conv_1': 0.2613863658579505, 'drop_conv_2': 0.14907632843635718, 'drop_conv_3': 0.22016587383045005, 'dense_0': 64, 'dense_1': 128, 'drop_dense_0': 0.41196910693667727, 'drop_dense_1': 0.3338345752664984, 'lr': 0.00011026832142287175, 'weight_decay': 0.0018929154041979336}. Best is trial 26 with value: 0.7761937396231486.[0m
Epoch 1/20 | Train Loss: 0.6790 | Train Acc: 0.6592 | Val Loss: 0.5951 | Val Acc: 0.7375 | No improvement: 0/5
Epoch 2/20 | Train Loss: 0.5428 | Train Acc: 0.7763 | Val Loss: 0.5613 | Val Acc: 0.7537 | No improvement: 0/5
Epoch 3/20 | Train Loss: 0.5227 | Train Acc: 0.7864 | Val Loss: 0.5489 | Val Acc: 0.7598 | No improvement: 0/5
Epoch 4/20 | Train Loss: 0.5153 | Train Acc: 0.7892 | Val Loss: 0.5431 | Val Acc: 0.7647 | No improvement: 0/5
Epoch 5/20 | Train Loss: 0.5097 | Train Acc: 0.7890 | Val Loss: 0.5478 | Val Acc: 0.7525 | No improvement: 1/5
Epoch 6/20 | Train Loss: 0.5027 | Train Acc: 0.7915 | Val Loss: 0.5369 | Val Acc: 0.7647 | No improvement: 2/5
Epoch 7/20 | Train Loss: 0.5008 | Train Acc: 0.7932 | Val Loss: 0.5361 | Val Acc: 0.7629 | No improvement: 3/5
Epoch 8/20 | Train Loss: 0.4990 | Train Acc: 0.7928 | Val Loss: 0.5366 | Val Acc: 0.7606 | No improvement: 4/5
Epoch 9/20 | Train Loss: 0.4938 | Train Acc: 0.7948 | Val Loss: 0.5332 | Val Acc: 0.7621 | No improvement: 5/5

Early stopping triggered after 9 epochs (5 epochs without improvement).

Best Val Acc: 0.7647  →  saved to optuna_trial_50.pth
  Trial  50 | bal_acc=0.7627 | Denisovan=0.668 | Neanderthal=0.857
[32m[I 2026-05-05 00:39:17,572][0m Trial 50 finished with value: 0.762657776137979 and parameters: {'num_conv_layers': 4, 'num_dense_layers': 2, 'filters_0': 64, 'filters_1': 32, 'filters_2': 32, 'filters_3': 128, 'width_0': 19, 'width_1': 15, 'width_2': 5, 'width_3': 15, 'drop_conv_0': 0.4531038248648587, 'drop_conv_1': 0.34755017847504477, 'drop_conv_2': 0.2115950691853103, 'drop_conv_3': 0.21279803352644083, 'dense_0': 64, 'dense_1': 128, 'drop_dense_0': 0.42696164754142046, 'drop_dense_1': 0.3259846028797119, 'lr': 2.521185957909429e-05, 'weight_decay': 0.003196578515830386}. Best is trial 26 with value: 0.7761937396231486.[0m

============================================================
OPTUNA RESULTS — DenisovanvsNeanderthal
============================================================
  Best Balanced Acc : 0.7762
  Best Params:
    num_conv_layers: 3
    num_dense_layers: 1
    filters_0: 256
    filters_1: 32
    filters_2: 64
    width_0: 9
    width_1: 15
    width_2: 19
    drop_conv_0: 0.5392967752504318
    drop_conv_1: 0.10171803488361833
    drop_conv_2: 0.14342700119198235
    dense_0: 64
    drop_dense_0: 0.541358082335598
    lr: 0.0010214088153768087
    weight_decay: 0.0003508007641915562

  Per-class recall at best trial:
    Denisovan_recall: 0.6276
    Neanderthal_recall: 0.9248
    raw_val_acc: 0.7794

  Full results saved → optuna_results_DenisovanvsNeanderthal.csv
