[32m[I 2026-05-05 00:05:55,387][0m Trial 23 finished with value: 0.7742351911010126 and parameters: {'num_conv_layers': 3, 'num_dense_layers': 3, 'filters_0': 64, 'filters_1': 32, 'filters_2': 64, 'width_0': 15, 'width_1': 19, 'width_2': 19, 'drop_conv_0': 0.38757379580704937, 'drop_conv_1': 0.2608781192288091, 'drop_conv_2': 0.10148391097522043, 'dense_0': 64, 'dense_1': 256, 'dense_2': 128, 'drop_dense_0': 0.5244246351742042, 'drop_dense_1': 0.40573513681456974, 'drop_dense_2': 0.30565177835290946, 'lr': 0.000936263345625917, 'weight_decay': 0.0007583083020173075}. Best is trial 23 with value: 0.7742351911010126.[0m
Epoch 1/20 | Train Loss: 0.5298 | Train Acc: 0.7779 | Val Loss: 0.5361 | Val Acc: 0.7714 | No improvement: 0/5
Epoch 2/20 | Train Loss: 0.5071 | Train Acc: 0.7911 | Val Loss: 0.5415 | Val Acc: 0.7574 | No improvement: 1/5
Epoch 3/20 | Train Loss: 0.5036 | Train Acc: 0.7928 | Val Loss: 0.5412 | Val Acc: 0.7612 | No improvement: 2/5
Epoch 4/20 | Train Loss: 0.5002 | Train Acc: 0.7931 | Val Loss: 0.5300 | Val Acc: 0.7676 | No improvement: 3/5
Epoch 5/20 | Train Loss: 0.4993 | Train Acc: 0.7945 | Val Loss: 0.5477 | Val Acc: 0.7596 | No improvement: 4/5
Epoch 6/20 | Train Loss: 0.4981 | Train Acc: 0.7959 | Val Loss: 0.5505 | Val Acc: 0.7545 | No improvement: 5/5

Early stopping triggered after 6 epochs (5 epochs without improvement).

Best Val Acc: 0.7714  →  saved to optuna_trial_24.pth
  Trial  24 | bal_acc=0.7677 | Denisovan=0.595 | Neanderthal=0.941
[32m[I 2026-05-05 00:06:11,839][0m Trial 24 finished with value: 0.7676978477919897 and parameters: {'num_conv_layers': 3, 'num_dense_layers': 3, 'filters_0': 64, 'filters_1': 32, 'filters_2': 64, 'width_0': 7, 'width_1': 19, 'width_2': 7, 'drop_conv_0': 0.3977144443520221, 'drop_conv_1': 0.24892458619725072, 'drop_conv_2': 0.18551171014794504, 'dense_0': 256, 'dense_1': 256, 'dense_2': 128, 'drop_dense_0': 0.5082809738864587, 'drop_dense_1': 0.5217271671117675, 'drop_dense_2': 0.31549433611627115, 'lr': 0.0019190630336467448, 'weight_decay': 0.00036427623617710193}. Best is trial 23 with value: 0.7742351911010126.[0m
Epoch 1/20 | Train Loss: 0.5599 | Train Acc: 0.7694 | Val Loss: 0.5532 | Val Acc: 0.7551 | No improvement: 0/5
Epoch 2/20 | Train Loss: 0.5406 | Train Acc: 0.7792 | Val Loss: 0.5770 | Val Acc: 0.7063 | No improvement: 1/5
Epoch 3/20 | Train Loss: 0.5363 | Train Acc: 0.7805 | Val Loss: 0.5629 | Val Acc: 0.7602 | No improvement: 0/5
Epoch 4/20 | Train Loss: 0.5302 | Train Acc: 0.7840 | Val Loss: 0.5531 | Val Acc: 0.7659 | No improvement: 0/5
Epoch 5/20 | Train Loss: 0.5294 | Train Acc: 0.7833 | Val Loss: 0.5448 | Val Acc: 0.7592 | No improvement: 1/5
Epoch 6/20 | Train Loss: 0.5294 | Train Acc: 0.7863 | Val Loss: 0.5526 | Val Acc: 0.7522 | No improvement: 2/5
Epoch 7/20 | Train Loss: 0.5276 | Train Acc: 0.7845 | Val Loss: 0.6318 | Val Acc: 0.7141 | No improvement: 3/5
Epoch 8/20 | Train Loss: 0.5286 | Train Acc: 0.7874 | Val Loss: 0.5458 | Val Acc: 0.7506 | No improvement: 4/5
Epoch 9/20 | Train Loss: 0.5240 | Train Acc: 0.7859 | Val Loss: 0.5830 | Val Acc: 0.7153 | No improvement: 5/5

Early stopping triggered after 9 epochs (5 epochs without improvement).

Best Val Acc: 0.7659  →  saved to optuna_trial_25.pth
  Trial  25 | bal_acc=0.7633 | Denisovan=0.642 | Neanderthal=0.884
[32m[I 2026-05-05 00:06:58,875][0m Trial 25 finished with value: 0.7633087057452592 and parameters: {'num_conv_layers': 3, 'num_dense_layers': 3, 'filters_0': 256, 'filters_1': 32, 'filters_2': 64, 'width_0': 19, 'width_1': 7, 'width_2': 5, 'drop_conv_0': 0.3536345685784271, 'drop_conv_1': 0.37899387849600336, 'drop_conv_2': 0.23267712476315333, 'dense_0': 128, 'dense_1': 256, 'dense_2': 128, 'drop_dense_0': 0.5687257225278713, 'drop_dense_1': 0.5219293837264205, 'drop_dense_2': 0.4089141927386805, 'lr': 0.005180981326242415, 'weight_decay': 0.0007148987899963017}. Best is trial 23 with value: 0.7742351911010126.[0m
Epoch 1/20 | Train Loss: 0.5135 | Train Acc: 0.7873 | Val Loss: 0.5235 | Val Acc: 0.7694 | No improvement: 0/5
Epoch 2/20 | Train Loss: 0.4909 | Train Acc: 0.7989 | Val Loss: 0.5194 | Val Acc: 0.7678 | No improvement: 1/5
Epoch 3/20 | Train Loss: 0.4804 | Train Acc: 0.8005 | Val Loss: 0.5090 | Val Acc: 0.7759 | No improvement: 0/5
Epoch 4/20 | Train Loss: 0.4811 | Train Acc: 0.8007 | Val Loss: 0.5159 | Val Acc: 0.7690 | No improvement: 1/5
Epoch 5/20 | Train Loss: 0.4791 | Train Acc: 0.8011 | Val Loss: 0.5373 | Val Acc: 0.7604 | No improvement: 2/5
Epoch 6/20 | Train Loss: 0.4761 | Train Acc: 0.8021 | Val Loss: 0.5119 | Val Acc: 0.7753 | No improvement: 3/5
Epoch 7/20 | Train Loss: 0.4773 | Train Acc: 0.8015 | Val Loss: 0.5115 | Val Acc: 0.7794 | No improvement: 0/5
Epoch 8/20 | Train Loss: 0.4756 | Train Acc: 0.8028 | Val Loss: 0.5181 | Val Acc: 0.7667 | No improvement: 1/5
Epoch 9/20 | Train Loss: 0.4740 | Train Acc: 0.8017 | Val Loss: 0.5101 | Val Acc: 0.7776 | No improvement: 2/5
Epoch 10/20 | Train Loss: 0.4724 | Train Acc: 0.8036 | Val Loss: 0.5202 | Val Acc: 0.7635 | No improvement: 3/5
Epoch 11/20 | Train Loss: 0.4707 | Train Acc: 0.8041 | Val Loss: 0.5049 | Val Acc: 0.7749 | No improvement: 4/5
Epoch 12/20 | Train Loss: 0.4718 | Train Acc: 0.8030 | Val Loss: 0.5060 | Val Acc: 0.7723 | No improvement: 5/5

Early stopping triggered after 12 epochs (5 epochs without improvement).

Best Val Acc: 0.7794  →  saved to optuna_trial_26.pth
  Trial  26 | bal_acc=0.7762 | Denisovan=0.628 | Neanderthal=0.925
[32m[I 2026-05-05 00:08:44,802][0m Trial 26 finished with value: 0.7761937396231486 and parameters: {'num_conv_layers': 3, 'num_dense_layers': 1, 'filters_0': 256, 'filters_1': 32, 'filters_2': 64, 'width_0': 9, 'width_1': 15, 'width_2': 19, 'drop_conv_0': 0.5392967752504318, 'drop_conv_1': 0.10171803488361833, 'drop_conv_2': 0.14342700119198235, 'dense_0': 64, 'drop_dense_0': 0.541358082335598, 'lr': 0.0010214088153768087, 'weight_decay': 0.0003508007641915562}. Best is trial 26 with value: 0.7761937396231486.[0m
Epoch 1/20 | Train Loss: 0.5252 | Train Acc: 0.7776 | Val Loss: 0.5264 | Val Acc: 0.7692 | No improvement: 0/5
Epoch 2/20 | Train Loss: 0.4957 | Train Acc: 0.7948 | Val Loss: 0.5283 | Val Acc: 0.7710 | No improvement: 0/5
Epoch 3/20 | Train Loss: 0.4929 | Train Acc: 0.7966 | Val Loss: 0.5319 | Val Acc: 0.7684 | No improvement: 1/5
Epoch 4/20 | Train Loss: 0.4899 | Train Acc: 0.7990 | Val Loss: 0.5472 | Val Acc: 0.7667 | No improvement: 2/5
Epoch 5/20 | Train Loss: 0.4884 | Train Acc: 0.7990 | Val Loss: 0.5442 | Val Acc: 0.7641 | No improvement: 3/5
Epoch 6/20 | Train Loss: 0.4849 | Train Acc: 0.7992 | Val Loss: 0.5532 | Val Acc: 0.7684 | No improvement: 4/5
Epoch 7/20 | Train Loss: 0.4834 | Train Acc: 0.8002 | Val Loss: 0.5610 | Val Acc: 0.7529 | No improvement: 5/5

Early stopping triggered after 7 epochs (5 epochs without improvement).

Best Val Acc: 0.7710  →  saved to optuna_trial_27.pth
  Trial  27 | bal_acc=0.7672 | Denisovan=0.592 | Neanderthal=0.942
[32m[I 2026-05-05 00:09:59,204][0m Trial 27 finished with value: 0.7672449183165982 and parameters: {'num_conv_layers': 3, 'num_dense_layers': 3, 'filters_0': 64, 'filters_1': 128, 'filters_2': 64, 'width_0': 9, 'width_1': 15, 'width_2': 19, 'drop_conv_0': 0.5450121360363847, 'drop_conv_1': 0.10367328996340999, 'drop_conv_2': 0.14083005925573297, 'dense_0': 64, 'dense_1': 256, 'dense_2': 128, 'drop_dense_0': 0.5374335565965126, 'drop_dense_1': 0.4028182189172402, 'drop_dense_2': 0.41405826279133595, 'lr': 0.0010031016391365472, 'weight_decay': 0.00015750680346954664}. Best is trial 26 with value: 0.7761937396231486.[0m
Epoch 1/20 | Train Loss: 0.5385 | Train Acc: 0.7751 | Val Loss: 0.5583 | Val Acc: 0.7569 | No improvement: 0/5
Epoch 2/20 | Train Loss: 0.5121 | Train Acc: 0.7903 | Val Loss: 0.5643 | Val Acc: 0.7688 | No improvement: 0/5
Epoch 3/20 | Train Loss: 0.5107 | Train Acc: 0.7903 | Val Loss: 0.5445 | Val Acc: 0.7676 | No improvement: 1/5
Epoch 4/20 | Train Loss: 0.5069 | Train Acc: 0.7918 | Val Loss: 0.6331 | Val Acc: 0.7310 | No improvement: 2/5
Epoch 5/20 | Train Loss: 0.5065 | Train Acc: 0.7920 | Val Loss: 0.6037 | Val Acc: 0.7498 | No improvement: 3/5
Epoch 6/20 | Train Loss: 0.5024 | Train Acc: 0.7926 | Val Loss: 0.5470 | Val Acc: 0.7686 | No improvement: 4/5
Epoch 7/20 | Train Loss: 0.5007 | Train Acc: 0.7947 | Val Loss: 0.5913 | Val Acc: 0.7571 | No improvement: 5/5

Early stopping triggered after 7 epochs (5 epochs without improvement).

Best Val Acc: 0.7688  →  saved to optuna_trial_28.pth
  Trial  28 | bal_acc=0.7650 | Denisovan=0.590 | Neanderthal=0.940
[32m[I 2026-05-05 00:10:18,256][0m Trial 28 finished with value: 0.7649927085533219 and parameters: {'num_conv_layers': 3, 'num_dense_layers': 2, 'filters_0': 32, 'filters_1': 64, 'filters_2': 64, 'width_0': 9, 'width_1': 15, 'width_2': 19, 'drop_conv_0': 0.4676545536712348, 'drop_conv_1': 0.2100840035076414, 'drop_conv_2': 0.1406908590399391, 'dense_0': 64, 'dense_1': 256, 'drop_dense_0': 0.5097108670446702, 'drop_dense_1': 0.4132601754391501, 'lr': 0.00374724514273822, 'weight_decay': 0.0003526595009215805}. Best is trial 26 with value: 0.7761937396231486.[0m
Epoch 1/20 | Train Loss: 0.5160 | Train Acc: 0.7842 | Val Loss: 0.5341 | Val Acc: 0.7680 | No improvement: 0/5
Epoch 2/20 | Train Loss: 0.4978 | Train Acc: 0.7946 | Val Loss: 0.5369 | Val Acc: 0.7594 | No improvement: 1/5
Epoch 3/20 | Train Loss: 0.4937 | Train Acc: 0.7960 | Val Loss: 0.5275 | Val Acc: 0.7706 | No improvement: 0/5
Epoch 4/20 | Train Loss: 0.4923 | Train Acc: 0.7975 | Val Loss: 0.5323 | Val Acc: 0.7651 | No improvement: 1/5
Epoch 5/20 | Train Loss: 0.4913 | Train Acc: 0.7978 | Val Loss: 0.5448 | Val Acc: 0.7547 | No improvement: 2/5
Epoch 6/20 | Train Loss: 0.4915 | Train Acc: 0.7973 | Val Loss: 0.5354 | Val Acc: 0.7604 | No improvement: 3/5
Epoch 7/20 | Train Loss: 0.4900 | Train Acc: 0.7988 | Val Loss: 0.5490 | Val Acc: 0.7623 | No improvement: 4/5
Epoch 8/20 | Train Loss: 0.4875 | Train Acc: 0.7994 | Val Loss: 0.5333 | Val Acc: 0.7635 | No improvement: 5/5

Early stopping triggered after 8 epochs (5 epochs without improvement).

Best Val Acc: 0.7706  →  saved to optuna_trial_29.pth
  Trial  29 | bal_acc=0.7675 | Denisovan=0.625 | Neanderthal=0.910
[32m[I 2026-05-05 00:11:28,964][0m Trial 29 finished with value: 0.7675440888362818 and parameters: {'num_conv_layers': 3, 'num_dense_layers': 1, 'filters_0': 256, 'filters_1': 32, 'filters_2': 64, 'width_0': 9, 'width_1': 15, 'width_2': 9, 'drop_conv_0': 0.5496930206621548, 'drop_conv_1': 0.20610695533300916, 'drop_conv_2': 0.24666450184920696, 'dense_0': 64, 'drop_dense_0': 0.4690950062038316, 'lr': 0.0017962771404320928, 'weight_decay': 0.00017707422298507612}. Best is trial 26 with value: 0.7761937396231486.[0m
Epoch 1/20 | Train Loss: 0.5287 | Train Acc: 0.7794 | Val Loss: 0.5540 | Val Acc: 0.7584 | No improvement: 0/5
Epoch 2/20 | Train Loss: 0.5054 | Train Acc: 0.7928 | Val Loss: 0.5400 | Val Acc: 0.7696 | No improvement: 0/5
Epoch 3/20 | Train Loss: 0.4969 | Train Acc: 0.7960 | Val Loss: 0.5259 | Val Acc: 0.7643 | No improvement: 1/5
Epoch 4/20 | Train Loss: 0.4957 | Train Acc: 0.7964 | Val Loss: 0.5324 | Val Acc: 0.7682 | No improvement: 2/5
Epoch 5/20 | Train Loss: 0.4935 | Train Acc: 0.7961 | Val Loss: 0.5437 | Val Acc: 0.7645 | No improvement: 3/5
Epoch 6/20 | Train Loss: 0.4869 | Train Acc: 0.7989 | Val Loss: 0.5091 | Val Acc: 0.7743 | No improvement: 0/5
Epoch 7/20 | Train Loss: 0.4820 | Train Acc: 0.8017 | Val Loss: 0.5176 | Val Acc: 0.7749 | No improvement: 0/5
Epoch 8/20 | Train Loss: 0.4807 | Train Acc: 0.8001 | Val Loss: 0.5406 | Val Acc: 0.7545 | No improvement: 1/5
Epoch 9/20 | Train Loss: 0.4811 | Train Acc: 0.8005 | Val Loss: 0.5178 | Val Acc: 0.7663 | No improvement: 2/5
Epoch 10/20 | Train Loss: 0.4783 | Train Acc: 0.8018 | Val Loss: 0.5219 | Val Acc: 0.7657 | No improvement: 3/5
Epoch 11/20 | Train Loss: 0.4779 | Train Acc: 0.8012 | Val Loss: 0.5161 | Val Acc: 0.7747 | No improvement: 4/5
Epoch 12/20 | Train Loss: 0.4755 | Train Acc: 0.8007 | Val Loss: 0.5368 | Val Acc: 0.7694 | No improvement: 5/5

Early stopping triggered after 12 epochs (5 epochs without improvement).

Best Val Acc: 0.7749  →  saved to optuna_trial_30.pth
  Trial  30 | bal_acc=0.7717 | Denisovan=0.621 | Neanderthal=0.922
[32m[I 2026-05-05 00:12:49,568][0m Trial 30 finished with value: 0.7716627753908876 and parameters: {'num_conv_layers': 3, 'num_dense_layers': 3, 'filters_0': 128, 'filters_1': 128, 'filters_2': 256, 'width_0': 9, 'width_1': 5, 'width_2': 19, 'drop_conv_0': 0.26676830313626976, 'drop_conv_1': 0.10516815918458255, 'drop_conv_2': 0.15310599848057083, 'dense_0': 256, 'dense_1': 256, 'dense_2': 256, 'drop_dense_0': 0.5510999301120374, 'drop_dense_1': 0.5183351652369558, 'drop_dense_2': 0.5921455103714709, 'lr': 0.0007347511138329181, 'weight_decay': 0.00031959374922819464}. Best is trial 26 with value: 0.7761937396231486.[0m
Epoch 1/20 | Train Loss: 0.5256 | Train Acc: 0.7786 | Val Loss: 0.5319 | Val Acc: 0.7674 | No improvement: 0/5
Epoch 2/20 | Train Loss: 0.4922 | Train Acc: 0.7965 | Val Loss: 0.5217 | Val Acc: 0.7665 | No improvement: 1/5
Epoch 3/20 | Train Loss: 0.4830 | Train Acc: 0.8006 | Val Loss: 0.5166 | Val Acc: 0.7663 | No improvement: 2/5
Epoch 4/20 | Train Loss: 0.4781 | Train Acc: 0.8016 | Val Loss: 0.5103 | Val Acc: 0.7751 | No improvement: 0/5
Epoch 5/20 | Train Loss: 0.4766 | Train Acc: 0.8012 | Val Loss: 0.5180 | Val Acc: 0.7631 | No improvement: 1/5
Epoch 6/20 | Train Loss: 0.4723 | Train Acc: 0.8023 | Val Loss: 0.5115 | Val Acc: 0.7729 | No improvement: 2/5
Epoch 7/20 | Train Loss: 0.4694 | Train Acc: 0.8047 | Val Loss: 0.5057 | Val Acc: 0.7704 | No improvement: 3/5
Epoch 8/20 | Train Loss: 0.4676 | Train Acc: 0.8047 | Val Loss: 0.5073 | Val Acc: 0.7717 | No improvement: 4/5
Epoch 9/20 | Train Loss: 0.4651 | Train Acc: 0.8061 | Val Loss: 0.4995 | Val Acc: 0.7792 | No improvement: 0/5
Epoch 10/20 | Train Loss: 0.4636 | Train Acc: 0.8059 | Val Loss: 0.5127 | Val Acc: 0.7651 | No improvement: 1/5
Epoch 11/20 | Train Loss: 0.4631 | Train Acc: 0.8081 | Val Loss: 0.5236 | Val Acc: 0.7612 | No improvement: 2/5
Epoch 12/20 | Train Loss: 0.4603 | Train Acc: 0.8076 | Val Loss: 0.5102 | Val Acc: 0.7672 | No improvement: 3/5
Epoch 13/20 | Train Loss: 0.4611 | Train Acc: 0.8065 | Val Loss: 0.5041 | Val Acc: 0.7737 | No improvement: 4/5
Epoch 14/20 | Train Loss: 0.4601 | Train Acc: 0.8082 | Val Loss: 0.5069 | Val Acc: 0.7733 | No improvement: 5/5

Early stopping triggered after 14 epochs (5 epochs without improvement).

Best Val Acc: 0.7792  →  saved to optuna_trial_31.pth
  Trial  31 | bal_acc=0.7761 | Denisovan=0.631 | Neanderthal=0.921
[32m[I 2026-05-05 00:15:24,155][0m Trial 31 finished with value: 0.7760646054730509 and parameters: {'num_conv_layers': 3, 'num_dense_layers': 1, 'filters_0': 64, 'filters_1': 256, 'filters_2': 32, 'width_0': 11, 'width_1': 11, 'width_2': 19, 'drop_conv_0': 0.513667854678849, 'drop_conv_1': 0.2774416990389216, 'drop_conv_2': 0.10115035033205799, 'dense_0': 64, 'drop_dense_0': 0.5836280699458167, 'lr': 0.0003162502493115118, 'weight_decay': 0.00012898101154751345}. Best is trial 26 with value: 0.7761937396231486.[0m
Epoch 1/20 | Train Loss: 0.5257 | Train Acc: 0.7778 | Val Loss: 0.5270 | Val Acc: 0.7659 | No improvement: 0/5
Epoch 2/20 | Train Loss: 0.4942 | Train Acc: 0.7943 | Val Loss: 0.5203 | Val Acc: 0.7694 | No improvement: 0/5
Epoch 3/20 | Train Loss: 0.4877 | Train Acc: 0.7981 | Val Loss: 0.5308 | Val Acc: 0.7588 | No improvement: 1/5
Epoch 4/20 | Train Loss: 0.4807 | Train Acc: 0.8012 | Val Loss: 0.5221 | Val Acc: 0.7625 | No improvement: 2/5
Epoch 5/20 | Train Loss: 0.4807 | Train Acc: 0.8016 | Val Loss: 0.5298 | Val Acc: 0.7598 | No improvement: 3/5
Epoch 6/20 | Train Loss: 0.4758 | Train Acc: 0.8019 | Val Loss: 0.5131 | Val Acc: 0.7719 | No improvement: 0/5
Epoch 7/20 | Train Loss: 0.4722 | Train Acc: 0.8034 | Val Loss: 0.5115 | Val Acc: 0.7717 | No improvement: 1/5
Epoch 8/20 | Train Loss: 0.4692 | Train Acc: 0.8050 | Val Loss: 0.5205 | Val Acc: 0.7614 | No improvement: 2/5
Epoch 9/20 | Train Loss: 0.4668 | Train Acc: 0.8056 | Val Loss: 0.5147 | Val Acc: 0.7657 | No improvement: 3/5
Epoch 10/20 | Train Loss: 0.4677 | Train Acc: 0.8057 | Val Loss: 0.5125 | Val Acc: 0.7688 | No improvement: 4/5
Epoch 11/20 | Train Loss: 0.4638 | Train Acc: 0.8049 | Val Loss: 0.5043 | Val Acc: 0.7761 | No improvement: 0/5
Epoch 12/20 | Train Loss: 0.4624 | Train Acc: 0.8081 | Val Loss: 0.5164 | Val Acc: 0.7647 | No improvement: 1/5
Epoch 13/20 | Train Loss: 0.4625 | Train Acc: 0.8074 | Val Loss: 0.5243 | Val Acc: 0.7625 | No improvement: 2/5
Epoch 14/20 | Train Loss: 0.4628 | Train Acc: 0.8069 | Val Loss: 0.5030 | Val Acc: 0.7751 | No improvement: 3/5
Epoch 15/20 | Train Loss: 0.4620 | Train Acc: 0.8087 | Val Loss: 0.5040 | Val Acc: 0.7755 | No improvement: 4/5
Epoch 16/20 | Train Loss: 0.4597 | Train Acc: 0.8083 | Val Loss: 0.5083 | Val Acc: 0.7688 | No improvement: 5/5

Early stopping triggered after 16 epochs (5 epochs without improvement).

Best Val Acc: 0.7761  →  saved to optuna_trial_32.pth
  Trial  32 | bal_acc=0.7738 | Denisovan=0.666 | Neanderthal=0.882
[32m[I 2026-05-05 00:18:21,892][0m Trial 32 finished with value: 0.7738002085178455 and parameters: {'num_conv_layers': 3, 'num_dense_layers': 1, 'filters_0': 64, 'filters_1': 256, 'filters_2': 32, 'width_0': 11, 'width_1': 11, 'width_2': 19, 'drop_conv_0': 0.5212986943374488, 'drop_conv_1': 0.27909487477999273, 'drop_conv_2': 0.11822069501510556, 'dense_0': 64, 'drop_dense_0': 0.582210275511938, 'lr': 0.0002940692809123637, 'weight_decay': 0.00013102234473892876}. Best is trial 26 with value: 0.7761937396231486.[0m
Epoch 1/20 | Train Loss: 0.5216 | Train Acc: 0.7811 | Val Loss: 0.5246 | Val Acc: 0.7688 | No improvement: 0/5
Epoch 2/20 | Train Loss: 0.4936 | Train Acc: 0.7953 | Val Loss: 0.5238 | Val Acc: 0.7735 | No improvement: 0/5
Epoch 3/20 | Train Loss: 0.4827 | Train Acc: 0.7998 | Val Loss: 0.5142 | Val Acc: 0.7659 | No improvement: 1/5
Epoch 4/20 | Train Loss: 0.4776 | Train Acc: 0.8007 | Val Loss: 0.5129 | Val Acc: 0.7708 | No improvement: 2/5
Epoch 5/20 | Train Loss: 0.4723 | Train Acc: 0.8030 | Val Loss: 0.5101 | Val Acc: 0.7743 | No improvement: 0/5
Epoch 6/20 | Train Loss: 0.4722 | Train Acc: 0.8039 | Val Loss: 0.5077 | Val Acc: 0.7739 | No improvement: 1/5
Epoch 7/20 | Train Loss: 0.4699 | Train Acc: 0.8043 | Val Loss: 0.5095 | Val Acc: 0.7755 | No improvement: 0/5
Epoch 8/20 | Train Loss: 0.4678 | Train Acc: 0.8058 | Val Loss: 0.5070 | Val Acc: 0.7710 | No improvement: 1/5
Epoch 9/20 | Train Loss: 0.4652 | Train Acc: 0.8063 | Val Loss: 0.5312 | Val Acc: 0.7596 | No improvement: 2/5
Epoch 10/20 | Train Loss: 0.4656 | Train Acc: 0.8052 | Val Loss: 0.5094 | Val Acc: 0.7727 | No improvement: 3/5
Epoch 11/20 | Train Loss: 0.4646 | Train Acc: 0.8080 | Val Loss: 0.5074 | Val Acc: 0.7667 | No improvement: 4/5
Epoch 12/20 | Train Loss: 0.4631 | Train Acc: 0.8070 | Val Loss: 0.5014 | Val Acc: 0.7774 | No improvement: 0/5
Epoch 13/20 | Train Loss: 0.4623 | Train Acc: 0.8061 | Val Loss: 0.5128 | Val Acc: 0.7674 | No improvement: 1/5
Epoch 14/20 | Train Loss: 0.4615 | Train Acc: 0.8077 | Val Loss: 0.5017 | Val Acc: 0.7729 | No improvement: 2/5
Epoch 15/20 | Train Loss: 0.4605 | Train Acc: 0.8070 | Val Loss: 0.5032 | Val Acc: 0.7712 | No improvement: 3/5
Epoch 16/20 | Train Loss: 0.4611 | Train Acc: 0.8068 | Val Loss: 0.5083 | Val Acc: 0.7680 | No improvement: 4/5
Epoch 17/20 | Train Loss: 0.4592 | Train Acc: 0.8077 | Val Loss: 0.5075 | Val Acc: 0.7680 | No improvement: 5/5

Early stopping triggered after 17 epochs (5 epochs without improvement).

Best Val Acc: 0.7774  →  saved to optuna_trial_33.pth
  Trial  33 | bal_acc=0.7742 | Denisovan=0.628 | Neanderthal=0.921
