[32m[I 2026-05-04 23:53:32,994][0m Trial 12 finished with value: 0.7723120355198213 and parameters: {'num_conv_layers': 2, 'num_dense_layers': 1, 'filters_0': 256, 'filters_1': 32, 'width_0': 5, 'width_1': 19, 'drop_conv_0': 0.40258434739337373, 'drop_conv_1': 0.40034201361933075, 'dense_0': 128, 'drop_dense_0': 0.5709223425310659, 'lr': 0.00015186432176631675, 'weight_decay': 0.0006285271308918534}. Best is trial 12 with value: 0.7723120355198213.[0m
Epoch 1/20 | Train Loss: 0.5239 | Train Acc: 0.7789 | Val Loss: 0.5372 | Val Acc: 0.7708 | No improvement: 0/5
Epoch 2/20 | Train Loss: 0.4900 | Train Acc: 0.7957 | Val Loss: 0.5281 | Val Acc: 0.7698 | No improvement: 1/5
Epoch 3/20 | Train Loss: 0.4813 | Train Acc: 0.7984 | Val Loss: 0.5334 | Val Acc: 0.7623 | No improvement: 2/5
Epoch 4/20 | Train Loss: 0.4767 | Train Acc: 0.8014 | Val Loss: 0.5246 | Val Acc: 0.7571 | No improvement: 3/5
Epoch 5/20 | Train Loss: 0.4733 | Train Acc: 0.8022 | Val Loss: 0.5193 | Val Acc: 0.7667 | No improvement: 4/5
Epoch 6/20 | Train Loss: 0.4707 | Train Acc: 0.8027 | Val Loss: 0.5256 | Val Acc: 0.7641 | No improvement: 5/5

Early stopping triggered after 6 epochs (5 epochs without improvement).

Best Val Acc: 0.7708  →  saved to optuna_trial_13.pth
  Trial  13 | bal_acc=0.7671 | Denisovan=0.593 | Neanderthal=0.941
[32m[I 2026-05-04 23:54:05,176][0m Trial 13 finished with value: 0.7670715429903195 and parameters: {'num_conv_layers': 2, 'num_dense_layers': 1, 'filters_0': 256, 'filters_1': 128, 'width_0': 5, 'width_1': 19, 'drop_conv_0': 0.34942142137996446, 'drop_conv_1': 0.41812511788999224, 'dense_0': 128, 'drop_dense_0': 0.5509392442434404, 'lr': 0.0002169478010659051, 'weight_decay': 0.0005313132269199386}. Best is trial 12 with value: 0.7723120355198213.[0m
Epoch 1/20 | Train Loss: 0.5222 | Train Acc: 0.7788 | Val Loss: 0.5269 | Val Acc: 0.7727 | No improvement: 0/5
Epoch 2/20 | Train Loss: 0.4947 | Train Acc: 0.7940 | Val Loss: 0.5268 | Val Acc: 0.7641 | No improvement: 1/5
Epoch 3/20 | Train Loss: 0.4886 | Train Acc: 0.7961 | Val Loss: 0.5213 | Val Acc: 0.7717 | No improvement: 2/5
Epoch 4/20 | Train Loss: 0.4811 | Train Acc: 0.7995 | Val Loss: 0.5233 | Val Acc: 0.7649 | No improvement: 3/5
Epoch 5/20 | Train Loss: 0.4765 | Train Acc: 0.7997 | Val Loss: 0.5069 | Val Acc: 0.7774 | No improvement: 0/5
Epoch 6/20 | Train Loss: 0.4700 | Train Acc: 0.8027 | Val Loss: 0.5048 | Val Acc: 0.7737 | No improvement: 1/5
Epoch 7/20 | Train Loss: 0.4652 | Train Acc: 0.8068 | Val Loss: 0.5047 | Val Acc: 0.7739 | No improvement: 2/5
Epoch 8/20 | Train Loss: 0.4666 | Train Acc: 0.8044 | Val Loss: 0.5037 | Val Acc: 0.7745 | No improvement: 3/5
Epoch 9/20 | Train Loss: 0.4631 | Train Acc: 0.8069 | Val Loss: 0.5228 | Val Acc: 0.7661 | No improvement: 4/5
Epoch 10/20 | Train Loss: 0.4617 | Train Acc: 0.8082 | Val Loss: 0.5010 | Val Acc: 0.7747 | No improvement: 5/5

Early stopping triggered after 10 epochs (5 epochs without improvement).

Best Val Acc: 0.7774  →  saved to optuna_trial_14.pth
  Trial  14 | bal_acc=0.7740 | Denisovan=0.619 | Neanderthal=0.929
[32m[I 2026-05-04 23:56:07,460][0m Trial 14 finished with value: 0.7740175745985531 and parameters: {'num_conv_layers': 3, 'num_dense_layers': 1, 'filters_0': 256, 'filters_1': 256, 'filters_2': 64, 'width_0': 7, 'width_1': 9, 'width_2': 9, 'drop_conv_0': 0.37014962090976955, 'drop_conv_1': 0.38990324196317616, 'drop_conv_2': 0.10150876319571867, 'dense_0': 128, 'drop_dense_0': 0.5880564197979933, 'lr': 0.0003231278096315811, 'weight_decay': 0.0001289157327445537}. Best is trial 14 with value: 0.7740175745985531.[0m
Epoch 1/20 | Train Loss: 0.5521 | Train Acc: 0.7633 | Val Loss: 0.5407 | Val Acc: 0.7621 | No improvement: 0/5
Epoch 2/20 | Train Loss: 0.5040 | Train Acc: 0.7890 | Val Loss: 0.5326 | Val Acc: 0.7696 | No improvement: 0/5
Epoch 3/20 | Train Loss: 0.4941 | Train Acc: 0.7952 | Val Loss: 0.5330 | Val Acc: 0.7610 | No improvement: 1/5
Epoch 4/20 | Train Loss: 0.4902 | Train Acc: 0.7958 | Val Loss: 0.5290 | Val Acc: 0.7680 | No improvement: 2/5
Epoch 5/20 | Train Loss: 0.4858 | Train Acc: 0.7963 | Val Loss: 0.5221 | Val Acc: 0.7706 | No improvement: 0/5
Epoch 6/20 | Train Loss: 0.4809 | Train Acc: 0.7992 | Val Loss: 0.5195 | Val Acc: 0.7721 | No improvement: 0/5
Epoch 7/20 | Train Loss: 0.4789 | Train Acc: 0.8012 | Val Loss: 0.5183 | Val Acc: 0.7702 | No improvement: 1/5
Epoch 8/20 | Train Loss: 0.4748 | Train Acc: 0.8024 | Val Loss: 0.5162 | Val Acc: 0.7721 | No improvement: 2/5
Epoch 9/20 | Train Loss: 0.4720 | Train Acc: 0.8030 | Val Loss: 0.5171 | Val Acc: 0.7659 | No improvement: 3/5
Epoch 10/20 | Train Loss: 0.4690 | Train Acc: 0.8037 | Val Loss: 0.5107 | Val Acc: 0.7686 | No improvement: 4/5
Epoch 11/20 | Train Loss: 0.4680 | Train Acc: 0.8038 | Val Loss: 0.5173 | Val Acc: 0.7606 | No improvement: 5/5

Early stopping triggered after 11 epochs (5 epochs without improvement).

Best Val Acc: 0.7721  →  saved to optuna_trial_15.pth
  Trial  15 | bal_acc=0.7697 | Denisovan=0.659 | Neanderthal=0.880
[32m[I 2026-05-04 23:57:42,150][0m Trial 15 finished with value: 0.7696690843495586 and parameters: {'num_conv_layers': 3, 'num_dense_layers': 1, 'filters_0': 256, 'filters_1': 256, 'filters_2': 32, 'width_0': 7, 'width_1': 9, 'width_2': 9, 'drop_conv_0': 0.47293275977627336, 'drop_conv_1': 0.4240708060270524, 'drop_conv_2': 0.30258240622890226, 'dense_0': 128, 'drop_dense_0': 0.5991491774429365, 'lr': 0.00017705356503695393, 'weight_decay': 0.00010091694611369586}. Best is trial 14 with value: 0.7740175745985531.[0m
Epoch 1/20 | Train Loss: 0.5341 | Train Acc: 0.7746 | Val Loss: 0.5529 | Val Acc: 0.7639 | No improvement: 0/5
Epoch 2/20 | Train Loss: 0.5042 | Train Acc: 0.7906 | Val Loss: 0.5521 | Val Acc: 0.7602 | No improvement: 1/5
Epoch 3/20 | Train Loss: 0.4924 | Train Acc: 0.7946 | Val Loss: 0.5376 | Val Acc: 0.7527 | No improvement: 2/5
Epoch 4/20 | Train Loss: 0.4859 | Train Acc: 0.7947 | Val Loss: 0.5388 | Val Acc: 0.7602 | No improvement: 3/5
Epoch 5/20 | Train Loss: 0.4821 | Train Acc: 0.8003 | Val Loss: 0.5466 | Val Acc: 0.7455 | No improvement: 4/5
Epoch 6/20 | Train Loss: 0.4805 | Train Acc: 0.8000 | Val Loss: 0.5344 | Val Acc: 0.7582 | No improvement: 5/5

Early stopping triggered after 6 epochs (5 epochs without improvement).

Best Val Acc: 0.7639  →  saved to optuna_trial_16.pth
  Trial  16 | bal_acc=0.7612 | Denisovan=0.637 | Neanderthal=0.886
[32m[I 2026-05-04 23:58:14,472][0m Trial 16 finished with value: 0.761194478367317 and parameters: {'num_conv_layers': 2, 'num_dense_layers': 1, 'filters_0': 256, 'filters_1': 256, 'width_0': 7, 'width_1': 9, 'drop_conv_0': 0.38918717931206503, 'drop_conv_1': 0.5101322676526268, 'dense_0': 128, 'drop_dense_0': 0.5321925310412284, 'lr': 0.0002899628132743611, 'weight_decay': 0.0001101732733167886}. Best is trial 14 with value: 0.7740175745985531.[0m
Epoch 1/20 | Train Loss: 0.6523 | Train Acc: 0.7021 | Val Loss: 0.5666 | Val Acc: 0.7480 | No improvement: 0/5
Epoch 2/20 | Train Loss: 0.5277 | Train Acc: 0.7800 | Val Loss: 0.5533 | Val Acc: 0.7498 | No improvement: 0/5
Epoch 3/20 | Train Loss: 0.5142 | Train Acc: 0.7866 | Val Loss: 0.5502 | Val Acc: 0.7496 | No improvement: 1/5
Epoch 4/20 | Train Loss: 0.5057 | Train Acc: 0.7904 | Val Loss: 0.5402 | Val Acc: 0.7602 | No improvement: 0/5
Epoch 5/20 | Train Loss: 0.5036 | Train Acc: 0.7894 | Val Loss: 0.5385 | Val Acc: 0.7588 | No improvement: 1/5
Epoch 6/20 | Train Loss: 0.4989 | Train Acc: 0.7925 | Val Loss: 0.5451 | Val Acc: 0.7516 | No improvement: 2/5
Epoch 7/20 | Train Loss: 0.4962 | Train Acc: 0.7946 | Val Loss: 0.5293 | Val Acc: 0.7621 | No improvement: 0/5
Epoch 8/20 | Train Loss: 0.4948 | Train Acc: 0.7944 | Val Loss: 0.5356 | Val Acc: 0.7578 | No improvement: 1/5
Epoch 9/20 | Train Loss: 0.4938 | Train Acc: 0.7942 | Val Loss: 0.5353 | Val Acc: 0.7543 | No improvement: 2/5
Epoch 10/20 | Train Loss: 0.4905 | Train Acc: 0.7961 | Val Loss: 0.5443 | Val Acc: 0.7498 | No improvement: 3/5
Epoch 11/20 | Train Loss: 0.4902 | Train Acc: 0.7958 | Val Loss: 0.5379 | Val Acc: 0.7514 | No improvement: 4/5
Epoch 12/20 | Train Loss: 0.4880 | Train Acc: 0.7975 | Val Loss: 0.5464 | Val Acc: 0.7418 | No improvement: 5/5

Early stopping triggered after 12 epochs (5 epochs without improvement).

Best Val Acc: 0.7621  →  saved to optuna_trial_17.pth
  Trial  17 | bal_acc=0.7599 | Denisovan=0.658 | Neanderthal=0.861
[32m[I 2026-05-05 00:00:24,013][0m Trial 17 finished with value: 0.7598553063117133 and parameters: {'num_conv_layers': 3, 'num_dense_layers': 1, 'filters_0': 256, 'filters_1': 256, 'filters_2': 256, 'width_0': 19, 'width_1': 15, 'width_2': 9, 'drop_conv_0': 0.5184610452681967, 'drop_conv_1': 0.37393711135255836, 'drop_conv_2': 0.2908289012540144, 'dense_0': 128, 'drop_dense_0': 0.5939468566208836, 'lr': 1.0807042314425325e-05, 'weight_decay': 0.00025391252943184213}. Best is trial 14 with value: 0.7740175745985531.[0m
Epoch 1/20 | Train Loss: 0.5662 | Train Acc: 0.7593 | Val Loss: 0.5700 | Val Acc: 0.7596 | No improvement: 0/5
Epoch 2/20 | Train Loss: 0.5117 | Train Acc: 0.7837 | Val Loss: 0.5625 | Val Acc: 0.7649 | No improvement: 0/5
Epoch 3/20 | Train Loss: 0.5047 | Train Acc: 0.7886 | Val Loss: 0.5546 | Val Acc: 0.7649 | No improvement: 1/5
Epoch 4/20 | Train Loss: 0.5004 | Train Acc: 0.7899 | Val Loss: 0.5492 | Val Acc: 0.7676 | No improvement: 0/5
Epoch 5/20 | Train Loss: 0.4948 | Train Acc: 0.7940 | Val Loss: 0.5426 | Val Acc: 0.7684 | No improvement: 0/5
Epoch 6/20 | Train Loss: 0.4908 | Train Acc: 0.7951 | Val Loss: 0.5423 | Val Acc: 0.7674 | No improvement: 1/5
Epoch 7/20 | Train Loss: 0.4871 | Train Acc: 0.7962 | Val Loss: 0.5435 | Val Acc: 0.7670 | No improvement: 2/5
Epoch 8/20 | Train Loss: 0.4845 | Train Acc: 0.7979 | Val Loss: 0.5491 | Val Acc: 0.7712 | No improvement: 0/5
Epoch 9/20 | Train Loss: 0.4814 | Train Acc: 0.7998 | Val Loss: 0.5402 | Val Acc: 0.7674 | No improvement: 1/5
Epoch 10/20 | Train Loss: 0.4780 | Train Acc: 0.7991 | Val Loss: 0.5351 | Val Acc: 0.7672 | No improvement: 2/5
Epoch 11/20 | Train Loss: 0.4770 | Train Acc: 0.7992 | Val Loss: 0.5340 | Val Acc: 0.7655 | No improvement: 3/5
Epoch 12/20 | Train Loss: 0.4746 | Train Acc: 0.8003 | Val Loss: 0.5359 | Val Acc: 0.7604 | No improvement: 4/5
Epoch 13/20 | Train Loss: 0.4735 | Train Acc: 0.8004 | Val Loss: 0.5413 | Val Acc: 0.7604 | No improvement: 5/5

Early stopping triggered after 13 epochs (5 epochs without improvement).

Best Val Acc: 0.7712  →  saved to optuna_trial_18.pth
  Trial  18 | bal_acc=0.7677 | Denisovan=0.604 | Neanderthal=0.932
[32m[I 2026-05-05 00:01:20,422][0m Trial 18 finished with value: 0.7676925889351983 and parameters: {'num_conv_layers': 2, 'num_dense_layers': 1, 'filters_0': 256, 'filters_1': 256, 'width_0': 11, 'width_1': 5, 'drop_conv_0': 0.36855014223429394, 'drop_conv_1': 0.5267210775448538, 'dense_0': 128, 'drop_dense_0': 0.5240121507815156, 'lr': 6.11284271891363e-05, 'weight_decay': 0.00046773737127586934}. Best is trial 14 with value: 0.7740175745985531.[0m
Epoch 1/20 | Train Loss: 0.5316 | Train Acc: 0.7740 | Val Loss: 0.5423 | Val Acc: 0.7710 | No improvement: 0/5
Epoch 2/20 | Train Loss: 0.5055 | Train Acc: 0.7873 | Val Loss: 0.5482 | Val Acc: 0.7641 | No improvement: 1/5
Epoch 3/20 | Train Loss: 0.4947 | Train Acc: 0.7926 | Val Loss: 0.5372 | Val Acc: 0.7729 | No improvement: 0/5
Epoch 4/20 | Train Loss: 0.4895 | Train Acc: 0.7926 | Val Loss: 0.5526 | Val Acc: 0.7643 | No improvement: 1/5
Epoch 5/20 | Train Loss: 0.4885 | Train Acc: 0.7947 | Val Loss: 0.5413 | Val Acc: 0.7684 | No improvement: 2/5
Epoch 6/20 | Train Loss: 0.4860 | Train Acc: 0.7949 | Val Loss: 0.5490 | Val Acc: 0.7641 | No improvement: 3/5
Epoch 7/20 | Train Loss: 0.4877 | Train Acc: 0.7955 | Val Loss: 0.5386 | Val Acc: 0.7729 | No improvement: 4/5
Epoch 8/20 | Train Loss: 0.4866 | Train Acc: 0.7943 | Val Loss: 0.5434 | Val Acc: 0.7680 | No improvement: 5/5

Early stopping triggered after 8 epochs (5 epochs without improvement).

Best Val Acc: 0.7729  →  saved to optuna_trial_19.pth
  Trial  19 | bal_acc=0.7697 | Denisovan=0.624 | Neanderthal=0.916
[32m[I 2026-05-05 00:01:52,808][0m Trial 19 finished with value: 0.7697166644824325 and parameters: {'num_conv_layers': 2, 'num_dense_layers': 1, 'filters_0': 256, 'filters_1': 128, 'width_0': 9, 'width_1': 11, 'drop_conv_0': 0.11687688039120492, 'drop_conv_1': 0.3890375793159948, 'dense_0': 128, 'drop_dense_0': 0.567933488458136, 'lr': 0.00014120487453738527, 'weight_decay': 0.008368379048581336}. Best is trial 14 with value: 0.7740175745985531.[0m
Epoch 1/20 | Train Loss: 0.5488 | Train Acc: 0.7656 | Val Loss: 0.5801 | Val Acc: 0.7633 | No improvement: 0/5
Epoch 2/20 | Train Loss: 0.5187 | Train Acc: 0.7822 | Val Loss: 0.5660 | Val Acc: 0.7569 | No improvement: 1/5
Epoch 3/20 | Train Loss: 0.5184 | Train Acc: 0.7818 | Val Loss: 0.5909 | Val Acc: 0.7527 | No improvement: 2/5
Epoch 4/20 | Train Loss: 0.5197 | Train Acc: 0.7801 | Val Loss: 0.5800 | Val Acc: 0.7518 | No improvement: 3/5
Epoch 5/20 | Train Loss: 0.5134 | Train Acc: 0.7835 | Val Loss: 0.5920 | Val Acc: 0.7447 | No improvement: 4/5
Epoch 6/20 | Train Loss: 0.5132 | Train Acc: 0.7823 | Val Loss: 0.5662 | Val Acc: 0.7667 | No improvement: 0/5
Epoch 7/20 | Train Loss: 0.5112 | Train Acc: 0.7839 | Val Loss: 0.5573 | Val Acc: 0.7578 | No improvement: 1/5
Epoch 8/20 | Train Loss: 0.5079 | Train Acc: 0.7860 | Val Loss: 0.5607 | Val Acc: 0.7598 | No improvement: 2/5
Epoch 9/20 | Train Loss: 0.5079 | Train Acc: 0.7866 | Val Loss: 0.5688 | Val Acc: 0.7224 | No improvement: 3/5
Epoch 10/20 | Train Loss: 0.5076 | Train Acc: 0.7854 | Val Loss: 0.5655 | Val Acc: 0.7271 | No improvement: 4/5
Epoch 11/20 | Train Loss: 0.5041 | Train Acc: 0.7893 | Val Loss: 0.5654 | Val Acc: 0.7251 | No improvement: 5/5

Early stopping triggered after 11 epochs (5 epochs without improvement).

Best Val Acc: 0.7667  →  saved to optuna_trial_20.pth
  Trial  20 | bal_acc=0.7633 | Denisovan=0.604 | Neanderthal=0.923
[32m[I 2026-05-05 00:03:50,296][0m Trial 20 finished with value: 0.7632943482314798 and parameters: {'num_conv_layers': 3, 'num_dense_layers': 2, 'filters_0': 256, 'filters_1': 256, 'filters_2': 64, 'width_0': 5, 'width_1': 9, 'width_2': 7, 'drop_conv_0': 0.5003976462189579, 'drop_conv_1': 0.46026198696139764, 'drop_conv_2': 0.5656867888905686, 'dense_0': 128, 'dense_1': 256, 'drop_dense_0': 0.4989584869566267, 'drop_dense_1': 0.5783929322115022, 'lr': 0.0005327238052935631, 'weight_decay': 0.0038194572810755115}. Best is trial 14 with value: 0.7740175745985531.[0m
Epoch 1/20 | Train Loss: 0.5615 | Train Acc: 0.7599 | Val Loss: 0.5773 | Val Acc: 0.7623 | No improvement: 0/5
Epoch 2/20 | Train Loss: 0.5268 | Train Acc: 0.7790 | Val Loss: 0.5597 | Val Acc: 0.7655 | No improvement: 0/5
Epoch 3/20 | Train Loss: 0.5173 | Train Acc: 0.7855 | Val Loss: 0.6076 | Val Acc: 0.7616 | No improvement: 1/5
Epoch 4/20 | Train Loss: 0.5144 | Train Acc: 0.7880 | Val Loss: 0.6119 | Val Acc: 0.7627 | No improvement: 2/5
Epoch 5/20 | Train Loss: 0.5105 | Train Acc: 0.7867 | Val Loss: 0.6180 | Val Acc: 0.7545 | No improvement: 3/5
Epoch 6/20 | Train Loss: 0.5094 | Train Acc: 0.7894 | Val Loss: 0.5756 | Val Acc: 0.7682 | No improvement: 0/5
Epoch 7/20 | Train Loss: 0.5093 | Train Acc: 0.7889 | Val Loss: 0.5697 | Val Acc: 0.7684 | No improvement: 0/5
Epoch 8/20 | Train Loss: 0.5046 | Train Acc: 0.7917 | Val Loss: 0.5622 | Val Acc: 0.7651 | No improvement: 1/5
Epoch 9/20 | Train Loss: 0.5060 | Train Acc: 0.7904 | Val Loss: 0.5730 | Val Acc: 0.7655 | No improvement: 2/5
Epoch 10/20 | Train Loss: 0.5019 | Train Acc: 0.7917 | Val Loss: 0.5971 | Val Acc: 0.7629 | No improvement: 3/5
Epoch 11/20 | Train Loss: 0.5001 | Train Acc: 0.7929 | Val Loss: 0.5779 | Val Acc: 0.7649 | No improvement: 4/5
Epoch 12/20 | Train Loss: 0.5010 | Train Acc: 0.7921 | Val Loss: 0.5728 | Val Acc: 0.7459 | No improvement: 5/5

Early stopping triggered after 12 epochs (5 epochs without improvement).

Best Val Acc: 0.7684  →  saved to optuna_trial_21.pth
  Trial  21 | bal_acc=0.7642 | Denisovan=0.573 | Neanderthal=0.955
[32m[I 2026-05-05 00:04:25,703][0m Trial 21 finished with value: 0.7642477873151365 and parameters: {'num_conv_layers': 2, 'num_dense_layers': 2, 'filters_0': 32, 'filters_1': 256, 'width_0': 7, 'width_1': 9, 'drop_conv_0': 0.31962832454406886, 'drop_conv_1': 0.3297983994675728, 'dense_0': 128, 'dense_1': 128, 'drop_dense_0': 0.5684930426435686, 'drop_dense_1': 0.5750380915818598, 'lr': 0.0010337921006839297, 'weight_decay': 0.0006918182905653052}. Best is trial 14 with value: 0.7740175745985531.[0m
Epoch 1/20 | Train Loss: 0.5326 | Train Acc: 0.7760 | Val Loss: 0.5557 | Val Acc: 0.7571 | No improvement: 0/5
Epoch 2/20 | Train Loss: 0.4977 | Train Acc: 0.7949 | Val Loss: 0.5355 | Val Acc: 0.7584 | No improvement: 0/5
Epoch 3/20 | Train Loss: 0.4891 | Train Acc: 0.7986 | Val Loss: 0.5253 | Val Acc: 0.7657 | No improvement: 0/5
Epoch 4/20 | Train Loss: 0.4808 | Train Acc: 0.8010 | Val Loss: 0.5428 | Val Acc: 0.7445 | No improvement: 1/5
Epoch 5/20 | Train Loss: 0.4801 | Train Acc: 0.8004 | Val Loss: 0.5205 | Val Acc: 0.7670 | No improvement: 0/5
Epoch 6/20 | Train Loss: 0.4747 | Train Acc: 0.8015 | Val Loss: 0.5233 | Val Acc: 0.7584 | No improvement: 1/5
Epoch 7/20 | Train Loss: 0.4705 | Train Acc: 0.8033 | Val Loss: 0.5283 | Val Acc: 0.7578 | No improvement: 2/5
Epoch 8/20 | Train Loss: 0.4681 | Train Acc: 0.8024 | Val Loss: 0.5188 | Val Acc: 0.7712 | No improvement: 0/5
Epoch 9/20 | Train Loss: 0.4698 | Train Acc: 0.8026 | Val Loss: 0.5195 | Val Acc: 0.7637 | No improvement: 1/5
Epoch 10/20 | Train Loss: 0.4666 | Train Acc: 0.8051 | Val Loss: 0.5257 | Val Acc: 0.7625 | No improvement: 2/5
Epoch 11/20 | Train Loss: 0.4657 | Train Acc: 0.8049 | Val Loss: 0.5218 | Val Acc: 0.7618 | No improvement: 3/5
Epoch 12/20 | Train Loss: 0.4632 | Train Acc: 0.8049 | Val Loss: 0.5293 | Val Acc: 0.7563 | No improvement: 4/5
Epoch 13/20 | Train Loss: 0.4647 | Train Acc: 0.8055 | Val Loss: 0.5112 | Val Acc: 0.7719 | No improvement: 0/5
Epoch 14/20 | Train Loss: 0.4601 | Train Acc: 0.8072 | Val Loss: 0.5161 | Val Acc: 0.7657 | No improvement: 1/5
Epoch 15/20 | Train Loss: 0.4598 | Train Acc: 0.8065 | Val Loss: 0.5346 | Val Acc: 0.7498 | No improvement: 2/5
Epoch 16/20 | Train Loss: 0.4598 | Train Acc: 0.8067 | Val Loss: 0.5137 | Val Acc: 0.7651 | No improvement: 3/5
Epoch 17/20 | Train Loss: 0.4614 | Train Acc: 0.8071 | Val Loss: 0.5264 | Val Acc: 0.7584 | No improvement: 4/5
Epoch 18/20 | Train Loss: 0.4592 | Train Acc: 0.8083 | Val Loss: 0.5179 | Val Acc: 0.7633 | No improvement: 5/5

Early stopping triggered after 18 epochs (5 epochs without improvement).

Best Val Acc: 0.7719  →  saved to optuna_trial_22.pth
  Trial  22 | bal_acc=0.7692 | Denisovan=0.647 | Neanderthal=0.892
[32m[I 2026-05-05 00:05:23,901][0m Trial 22 finished with value: 0.7692037172604862 and parameters: {'num_conv_layers': 4, 'num_dense_layers': 2, 'filters_0': 64, 'filters_1': 32, 'filters_2': 64, 'filters_3': 128, 'width_0': 5, 'width_1': 19, 'width_2': 9, 'width_3': 7, 'drop_conv_0': 0.29975223430832537, 'drop_conv_1': 0.3390234495019583, 'drop_conv_2': 0.10043327717077227, 'drop_conv_3': 0.27324719060511976, 'dense_0': 64, 'dense_1': 64, 'drop_dense_0': 0.4406495188425491, 'drop_dense_1': 0.30623370548706336, 'lr': 0.0003906839701937966, 'weight_decay': 0.00015043350787505362}. Best is trial 14 with value: 0.7740175745985531.[0m
Epoch 1/20 | Train Loss: 0.5205 | Train Acc: 0.7835 | Val Loss: 0.5295 | Val Acc: 0.7670 | No improvement: 0/5
Epoch 2/20 | Train Loss: 0.4929 | Train Acc: 0.7982 | Val Loss: 0.5341 | Val Acc: 0.7696 | No improvement: 0/5
Epoch 3/20 | Train Loss: 0.4900 | Train Acc: 0.7993 | Val Loss: 0.5252 | Val Acc: 0.7704 | No improvement: 0/5
Epoch 4/20 | Train Loss: 0.4868 | Train Acc: 0.8003 | Val Loss: 0.5229 | Val Acc: 0.7755 | No improvement: 0/5
Epoch 5/20 | Train Loss: 0.4879 | Train Acc: 0.7993 | Val Loss: 0.5293 | Val Acc: 0.7684 | No improvement: 1/5
Epoch 6/20 | Train Loss: 0.4847 | Train Acc: 0.7995 | Val Loss: 0.5217 | Val Acc: 0.7737 | No improvement: 2/5
Epoch 7/20 | Train Loss: 0.4810 | Train Acc: 0.8026 | Val Loss: 0.5160 | Val Acc: 0.7776 | No improvement: 0/5
Epoch 8/20 | Train Loss: 0.4762 | Train Acc: 0.8013 | Val Loss: 0.5097 | Val Acc: 0.7747 | No improvement: 1/5
Epoch 9/20 | Train Loss: 0.4795 | Train Acc: 0.8018 | Val Loss: 0.5125 | Val Acc: 0.7733 | No improvement: 2/5
Epoch 10/20 | Train Loss: 0.4784 | Train Acc: 0.8016 | Val Loss: 0.5104 | Val Acc: 0.7727 | No improvement: 3/5
Epoch 11/20 | Train Loss: 0.4738 | Train Acc: 0.8028 | Val Loss: 0.5171 | Val Acc: 0.7735 | No improvement: 4/5
Epoch 12/20 | Train Loss: 0.4758 | Train Acc: 0.8030 | Val Loss: 0.5100 | Val Acc: 0.7688 | No improvement: 5/5

Early stopping triggered after 12 epochs (5 epochs without improvement).

Best Val Acc: 0.7776  →  saved to optuna_trial_23.pth
  Trial  23 | bal_acc=0.7742 | Denisovan=0.620 | Neanderthal=0.928
