[32m[I 2026-05-05 01:37:02,241][0m Trial 25 finished with value: 0.5473730541103009 and parameters: {'num_conv_layers': 3, 'num_dense_layers': 2, 'filters_0': 256, 'filters_1': 64, 'filters_2': 32, 'width_0': 5, 'width_1': 5, 'width_2': 15, 'drop_conv_0': 0.36902925414700144, 'drop_conv_1': 0.240505175969573, 'drop_conv_2': 0.16649795682409002, 'dense_0': 64, 'dense_1': 64, 'drop_dense_0': 0.42758166238389994, 'drop_dense_1': 0.32990438341302764, 'lr': 3.0099908222563746e-05, 'weight_decay': 0.0026470705546941657}. Best is trial 23 with value: 0.5762778326126164.[0m
Epoch 1/20 | Train Loss: 2.9807 | Train Acc: 0.4004 | Val Loss: 2.8064 | Val Acc: 0.5082 | No improvement: 0/5
Epoch 2/20 | Train Loss: 2.6594 | Train Acc: 0.4985 | Val Loss: 2.6085 | Val Acc: 0.5113 | No improvement: 0/5
Epoch 3/20 | Train Loss: 2.5780 | Train Acc: 0.5114 | Val Loss: 2.5715 | Val Acc: 0.5118 | No improvement: 0/5
Epoch 4/20 | Train Loss: 2.5414 | Train Acc: 0.5152 | Val Loss: 2.5564 | Val Acc: 0.5137 | No improvement: 0/5
Epoch 5/20 | Train Loss: 2.5093 | Train Acc: 0.5255 | Val Loss: 2.5336 | Val Acc: 0.5188 | No improvement: 0/5
Epoch 6/20 | Train Loss: 2.4878 | Train Acc: 0.5298 | Val Loss: 2.5143 | Val Acc: 0.5244 | No improvement: 0/5
Epoch 7/20 | Train Loss: 2.4682 | Train Acc: 0.5327 | Val Loss: 2.5012 | Val Acc: 0.5253 | No improvement: 0/5
Epoch 8/20 | Train Loss: 2.4477 | Train Acc: 0.5365 | Val Loss: 2.4887 | Val Acc: 0.5249 | No improvement: 1/5
Epoch 9/20 | Train Loss: 2.4344 | Train Acc: 0.5387 | Val Loss: 2.4747 | Val Acc: 0.5299 | No improvement: 0/5
Epoch 10/20 | Train Loss: 2.4229 | Train Acc: 0.5413 | Val Loss: 2.4650 | Val Acc: 0.5326 | No improvement: 0/5
Epoch 11/20 | Train Loss: 2.4046 | Train Acc: 0.5474 | Val Loss: 2.4558 | Val Acc: 0.5380 | No improvement: 0/5
Epoch 12/20 | Train Loss: 2.3951 | Train Acc: 0.5476 | Val Loss: 2.4456 | Val Acc: 0.5376 | No improvement: 1/5
Epoch 13/20 | Train Loss: 2.3824 | Train Acc: 0.5521 | Val Loss: 2.4398 | Val Acc: 0.5395 | No improvement: 0/5
Epoch 14/20 | Train Loss: 2.3725 | Train Acc: 0.5532 | Val Loss: 2.4255 | Val Acc: 0.5410 | No improvement: 0/5
Epoch 15/20 | Train Loss: 2.3644 | Train Acc: 0.5564 | Val Loss: 2.4231 | Val Acc: 0.5438 | No improvement: 0/5
Epoch 16/20 | Train Loss: 2.3550 | Train Acc: 0.5594 | Val Loss: 2.4166 | Val Acc: 0.5428 | No improvement: 1/5
Epoch 17/20 | Train Loss: 2.3474 | Train Acc: 0.5612 | Val Loss: 2.4044 | Val Acc: 0.5437 | No improvement: 2/5
Epoch 18/20 | Train Loss: 2.3329 | Train Acc: 0.5624 | Val Loss: 2.3938 | Val Acc: 0.5442 | No improvement: 0/5
Epoch 19/20 | Train Loss: 2.3251 | Train Acc: 0.5651 | Val Loss: 2.4011 | Val Acc: 0.5476 | No improvement: 0/5
Epoch 20/20 | Train Loss: 2.3184 | Train Acc: 0.5694 | Val Loss: 2.3809 | Val Acc: 0.5469 | No improvement: 1/5

Best Val Acc: 0.5476  →  saved to optuna_trial_26.pth
  Trial  26 | bal_acc=0.5458 | Human=0.336 | Denisovan=0.412 | Neanderthal=0.889
[32m[I 2026-05-05 01:40:08,780][0m Trial 26 finished with value: 0.5458127175341164 and parameters: {'num_conv_layers': 3, 'num_dense_layers': 3, 'filters_0': 128, 'filters_1': 64, 'filters_2': 256, 'width_0': 7, 'width_1': 7, 'width_2': 11, 'drop_conv_0': 0.22370251052573983, 'drop_conv_1': 0.15504694251909146, 'drop_conv_2': 0.1011579380288272, 'dense_0': 64, 'dense_1': 128, 'dense_2': 64, 'drop_dense_0': 0.32762567007412824, 'drop_dense_1': 0.301506612972877, 'drop_dense_2': 0.4584860864764752, 'lr': 1.3813282617299685e-05, 'weight_decay': 0.000839505047918997}. Best is trial 23 with value: 0.5762778326126164.[0m
Epoch 1/20 | Train Loss: 2.3977 | Train Acc: 0.5499 | Val Loss: 2.4374 | Val Acc: 0.5398 | No improvement: 0/5
Epoch 2/20 | Train Loss: 2.2917 | Train Acc: 0.5710 | Val Loss: 2.4182 | Val Acc: 0.5365 | No improvement: 1/5
Epoch 3/20 | Train Loss: 2.2656 | Train Acc: 0.5775 | Val Loss: 2.3871 | Val Acc: 0.5473 | No improvement: 0/5
Epoch 4/20 | Train Loss: 2.2548 | Train Acc: 0.5791 | Val Loss: 2.4326 | Val Acc: 0.5453 | No improvement: 1/5
Epoch 5/20 | Train Loss: 2.2543 | Train Acc: 0.5788 | Val Loss: 2.3808 | Val Acc: 0.5496 | No improvement: 0/5
Epoch 6/20 | Train Loss: 2.2441 | Train Acc: 0.5811 | Val Loss: 2.3849 | Val Acc: 0.5569 | No improvement: 0/5
Epoch 7/20 | Train Loss: 2.2428 | Train Acc: 0.5811 | Val Loss: 2.4038 | Val Acc: 0.5488 | No improvement: 1/5
Epoch 8/20 | Train Loss: 2.2404 | Train Acc: 0.5808 | Val Loss: 2.3946 | Val Acc: 0.5533 | No improvement: 2/5
Epoch 9/20 | Train Loss: 2.2410 | Train Acc: 0.5827 | Val Loss: 2.3822 | Val Acc: 0.5615 | No improvement: 0/5
Epoch 10/20 | Train Loss: 2.2366 | Train Acc: 0.5813 | Val Loss: 2.3783 | Val Acc: 0.5572 | No improvement: 1/5
Epoch 11/20 | Train Loss: 2.2373 | Train Acc: 0.5822 | Val Loss: 2.3979 | Val Acc: 0.5453 | No improvement: 2/5
Epoch 12/20 | Train Loss: 2.2364 | Train Acc: 0.5819 | Val Loss: 2.4205 | Val Acc: 0.5502 | No improvement: 3/5
Epoch 13/20 | Train Loss: 2.2408 | Train Acc: 0.5818 | Val Loss: 2.4221 | Val Acc: 0.5550 | No improvement: 4/5
Epoch 14/20 | Train Loss: 2.2356 | Train Acc: 0.5809 | Val Loss: 2.3833 | Val Acc: 0.5633 | No improvement: 0/5
Epoch 15/20 | Train Loss: 2.2421 | Train Acc: 0.5808 | Val Loss: 2.4219 | Val Acc: 0.5538 | No improvement: 1/5
Epoch 16/20 | Train Loss: 2.2394 | Train Acc: 0.5794 | Val Loss: 2.4145 | Val Acc: 0.5563 | No improvement: 2/5
Epoch 17/20 | Train Loss: 2.2361 | Train Acc: 0.5820 | Val Loss: 2.3700 | Val Acc: 0.5530 | No improvement: 3/5
Epoch 18/20 | Train Loss: 2.2398 | Train Acc: 0.5800 | Val Loss: 2.4264 | Val Acc: 0.5576 | No improvement: 4/5
Epoch 19/20 | Train Loss: 2.2372 | Train Acc: 0.5824 | Val Loss: 2.4082 | Val Acc: 0.5552 | No improvement: 5/5

Early stopping triggered after 19 epochs (5 epochs without improvement).

Best Val Acc: 0.5633  →  saved to optuna_trial_27.pth
  Trial  27 | bal_acc=0.5622 | Human=0.349 | Denisovan=0.484 | Neanderthal=0.854
[32m[I 2026-05-05 01:44:03,304][0m Trial 27 finished with value: 0.5622279756707619 and parameters: {'num_conv_layers': 3, 'num_dense_layers': 2, 'filters_0': 32, 'filters_1': 128, 'filters_2': 64, 'width_0': 19, 'width_1': 15, 'width_2': 15, 'drop_conv_0': 0.4250848724900902, 'drop_conv_1': 0.3132429902339048, 'drop_conv_2': 0.2363774639480401, 'dense_0': 64, 'dense_1': 256, 'drop_dense_0': 0.35023911765854826, 'drop_dense_1': 0.3469845264793799, 'lr': 0.0005964447333797663, 'weight_decay': 0.005639530628999162}. Best is trial 23 with value: 0.5762778326126164.[0m
Epoch 1/20 | Train Loss: 2.5964 | Train Acc: 0.5051 | Val Loss: 2.4861 | Val Acc: 0.5272 | No improvement: 0/5
Epoch 2/20 | Train Loss: 2.4461 | Train Acc: 0.5382 | Val Loss: 2.4626 | Val Acc: 0.5328 | No improvement: 0/5
Epoch 3/20 | Train Loss: 2.4177 | Train Acc: 0.5472 | Val Loss: 2.4944 | Val Acc: 0.5292 | No improvement: 1/5
Epoch 4/20 | Train Loss: 2.4012 | Train Acc: 0.5506 | Val Loss: 2.4143 | Val Acc: 0.5407 | No improvement: 0/5
Epoch 5/20 | Train Loss: 2.3993 | Train Acc: 0.5517 | Val Loss: 2.4627 | Val Acc: 0.5318 | No improvement: 1/5
Epoch 6/20 | Train Loss: 2.3945 | Train Acc: 0.5531 | Val Loss: 2.4220 | Val Acc: 0.5409 | No improvement: 0/5
Epoch 7/20 | Train Loss: 2.3864 | Train Acc: 0.5542 | Val Loss: 2.5168 | Val Acc: 0.5134 | No improvement: 1/5
Epoch 8/20 | Train Loss: 2.3895 | Train Acc: 0.5545 | Val Loss: 2.5360 | Val Acc: 0.5165 | No improvement: 2/5
Epoch 9/20 | Train Loss: 2.3901 | Train Acc: 0.5522 | Val Loss: 2.4120 | Val Acc: 0.5405 | No improvement: 3/5
Epoch 10/20 | Train Loss: 2.3833 | Train Acc: 0.5563 | Val Loss: 2.4144 | Val Acc: 0.5434 | No improvement: 0/5
Epoch 11/20 | Train Loss: 2.3813 | Train Acc: 0.5542 | Val Loss: 2.4652 | Val Acc: 0.5290 | No improvement: 1/5
Epoch 12/20 | Train Loss: 2.3817 | Train Acc: 0.5564 | Val Loss: 2.4079 | Val Acc: 0.5417 | No improvement: 2/5
Epoch 13/20 | Train Loss: 2.3864 | Train Acc: 0.5533 | Val Loss: 2.4075 | Val Acc: 0.5390 | No improvement: 3/5
Epoch 14/20 | Train Loss: 2.3821 | Train Acc: 0.5558 | Val Loss: 2.4192 | Val Acc: 0.5417 | No improvement: 4/5
Epoch 15/20 | Train Loss: 2.3847 | Train Acc: 0.5547 | Val Loss: 2.4273 | Val Acc: 0.5344 | No improvement: 5/5

Early stopping triggered after 15 epochs (5 epochs without improvement).

Best Val Acc: 0.5434  →  saved to optuna_trial_28.pth
  Trial  28 | bal_acc=0.5420 | Human=0.291 | Denisovan=0.435 | Neanderthal=0.900
[32m[I 2026-05-05 01:46:11,327][0m Trial 28 finished with value: 0.5419807920230492 and parameters: {'num_conv_layers': 2, 'num_dense_layers': 2, 'filters_0': 256, 'filters_1': 256, 'width_0': 15, 'width_1': 11, 'drop_conv_0': 0.4825461153477738, 'drop_conv_1': 0.23766148803657902, 'dense_0': 256, 'dense_1': 64, 'drop_dense_0': 0.3070167764761458, 'drop_dense_1': 0.5441315598493666, 'lr': 0.007942920144739875, 'weight_decay': 0.000775698967986777}. Best is trial 23 with value: 0.5762778326126164.[0m
Epoch 1/20 | Train Loss: 2.4961 | Train Acc: 0.5258 | Val Loss: 2.4569 | Val Acc: 0.5365 | No improvement: 0/5
Epoch 2/20 | Train Loss: 2.3252 | Train Acc: 0.5659 | Val Loss: 2.4062 | Val Acc: 0.5425 | No improvement: 0/5
Epoch 3/20 | Train Loss: 2.2755 | Train Acc: 0.5724 | Val Loss: 2.3545 | Val Acc: 0.5575 | No improvement: 0/5
Epoch 4/20 | Train Loss: 2.2498 | Train Acc: 0.5783 | Val Loss: 2.3217 | Val Acc: 0.5615 | No improvement: 0/5
Epoch 5/20 | Train Loss: 2.2325 | Train Acc: 0.5828 | Val Loss: 2.3156 | Val Acc: 0.5555 | No improvement: 1/5
Epoch 6/20 | Train Loss: 2.2195 | Train Acc: 0.5850 | Val Loss: 2.3250 | Val Acc: 0.5656 | No improvement: 0/5
Epoch 7/20 | Train Loss: 2.2102 | Train Acc: 0.5877 | Val Loss: 2.3263 | Val Acc: 0.5622 | No improvement: 1/5
Epoch 8/20 | Train Loss: 2.2105 | Train Acc: 0.5883 | Val Loss: 2.3042 | Val Acc: 0.5649 | No improvement: 2/5
Epoch 9/20 | Train Loss: 2.1964 | Train Acc: 0.5919 | Val Loss: 2.3344 | Val Acc: 0.5610 | No improvement: 3/5
Epoch 10/20 | Train Loss: 2.1999 | Train Acc: 0.5891 | Val Loss: 2.3171 | Val Acc: 0.5604 | No improvement: 4/5
Epoch 11/20 | Train Loss: 2.1919 | Train Acc: 0.5913 | Val Loss: 2.2937 | Val Acc: 0.5679 | No improvement: 0/5
Epoch 12/20 | Train Loss: 2.1904 | Train Acc: 0.5925 | Val Loss: 2.2890 | Val Acc: 0.5673 | No improvement: 1/5
Epoch 13/20 | Train Loss: 2.1808 | Train Acc: 0.5922 | Val Loss: 2.3045 | Val Acc: 0.5604 | No improvement: 2/5
Epoch 14/20 | Train Loss: 2.1829 | Train Acc: 0.5940 | Val Loss: 2.2777 | Val Acc: 0.5694 | No improvement: 0/5
Epoch 15/20 | Train Loss: 2.1762 | Train Acc: 0.5948 | Val Loss: 2.2697 | Val Acc: 0.5710 | No improvement: 0/5
Epoch 16/20 | Train Loss: 2.1726 | Train Acc: 0.5948 | Val Loss: 2.2775 | Val Acc: 0.5703 | No improvement: 1/5
Epoch 17/20 | Train Loss: 2.1759 | Train Acc: 0.5948 | Val Loss: 2.2625 | Val Acc: 0.5745 | No improvement: 0/5
Epoch 18/20 | Train Loss: 2.1745 | Train Acc: 0.5967 | Val Loss: 2.2953 | Val Acc: 0.5603 | No improvement: 1/5
Epoch 19/20 | Train Loss: 2.1711 | Train Acc: 0.5967 | Val Loss: 2.2901 | Val Acc: 0.5694 | No improvement: 2/5
Epoch 20/20 | Train Loss: 2.1695 | Train Acc: 0.5968 | Val Loss: 2.3095 | Val Acc: 0.5560 | No improvement: 3/5

Best Val Acc: 0.5745  →  saved to optuna_trial_29.pth
  Trial  29 | bal_acc=0.5734 | Human=0.401 | Denisovan=0.489 | Neanderthal=0.830
[32m[I 2026-05-05 01:48:26,890][0m Trial 29 finished with value: 0.5733623807175727 and parameters: {'num_conv_layers': 3, 'num_dense_layers': 3, 'filters_0': 256, 'filters_1': 32, 'filters_2': 128, 'width_0': 9, 'width_1': 19, 'width_2': 15, 'drop_conv_0': 0.291177261302443, 'drop_conv_1': 0.39439411779646183, 'drop_conv_2': 0.16062157547572553, 'dense_0': 128, 'dense_1': 64, 'dense_2': 128, 'drop_dense_0': 0.37760265256639475, 'drop_dense_1': 0.40708200895772156, 'drop_dense_2': 0.3125586856823361, 'lr': 0.0002381384898915267, 'weight_decay': 0.0015447882989316998}. Best is trial 23 with value: 0.5762778326126164.[0m
Epoch 1/20 | Train Loss: 2.5502 | Train Acc: 0.5145 | Val Loss: 2.5366 | Val Acc: 0.5379 | No improvement: 0/5
Epoch 2/20 | Train Loss: 2.3703 | Train Acc: 0.5558 | Val Loss: 2.4608 | Val Acc: 0.5407 | No improvement: 0/5
Epoch 3/20 | Train Loss: 2.3130 | Train Acc: 0.5649 | Val Loss: 2.4625 | Val Acc: 0.5442 | No improvement: 0/5
Epoch 4/20 | Train Loss: 2.2794 | Train Acc: 0.5711 | Val Loss: 2.4303 | Val Acc: 0.5548 | No improvement: 0/5
Epoch 5/20 | Train Loss: 2.2608 | Train Acc: 0.5754 | Val Loss: 2.4006 | Val Acc: 0.5576 | No improvement: 0/5
Epoch 6/20 | Train Loss: 2.2441 | Train Acc: 0.5787 | Val Loss: 2.4088 | Val Acc: 0.5604 | No improvement: 0/5
Epoch 7/20 | Train Loss: 2.2356 | Train Acc: 0.5817 | Val Loss: 2.3870 | Val Acc: 0.5568 | No improvement: 1/5
Epoch 8/20 | Train Loss: 2.2189 | Train Acc: 0.5857 | Val Loss: 2.3995 | Val Acc: 0.5611 | No improvement: 0/5
Epoch 9/20 | Train Loss: 2.2112 | Train Acc: 0.5866 | Val Loss: 2.3856 | Val Acc: 0.5645 | No improvement: 0/5
Epoch 10/20 | Train Loss: 2.2055 | Train Acc: 0.5877 | Val Loss: 2.3715 | Val Acc: 0.5672 | No improvement: 0/5
Epoch 11/20 | Train Loss: 2.2011 | Train Acc: 0.5878 | Val Loss: 2.3665 | Val Acc: 0.5677 | No improvement: 0/5
Epoch 12/20 | Train Loss: 2.1975 | Train Acc: 0.5910 | Val Loss: 2.3925 | Val Acc: 0.5618 | No improvement: 1/5
Epoch 13/20 | Train Loss: 2.1935 | Train Acc: 0.5912 | Val Loss: 2.4046 | Val Acc: 0.5652 | No improvement: 2/5
Epoch 14/20 | Train Loss: 2.1887 | Train Acc: 0.5922 | Val Loss: 2.3737 | Val Acc: 0.5673 | No improvement: 3/5
Epoch 15/20 | Train Loss: 2.1831 | Train Acc: 0.5922 | Val Loss: 2.3930 | Val Acc: 0.5677 | No improvement: 4/5
Epoch 16/20 | Train Loss: 2.1804 | Train Acc: 0.5942 | Val Loss: 2.3785 | Val Acc: 0.5688 | No improvement: 0/5
Epoch 17/20 | Train Loss: 2.1768 | Train Acc: 0.5948 | Val Loss: 2.3845 | Val Acc: 0.5586 | No improvement: 1/5
Epoch 18/20 | Train Loss: 2.1721 | Train Acc: 0.5949 | Val Loss: 2.3968 | Val Acc: 0.5596 | No improvement: 2/5
Epoch 19/20 | Train Loss: 2.1706 | Train Acc: 0.5956 | Val Loss: 2.3992 | Val Acc: 0.5649 | No improvement: 3/5
Epoch 20/20 | Train Loss: 2.1649 | Train Acc: 0.5963 | Val Loss: 2.3561 | Val Acc: 0.5699 | No improvement: 0/5

Best Val Acc: 0.5699  →  saved to optuna_trial_30.pth
  Trial  30 | bal_acc=0.5689 | Human=0.328 | Denisovan=0.498 | Neanderthal=0.881
[32m[I 2026-05-05 01:49:47,087][0m Trial 30 finished with value: 0.568941880418456 and parameters: {'num_conv_layers': 3, 'num_dense_layers': 2, 'filters_0': 64, 'filters_1': 64, 'filters_2': 128, 'width_0': 11, 'width_1': 19, 'width_2': 11, 'drop_conv_0': 0.24385292111532134, 'drop_conv_1': 0.30881128295580906, 'drop_conv_2': 0.3808918645104399, 'dense_0': 64, 'dense_1': 256, 'drop_dense_0': 0.33896022608412635, 'drop_dense_1': 0.3232568134729896, 'lr': 9.96383397126902e-05, 'weight_decay': 0.003098202409659793}. Best is trial 23 with value: 0.5762778326126164.[0m
Epoch 1/20 | Train Loss: 2.4897 | Train Acc: 0.5284 | Val Loss: 2.4284 | Val Acc: 0.5418 | No improvement: 0/5
Epoch 2/20 | Train Loss: 2.3293 | Train Acc: 0.5658 | Val Loss: 2.3935 | Val Acc: 0.5522 | No improvement: 0/5
Epoch 3/20 | Train Loss: 2.2782 | Train Acc: 0.5759 | Val Loss: 2.3424 | Val Acc: 0.5490 | No improvement: 1/5
Epoch 4/20 | Train Loss: 2.2450 | Train Acc: 0.5811 | Val Loss: 2.3459 | Val Acc: 0.5618 | No improvement: 0/5
Epoch 5/20 | Train Loss: 2.2354 | Train Acc: 0.5828 | Val Loss: 2.3450 | Val Acc: 0.5619 | No improvement: 0/5
Epoch 6/20 | Train Loss: 2.2165 | Train Acc: 0.5857 | Val Loss: 2.3201 | Val Acc: 0.5621 | No improvement: 0/5
Epoch 7/20 | Train Loss: 2.2127 | Train Acc: 0.5881 | Val Loss: 2.3267 | Val Acc: 0.5634 | No improvement: 0/5
Epoch 8/20 | Train Loss: 2.2058 | Train Acc: 0.5895 | Val Loss: 2.2812 | Val Acc: 0.5676 | No improvement: 0/5
Epoch 9/20 | Train Loss: 2.1991 | Train Acc: 0.5928 | Val Loss: 2.3207 | Val Acc: 0.5654 | No improvement: 1/5
Epoch 10/20 | Train Loss: 2.1944 | Train Acc: 0.5906 | Val Loss: 2.3006 | Val Acc: 0.5671 | No improvement: 2/5
Epoch 11/20 | Train Loss: 2.1916 | Train Acc: 0.5914 | Val Loss: 2.2979 | Val Acc: 0.5696 | No improvement: 0/5
Epoch 12/20 | Train Loss: 2.1871 | Train Acc: 0.5937 | Val Loss: 2.2814 | Val Acc: 0.5727 | No improvement: 0/5
Epoch 13/20 | Train Loss: 2.1840 | Train Acc: 0.5932 | Val Loss: 2.3001 | Val Acc: 0.5680 | No improvement: 1/5
Epoch 14/20 | Train Loss: 2.1837 | Train Acc: 0.5924 | Val Loss: 2.2870 | Val Acc: 0.5650 | No improvement: 2/5
Epoch 15/20 | Train Loss: 2.1753 | Train Acc: 0.5947 | Val Loss: 2.2801 | Val Acc: 0.5702 | No improvement: 3/5
Epoch 16/20 | Train Loss: 2.1798 | Train Acc: 0.5943 | Val Loss: 2.2990 | Val Acc: 0.5652 | No improvement: 4/5
Epoch 17/20 | Train Loss: 2.1779 | Train Acc: 0.5948 | Val Loss: 2.2829 | Val Acc: 0.5710 | No improvement: 5/5

Early stopping triggered after 17 epochs (5 epochs without improvement).

Best Val Acc: 0.5727  →  saved to optuna_trial_31.pth
  Trial  31 | bal_acc=0.5713 | Human=0.402 | Denisovan=0.466 | Neanderthal=0.845
[32m[I 2026-05-05 01:51:43,754][0m Trial 31 finished with value: 0.5713244342690523 and parameters: {'num_conv_layers': 3, 'num_dense_layers': 3, 'filters_0': 256, 'filters_1': 32, 'filters_2': 128, 'width_0': 9, 'width_1': 19, 'width_2': 15, 'drop_conv_0': 0.2946123422050995, 'drop_conv_1': 0.3847513038458057, 'drop_conv_2': 0.15528579413679022, 'dense_0': 128, 'dense_1': 64, 'dense_2': 128, 'drop_dense_0': 0.37543199042832265, 'drop_dense_1': 0.3925545878106786, 'drop_dense_2': 0.31340213181475296, 'lr': 0.00027338590110288373, 'weight_decay': 0.0014887862912689146}. Best is trial 23 with value: 0.5762778326126164.[0m
Epoch 1/20 | Train Loss: 2.4575 | Train Acc: 0.5381 | Val Loss: 2.4807 | Val Acc: 0.5340 | No improvement: 0/5
Epoch 2/20 | Train Loss: 2.3873 | Train Acc: 0.5554 | Val Loss: 2.4876 | Val Acc: 0.5322 | No improvement: 1/5
Epoch 3/20 | Train Loss: 2.3747 | Train Acc: 0.5585 | Val Loss: 2.4707 | Val Acc: 0.5371 | No improvement: 0/5
Epoch 4/20 | Train Loss: 2.3720 | Train Acc: 0.5569 | Val Loss: 2.4952 | Val Acc: 0.5310 | No improvement: 1/5
Epoch 5/20 | Train Loss: 2.3573 | Train Acc: 0.5588 | Val Loss: 2.4854 | Val Acc: 0.5249 | No improvement: 2/5
Epoch 6/20 | Train Loss: 2.3508 | Train Acc: 0.5607 | Val Loss: 2.7035 | Val Acc: 0.4914 | No improvement: 3/5
Epoch 7/20 | Train Loss: 2.3523 | Train Acc: 0.5611 | Val Loss: 2.5485 | Val Acc: 0.5198 | No improvement: 4/5
Epoch 8/20 | Train Loss: 2.3557 | Train Acc: 0.5607 | Val Loss: 2.5853 | Val Acc: 0.5149 | No improvement: 5/5

Early stopping triggered after 8 epochs (5 epochs without improvement).

Best Val Acc: 0.5371  →  saved to optuna_trial_32.pth
  Trial  32 | bal_acc=0.5355 | Human=0.281 | Denisovan=0.415 | Neanderthal=0.910
[32m[I 2026-05-05 01:52:38,550][0m Trial 32 finished with value: 0.5354501819985598 and parameters: {'num_conv_layers': 3, 'num_dense_layers': 3, 'filters_0': 256, 'filters_1': 32, 'filters_2': 128, 'width_0': 9, 'width_1': 19, 'width_2': 15, 'drop_conv_0': 0.3641261154022416, 'drop_conv_1': 0.43751830817304305, 'drop_conv_2': 0.14541676360434702, 'dense_0': 128, 'dense_1': 64, 'dense_2': 128, 'drop_dense_0': 0.4068805905118818, 'drop_dense_1': 0.4262342861882779, 'drop_dense_2': 0.4067928053652433, 'lr': 0.0014014233202849634, 'weight_decay': 0.0044831466684329396}. Best is trial 23 with value: 0.5762778326126164.[0m
Epoch 1/20 | Train Loss: 2.4645 | Train Acc: 0.5373 | Val Loss: 2.5058 | Val Acc: 0.5356 | No improvement: 0/5
Epoch 2/20 | Train Loss: 2.3281 | Train Acc: 0.5649 | Val Loss: 2.4310 | Val Acc: 0.5437 | No improvement: 0/5
Epoch 3/20 | Train Loss: 2.2878 | Train Acc: 0.5729 | Val Loss: 2.4613 | Val Acc: 0.5487 | No improvement: 0/5
Epoch 4/20 | Train Loss: 2.2632 | Train Acc: 0.5780 | Val Loss: 2.3792 | Val Acc: 0.5629 | No improvement: 0/5
Epoch 5/20 | Train Loss: 2.2425 | Train Acc: 0.5818 | Val Loss: 2.3652 | Val Acc: 0.5591 | No improvement: 1/5
Epoch 6/20 | Train Loss: 2.2301 | Train Acc: 0.5828 | Val Loss: 2.3267 | Val Acc: 0.5654 | No improvement: 0/5
Epoch 7/20 | Train Loss: 2.2166 | Train Acc: 0.5876 | Val Loss: 2.3721 | Val Acc: 0.5632 | No improvement: 1/5
Epoch 8/20 | Train Loss: 2.2079 | Train Acc: 0.5894 | Val Loss: 2.3673 | Val Acc: 0.5598 | No improvement: 2/5
Epoch 9/20 | Train Loss: 2.2028 | Train Acc: 0.5905 | Val Loss: 2.3213 | Val Acc: 0.5683 | No improvement: 0/5
Epoch 10/20 | Train Loss: 2.1981 | Train Acc: 0.5915 | Val Loss: 2.3358 | Val Acc: 0.5694 | No improvement: 0/5
Epoch 11/20 | Train Loss: 2.1972 | Train Acc: 0.5911 | Val Loss: 2.3723 | Val Acc: 0.5537 | No improvement: 1/5
Epoch 12/20 | Train Loss: 2.1840 | Train Acc: 0.5944 | Val Loss: 2.3154 | Val Acc: 0.5654 | No improvement: 2/5
Epoch 13/20 | Train Loss: 2.1794 | Train Acc: 0.5962 | Val Loss: 2.3223 | Val Acc: 0.5710 | No improvement: 0/5
Epoch 14/20 | Train Loss: 2.1821 | Train Acc: 0.5953 | Val Loss: 2.2900 | Val Acc: 0.5717 | No improvement: 0/5
Epoch 15/20 | Train Loss: 2.1784 | Train Acc: 0.5948 | Val Loss: 2.3026 | Val Acc: 0.5717 | No improvement: 1/5
Epoch 16/20 | Train Loss: 2.1702 | Train Acc: 0.5985 | Val Loss: 2.2906 | Val Acc: 0.5740 | No improvement: 0/5
Epoch 17/20 | Train Loss: 2.1757 | Train Acc: 0.5974 | Val Loss: 2.2855 | Val Acc: 0.5776 | No improvement: 0/5
Epoch 18/20 | Train Loss: 2.1724 | Train Acc: 0.5966 | Val Loss: 2.2928 | Val Acc: 0.5763 | No improvement: 1/5
Epoch 19/20 | Train Loss: 2.1648 | Train Acc: 0.5976 | Val Loss: 2.3141 | Val Acc: 0.5736 | No improvement: 2/5
Epoch 20/20 | Train Loss: 2.1646 | Train Acc: 0.5991 | Val Loss: 2.3057 | Val Acc: 0.5698 | No improvement: 3/5

Best Val Acc: 0.5776  →  saved to optuna_trial_33.pth
  Trial  33 | bal_acc=0.5766 | Human=0.388 | Denisovan=0.500 | Neanderthal=0.841
