[32m[I 2026-05-05 02:38:28,951][0m Trial 49 finished with value: 0.5585907799867696 and parameters: {'num_conv_layers': 3, 'num_dense_layers': 1, 'filters_0': 256, 'filters_1': 128, 'filters_2': 64, 'width_0': 15, 'width_1': 11, 'width_2': 15, 'drop_conv_0': 0.18952060958961806, 'drop_conv_1': 0.2858457690109455, 'drop_conv_2': 0.2729479234015623, 'dense_0': 128, 'drop_dense_0': 0.38922097981365694, 'lr': 0.0009048628178892502, 'weight_decay': 0.0012645104454679344}. Best is trial 47 with value: 0.5816425061240255.[0m

============================================================
OPTUNA RESULTS — multiclass
============================================================
  Best Balanced Acc : 0.5816
  Best Params:
    num_conv_layers: 3
    num_dense_layers: 1
    filters_0: 256
    filters_1: 128
    filters_2: 64
    width_0: 15
    width_1: 11
    width_2: 15
    drop_conv_0: 0.18281326734302775
    drop_conv_1: 0.29276983072250995
    drop_conv_2: 0.1342698776169164
    dense_0: 128
    drop_dense_0: 0.35677016454523924
    lr: 0.00012195151797538036
    weight_decay: 0.0013563110015086574

  Per-class recall at best trial:
    Denisovan_recall: 0.4706
    Human_recall: 0.489
    Neanderthal_recall: 0.7853
    raw_val_acc: 0.5831

  Full results saved → optuna_results_multiclass.csv
