[32m[I 2026-05-05 01:14:59,388][0m Trial 17 finished with value: 0.5147132872520851 and parameters: {'num_conv_layers': 3, 'num_dense_layers': 2, 'filters_0': 32, 'filters_1': 64, 'filters_2': 128, 'width_0': 11, 'width_1': 19, 'width_2': 15, 'drop_conv_0': 0.5991222532496803, 'drop_conv_1': 0.4009879960174214, 'drop_conv_2': 0.2943237479318429, 'dense_0': 64, 'dense_1': 128, 'drop_dense_0': 0.3050758898385695, 'drop_dense_1': 0.30602494184291595, 'lr': 9.960085104311275e-05, 'weight_decay': 0.0010716989097772028}. Best is trial 13 with value: 0.5753837296124171.[0m
Epoch 1/20 | Train Loss: 2.9839 | Train Acc: 0.3965 | Val Loss: 2.8223 | Val Acc: 0.5018 | No improvement: 0/5
Epoch 2/20 | Train Loss: 2.7102 | Train Acc: 0.4799 | Val Loss: 2.6766 | Val Acc: 0.5102 | No improvement: 0/5
Epoch 3/20 | Train Loss: 2.6141 | Train Acc: 0.5010 | Val Loss: 2.6222 | Val Acc: 0.5117 | No improvement: 0/5
Epoch 4/20 | Train Loss: 2.5686 | Train Acc: 0.5102 | Val Loss: 2.5957 | Val Acc: 0.5140 | No improvement: 0/5
Epoch 5/20 | Train Loss: 2.5394 | Train Acc: 0.5162 | Val Loss: 2.5750 | Val Acc: 0.5145 | No improvement: 0/5
Epoch 6/20 | Train Loss: 2.5229 | Train Acc: 0.5204 | Val Loss: 2.5653 | Val Acc: 0.5213 | No improvement: 0/5
Epoch 7/20 | Train Loss: 2.5002 | Train Acc: 0.5245 | Val Loss: 2.5479 | Val Acc: 0.5260 | No improvement: 0/5
Epoch 8/20 | Train Loss: 2.4848 | Train Acc: 0.5288 | Val Loss: 2.5379 | Val Acc: 0.5268 | No improvement: 0/5
Epoch 9/20 | Train Loss: 2.4699 | Train Acc: 0.5306 | Val Loss: 2.5302 | Val Acc: 0.5280 | No improvement: 0/5
Epoch 10/20 | Train Loss: 2.4569 | Train Acc: 0.5342 | Val Loss: 2.5112 | Val Acc: 0.5283 | No improvement: 0/5
Epoch 11/20 | Train Loss: 2.4480 | Train Acc: 0.5372 | Val Loss: 2.5039 | Val Acc: 0.5294 | No improvement: 0/5
Epoch 12/20 | Train Loss: 2.4388 | Train Acc: 0.5398 | Val Loss: 2.5018 | Val Acc: 0.5353 | No improvement: 0/5
Epoch 13/20 | Train Loss: 2.4217 | Train Acc: 0.5423 | Val Loss: 2.4893 | Val Acc: 0.5361 | No improvement: 0/5
Epoch 14/20 | Train Loss: 2.4106 | Train Acc: 0.5443 | Val Loss: 2.4805 | Val Acc: 0.5395 | No improvement: 0/5
Epoch 15/20 | Train Loss: 2.4012 | Train Acc: 0.5467 | Val Loss: 2.4705 | Val Acc: 0.5364 | No improvement: 1/5
Epoch 16/20 | Train Loss: 2.3886 | Train Acc: 0.5509 | Val Loss: 2.4650 | Val Acc: 0.5379 | No improvement: 2/5
Epoch 17/20 | Train Loss: 2.3829 | Train Acc: 0.5517 | Val Loss: 2.4616 | Val Acc: 0.5402 | No improvement: 0/5
Epoch 18/20 | Train Loss: 2.3771 | Train Acc: 0.5524 | Val Loss: 2.4533 | Val Acc: 0.5425 | No improvement: 0/5
Epoch 19/20 | Train Loss: 2.3696 | Train Acc: 0.5524 | Val Loss: 2.4469 | Val Acc: 0.5422 | No improvement: 1/5
Epoch 20/20 | Train Loss: 2.3595 | Train Acc: 0.5556 | Val Loss: 2.4452 | Val Acc: 0.5406 | No improvement: 2/5

Best Val Acc: 0.5425  →  saved to optuna_trial_18.pth
  Trial  18 | bal_acc=0.5415 | Human=0.283 | Denisovan=0.468 | Neanderthal=0.873
[32m[I 2026-05-05 01:16:01,669][0m Trial 18 finished with value: 0.5414863625561853 and parameters: {'num_conv_layers': 2, 'num_dense_layers': 2, 'filters_0': 64, 'filters_1': 64, 'width_0': 11, 'width_1': 19, 'drop_conv_0': 0.25549706048518034, 'drop_conv_1': 0.30442354417501055, 'dense_0': 64, 'dense_1': 64, 'drop_dense_0': 0.3658083104801023, 'drop_dense_1': 0.4837675066334396, 'lr': 1.5872761596620377e-05, 'weight_decay': 0.0019482363951191023}. Best is trial 13 with value: 0.5753837296124171.[0m
Epoch 1/20 | Train Loss: 2.7751 | Train Acc: 0.4587 | Val Loss: 2.5970 | Val Acc: 0.5064 | No improvement: 0/5
Epoch 2/20 | Train Loss: 2.5107 | Train Acc: 0.5223 | Val Loss: 2.5490 | Val Acc: 0.5175 | No improvement: 0/5
Epoch 3/20 | Train Loss: 2.4561 | Train Acc: 0.5331 | Val Loss: 2.5090 | Val Acc: 0.5228 | No improvement: 0/5
Epoch 4/20 | Train Loss: 2.4219 | Train Acc: 0.5399 | Val Loss: 2.5107 | Val Acc: 0.5234 | No improvement: 0/5
Epoch 5/20 | Train Loss: 2.3940 | Train Acc: 0.5459 | Val Loss: 2.4623 | Val Acc: 0.5336 | No improvement: 0/5
Epoch 6/20 | Train Loss: 2.3721 | Train Acc: 0.5522 | Val Loss: 2.4659 | Val Acc: 0.5348 | No improvement: 0/5
Epoch 7/20 | Train Loss: 2.3485 | Train Acc: 0.5579 | Val Loss: 2.4773 | Val Acc: 0.5322 | No improvement: 1/5
Epoch 8/20 | Train Loss: 2.3318 | Train Acc: 0.5633 | Val Loss: 2.4327 | Val Acc: 0.5403 | No improvement: 0/5
Epoch 9/20 | Train Loss: 2.3164 | Train Acc: 0.5679 | Val Loss: 2.4052 | Val Acc: 0.5486 | No improvement: 0/5
Epoch 10/20 | Train Loss: 2.3024 | Train Acc: 0.5688 | Val Loss: 2.3970 | Val Acc: 0.5482 | No improvement: 1/5
Epoch 11/20 | Train Loss: 2.2885 | Train Acc: 0.5711 | Val Loss: 2.3949 | Val Acc: 0.5491 | No improvement: 0/5
Epoch 12/20 | Train Loss: 2.2768 | Train Acc: 0.5732 | Val Loss: 2.4147 | Val Acc: 0.5510 | No improvement: 0/5
Epoch 13/20 | Train Loss: 2.2721 | Train Acc: 0.5745 | Val Loss: 2.3785 | Val Acc: 0.5555 | No improvement: 0/5
Epoch 14/20 | Train Loss: 2.2675 | Train Acc: 0.5769 | Val Loss: 2.4142 | Val Acc: 0.5496 | No improvement: 1/5
Epoch 15/20 | Train Loss: 2.2585 | Train Acc: 0.5795 | Val Loss: 2.4224 | Val Acc: 0.5453 | No improvement: 2/5
Epoch 16/20 | Train Loss: 2.2586 | Train Acc: 0.5778 | Val Loss: 2.4066 | Val Acc: 0.5565 | No improvement: 0/5
Epoch 17/20 | Train Loss: 2.2493 | Train Acc: 0.5795 | Val Loss: 2.4139 | Val Acc: 0.5465 | No improvement: 1/5
Epoch 18/20 | Train Loss: 2.2426 | Train Acc: 0.5813 | Val Loss: 2.4079 | Val Acc: 0.5496 | No improvement: 2/5
Epoch 19/20 | Train Loss: 2.2372 | Train Acc: 0.5840 | Val Loss: 2.3776 | Val Acc: 0.5559 | No improvement: 3/5
Epoch 20/20 | Train Loss: 2.2349 | Train Acc: 0.5836 | Val Loss: 2.3882 | Val Acc: 0.5688 | No improvement: 0/5

Best Val Acc: 0.5688  →  saved to optuna_trial_19.pth
  Trial  19 | bal_acc=0.5675 | Human=0.385 | Denisovan=0.469 | Neanderthal=0.848
[32m[I 2026-05-05 01:22:43,252][0m Trial 19 finished with value: 0.5674870687571146 and parameters: {'num_conv_layers': 3, 'num_dense_layers': 3, 'filters_0': 256, 'filters_1': 256, 'filters_2': 64, 'width_0': 11, 'width_1': 19, 'width_2': 7, 'drop_conv_0': 0.506576245068763, 'drop_conv_1': 0.19028322619686944, 'drop_conv_2': 0.20465157990336796, 'dense_0': 128, 'dense_1': 256, 'dense_2': 256, 'drop_dense_0': 0.45176967339182017, 'drop_dense_1': 0.3811522655273518, 'drop_dense_2': 0.5270339355542024, 'lr': 2.756728338502431e-05, 'weight_decay': 0.005485639363586157}. Best is trial 13 with value: 0.5753837296124171.[0m
Epoch 1/20 | Train Loss: 2.5269 | Train Acc: 0.5180 | Val Loss: 2.4861 | Val Acc: 0.5342 | No improvement: 0/5
Epoch 2/20 | Train Loss: 2.3634 | Train Acc: 0.5559 | Val Loss: 2.4508 | Val Acc: 0.5382 | No improvement: 0/5
Epoch 3/20 | Train Loss: 2.3169 | Train Acc: 0.5656 | Val Loss: 2.4403 | Val Acc: 0.5438 | No improvement: 0/5
Epoch 4/20 | Train Loss: 2.2927 | Train Acc: 0.5701 | Val Loss: 2.4368 | Val Acc: 0.5376 | No improvement: 1/5
Epoch 5/20 | Train Loss: 2.2751 | Train Acc: 0.5727 | Val Loss: 2.4037 | Val Acc: 0.5468 | No improvement: 0/5
Epoch 6/20 | Train Loss: 2.2592 | Train Acc: 0.5764 | Val Loss: 2.4353 | Val Acc: 0.5324 | No improvement: 1/5
Epoch 7/20 | Train Loss: 2.2522 | Train Acc: 0.5774 | Val Loss: 2.4582 | Val Acc: 0.5194 | No improvement: 2/5
Epoch 8/20 | Train Loss: 2.2437 | Train Acc: 0.5804 | Val Loss: 2.4388 | Val Acc: 0.5272 | No improvement: 3/5
Epoch 9/20 | Train Loss: 2.2349 | Train Acc: 0.5818 | Val Loss: 2.4101 | Val Acc: 0.5344 | No improvement: 4/5
Epoch 10/20 | Train Loss: 2.2330 | Train Acc: 0.5824 | Val Loss: 2.4152 | Val Acc: 0.5328 | No improvement: 5/5

Early stopping triggered after 10 epochs (5 epochs without improvement).

Best Val Acc: 0.5468  →  saved to optuna_trial_20.pth
  Trial  20 | bal_acc=0.5445 | Human=0.484 | Denisovan=0.375 | Neanderthal=0.774
[32m[I 2026-05-05 01:23:24,800][0m Trial 20 finished with value: 0.5445189965107945 and parameters: {'num_conv_layers': 3, 'num_dense_layers': 2, 'filters_0': 64, 'filters_1': 64, 'filters_2': 128, 'width_0': 9, 'width_1': 9, 'width_2': 19, 'drop_conv_0': 0.38540485309954464, 'drop_conv_1': 0.595527241631034, 'drop_conv_2': 0.3616631291995349, 'dense_0': 64, 'dense_1': 256, 'drop_dense_0': 0.3322041531068118, 'drop_dense_1': 0.4188441889712582, 'lr': 0.0002383274838220191, 'weight_decay': 0.0015940815776079886}. Best is trial 13 with value: 0.5753837296124171.[0m
Epoch 1/20 | Train Loss: 2.7116 | Train Acc: 0.4766 | Val Loss: 2.7119 | Val Acc: 0.5241 | No improvement: 0/5
Epoch 2/20 | Train Loss: 2.4657 | Train Acc: 0.5371 | Val Loss: 2.6475 | Val Acc: 0.5295 | No improvement: 0/5
Epoch 3/20 | Train Loss: 2.4010 | Train Acc: 0.5508 | Val Loss: 2.6152 | Val Acc: 0.5286 | No improvement: 1/5
Epoch 4/20 | Train Loss: 2.3704 | Train Acc: 0.5587 | Val Loss: 2.5893 | Val Acc: 0.5415 | No improvement: 0/5
Epoch 5/20 | Train Loss: 2.3331 | Train Acc: 0.5654 | Val Loss: 2.5744 | Val Acc: 0.5437 | No improvement: 0/5
Epoch 6/20 | Train Loss: 2.3126 | Train Acc: 0.5691 | Val Loss: 2.6127 | Val Acc: 0.5511 | No improvement: 0/5
Epoch 7/20 | Train Loss: 2.2934 | Train Acc: 0.5719 | Val Loss: 2.5589 | Val Acc: 0.5565 | No improvement: 0/5
Epoch 8/20 | Train Loss: 2.2870 | Train Acc: 0.5743 | Val Loss: 2.6161 | Val Acc: 0.5483 | No improvement: 1/5
Epoch 9/20 | Train Loss: 2.2646 | Train Acc: 0.5797 | Val Loss: 2.5350 | Val Acc: 0.5583 | No improvement: 0/5
Epoch 10/20 | Train Loss: 2.2507 | Train Acc: 0.5831 | Val Loss: 2.5047 | Val Acc: 0.5592 | No improvement: 0/5
Epoch 11/20 | Train Loss: 2.2458 | Train Acc: 0.5818 | Val Loss: 2.5545 | Val Acc: 0.5525 | No improvement: 1/5
Epoch 12/20 | Train Loss: 2.2342 | Train Acc: 0.5832 | Val Loss: 2.5239 | Val Acc: 0.5530 | No improvement: 2/5
Epoch 13/20 | Train Loss: 2.2224 | Train Acc: 0.5871 | Val Loss: 2.5156 | Val Acc: 0.5615 | No improvement: 0/5
Epoch 14/20 | Train Loss: 2.2220 | Train Acc: 0.5892 | Val Loss: 2.4894 | Val Acc: 0.5604 | No improvement: 1/5
Epoch 15/20 | Train Loss: 2.2170 | Train Acc: 0.5891 | Val Loss: 2.5291 | Val Acc: 0.5575 | No improvement: 2/5
Epoch 16/20 | Train Loss: 2.2121 | Train Acc: 0.5906 | Val Loss: 2.4889 | Val Acc: 0.5649 | No improvement: 0/5
Epoch 17/20 | Train Loss: 2.2110 | Train Acc: 0.5914 | Val Loss: 2.5033 | Val Acc: 0.5679 | No improvement: 0/5
Epoch 18/20 | Train Loss: 2.2061 | Train Acc: 0.5925 | Val Loss: 2.5167 | Val Acc: 0.5653 | No improvement: 1/5
Epoch 19/20 | Train Loss: 2.2038 | Train Acc: 0.5938 | Val Loss: 2.5150 | Val Acc: 0.5490 | No improvement: 2/5
Epoch 20/20 | Train Loss: 2.1980 | Train Acc: 0.5931 | Val Loss: 2.5006 | Val Acc: 0.5621 | No improvement: 3/5

Best Val Acc: 0.5679  →  saved to optuna_trial_21.pth
  Trial  21 | bal_acc=0.5664 | Human=0.354 | Denisovan=0.460 | Neanderthal=0.885
[32m[I 2026-05-05 01:26:54,362][0m Trial 21 finished with value: 0.5664430881819146 and parameters: {'num_conv_layers': 4, 'num_dense_layers': 2, 'filters_0': 256, 'filters_1': 64, 'filters_2': 128, 'filters_3': 64, 'width_0': 11, 'width_1': 19, 'width_2': 9, 'width_3': 5, 'drop_conv_0': 0.3435082664222122, 'drop_conv_1': 0.34654400427612586, 'drop_conv_2': 0.10379817527203347, 'drop_conv_3': 0.5984491070926179, 'dense_0': 64, 'dense_1': 64, 'drop_dense_0': 0.4864070320013106, 'drop_dense_1': 0.3680400451660445, 'lr': 6.0951891167522385e-05, 'weight_decay': 0.005393427434998841}. Best is trial 13 with value: 0.5753837296124171.[0m
Epoch 1/20 | Train Loss: 2.6894 | Train Acc: 0.4887 | Val Loss: 2.5403 | Val Acc: 0.5283 | No improvement: 0/5
Epoch 2/20 | Train Loss: 2.4466 | Train Acc: 0.5430 | Val Loss: 2.4580 | Val Acc: 0.5322 | No improvement: 0/5
Epoch 3/20 | Train Loss: 2.3747 | Train Acc: 0.5601 | Val Loss: 2.4128 | Val Acc: 0.5463 | No improvement: 0/5
Epoch 4/20 | Train Loss: 2.3319 | Train Acc: 0.5680 | Val Loss: 2.4372 | Val Acc: 0.5399 | No improvement: 1/5
Epoch 5/20 | Train Loss: 2.3064 | Train Acc: 0.5704 | Val Loss: 2.3676 | Val Acc: 0.5553 | No improvement: 0/5
Epoch 6/20 | Train Loss: 2.2810 | Train Acc: 0.5789 | Val Loss: 2.3523 | Val Acc: 0.5623 | No improvement: 0/5
Epoch 7/20 | Train Loss: 2.2708 | Train Acc: 0.5785 | Val Loss: 2.3432 | Val Acc: 0.5610 | No improvement: 1/5
Epoch 8/20 | Train Loss: 2.2510 | Train Acc: 0.5825 | Val Loss: 2.3643 | Val Acc: 0.5576 | No improvement: 2/5
Epoch 9/20 | Train Loss: 2.2510 | Train Acc: 0.5840 | Val Loss: 2.3463 | Val Acc: 0.5591 | No improvement: 3/5
Epoch 10/20 | Train Loss: 2.2474 | Train Acc: 0.5839 | Val Loss: 2.3360 | Val Acc: 0.5664 | No improvement: 0/5
Epoch 11/20 | Train Loss: 2.2392 | Train Acc: 0.5869 | Val Loss: 2.3235 | Val Acc: 0.5611 | No improvement: 1/5
Epoch 12/20 | Train Loss: 2.2346 | Train Acc: 0.5874 | Val Loss: 2.3117 | Val Acc: 0.5563 | No improvement: 2/5
Epoch 13/20 | Train Loss: 2.2329 | Train Acc: 0.5865 | Val Loss: 2.3141 | Val Acc: 0.5644 | No improvement: 3/5
Epoch 14/20 | Train Loss: 2.2289 | Train Acc: 0.5874 | Val Loss: 2.3171 | Val Acc: 0.5644 | No improvement: 4/5
Epoch 15/20 | Train Loss: 2.2361 | Train Acc: 0.5885 | Val Loss: 2.3271 | Val Acc: 0.5610 | No improvement: 5/5

Early stopping triggered after 15 epochs (5 epochs without improvement).

Best Val Acc: 0.5664  →  saved to optuna_trial_22.pth
  Trial  22 | bal_acc=0.5646 | Human=0.408 | Denisovan=0.431 | Neanderthal=0.855
[32m[I 2026-05-05 01:29:08,270][0m Trial 22 finished with value: 0.5645828854353026 and parameters: {'num_conv_layers': 4, 'num_dense_layers': 2, 'filters_0': 256, 'filters_1': 64, 'filters_2': 128, 'filters_3': 128, 'width_0': 11, 'width_1': 19, 'width_2': 9, 'width_3': 9, 'drop_conv_0': 0.3020767660004786, 'drop_conv_1': 0.4166701965632484, 'drop_conv_2': 0.15628961347142098, 'drop_conv_3': 0.10062331740530331, 'dense_0': 64, 'dense_1': 64, 'drop_dense_0': 0.5119602439466315, 'drop_dense_1': 0.3599153237654916, 'lr': 6.101929631127963e-05, 'weight_decay': 0.009848234270844693}. Best is trial 13 with value: 0.5753837296124171.[0m
Epoch 1/20 | Train Loss: 2.6144 | Train Acc: 0.5024 | Val Loss: 2.5453 | Val Acc: 0.5283 | No improvement: 0/5
Epoch 2/20 | Train Loss: 2.4272 | Train Acc: 0.5442 | Val Loss: 2.4476 | Val Acc: 0.5369 | No improvement: 0/5
Epoch 3/20 | Train Loss: 2.3542 | Train Acc: 0.5597 | Val Loss: 2.4098 | Val Acc: 0.5428 | No improvement: 0/5
Epoch 4/20 | Train Loss: 2.3192 | Train Acc: 0.5693 | Val Loss: 2.3883 | Val Acc: 0.5506 | No improvement: 0/5
Epoch 5/20 | Train Loss: 2.2949 | Train Acc: 0.5738 | Val Loss: 2.3783 | Val Acc: 0.5511 | No improvement: 0/5
Epoch 6/20 | Train Loss: 2.2796 | Train Acc: 0.5759 | Val Loss: 2.3616 | Val Acc: 0.5563 | No improvement: 0/5
Epoch 7/20 | Train Loss: 2.2603 | Train Acc: 0.5790 | Val Loss: 2.3389 | Val Acc: 0.5559 | No improvement: 1/5
Epoch 8/20 | Train Loss: 2.2465 | Train Acc: 0.5827 | Val Loss: 2.3215 | Val Acc: 0.5584 | No improvement: 0/5
Epoch 9/20 | Train Loss: 2.2396 | Train Acc: 0.5831 | Val Loss: 2.3155 | Val Acc: 0.5649 | No improvement: 0/5
Epoch 10/20 | Train Loss: 2.2265 | Train Acc: 0.5866 | Val Loss: 2.3180 | Val Acc: 0.5652 | No improvement: 0/5
Epoch 11/20 | Train Loss: 2.2145 | Train Acc: 0.5875 | Val Loss: 2.3118 | Val Acc: 0.5664 | No improvement: 0/5
Epoch 12/20 | Train Loss: 2.2098 | Train Acc: 0.5873 | Val Loss: 2.3214 | Val Acc: 0.5621 | No improvement: 1/5
Epoch 13/20 | Train Loss: 2.2017 | Train Acc: 0.5884 | Val Loss: 2.2900 | Val Acc: 0.5681 | No improvement: 0/5
Epoch 14/20 | Train Loss: 2.1979 | Train Acc: 0.5906 | Val Loss: 2.2858 | Val Acc: 0.5722 | No improvement: 0/5
Epoch 15/20 | Train Loss: 2.1900 | Train Acc: 0.5930 | Val Loss: 2.2837 | Val Acc: 0.5650 | No improvement: 1/5
Epoch 16/20 | Train Loss: 2.1860 | Train Acc: 0.5924 | Val Loss: 2.2958 | Val Acc: 0.5684 | No improvement: 2/5
Epoch 17/20 | Train Loss: 2.1836 | Train Acc: 0.5932 | Val Loss: 2.2751 | Val Acc: 0.5700 | No improvement: 3/5
Epoch 18/20 | Train Loss: 2.1793 | Train Acc: 0.5961 | Val Loss: 2.2752 | Val Acc: 0.5719 | No improvement: 4/5
Epoch 19/20 | Train Loss: 2.1737 | Train Acc: 0.5974 | Val Loss: 2.2733 | Val Acc: 0.5773 | No improvement: 0/5
Epoch 20/20 | Train Loss: 2.1710 | Train Acc: 0.5972 | Val Loss: 2.2916 | Val Acc: 0.5702 | No improvement: 1/5

Best Val Acc: 0.5773  →  saved to optuna_trial_23.pth
  Trial  23 | bal_acc=0.5763 | Human=0.427 | Denisovan=0.498 | Neanderthal=0.804
[32m[I 2026-05-05 01:31:40,899][0m Trial 23 finished with value: 0.5762778326126164 and parameters: {'num_conv_layers': 3, 'num_dense_layers': 2, 'filters_0': 256, 'filters_1': 64, 'filters_2': 128, 'width_0': 11, 'width_1': 19, 'width_2': 15, 'drop_conv_0': 0.37308563640155146, 'drop_conv_1': 0.30768179688592523, 'drop_conv_2': 0.10254711806371739, 'dense_0': 64, 'dense_1': 64, 'drop_dense_0': 0.3884266887963191, 'drop_dense_1': 0.3049076788255383, 'lr': 4.477589188718224e-05, 'weight_decay': 0.0029119925756385494}. Best is trial 23 with value: 0.5762778326126164.[0m
Epoch 1/20 | Train Loss: 2.5250 | Train Acc: 0.5249 | Val Loss: 2.4615 | Val Acc: 0.5387 | No improvement: 0/5
Epoch 2/20 | Train Loss: 2.3484 | Train Acc: 0.5638 | Val Loss: 2.4402 | Val Acc: 0.5422 | No improvement: 0/5
Epoch 3/20 | Train Loss: 2.2943 | Train Acc: 0.5744 | Val Loss: 2.3818 | Val Acc: 0.5580 | No improvement: 0/5
Epoch 4/20 | Train Loss: 2.2661 | Train Acc: 0.5771 | Val Loss: 2.3620 | Val Acc: 0.5606 | No improvement: 0/5
Epoch 5/20 | Train Loss: 2.2432 | Train Acc: 0.5823 | Val Loss: 2.3547 | Val Acc: 0.5582 | No improvement: 1/5
Epoch 6/20 | Train Loss: 2.2231 | Train Acc: 0.5858 | Val Loss: 2.3287 | Val Acc: 0.5664 | No improvement: 0/5
Epoch 7/20 | Train Loss: 2.2171 | Train Acc: 0.5856 | Val Loss: 2.3316 | Val Acc: 0.5632 | No improvement: 1/5
Epoch 8/20 | Train Loss: 2.2117 | Train Acc: 0.5873 | Val Loss: 2.3491 | Val Acc: 0.5672 | No improvement: 0/5
Epoch 9/20 | Train Loss: 2.1981 | Train Acc: 0.5902 | Val Loss: 2.3164 | Val Acc: 0.5671 | No improvement: 1/5
Epoch 10/20 | Train Loss: 2.1958 | Train Acc: 0.5910 | Val Loss: 2.3020 | Val Acc: 0.5656 | No improvement: 2/5
Epoch 11/20 | Train Loss: 2.1899 | Train Acc: 0.5924 | Val Loss: 2.3072 | Val Acc: 0.5703 | No improvement: 0/5
Epoch 12/20 | Train Loss: 2.1828 | Train Acc: 0.5946 | Val Loss: 2.2942 | Val Acc: 0.5738 | No improvement: 0/5
Epoch 13/20 | Train Loss: 2.1822 | Train Acc: 0.5941 | Val Loss: 2.3074 | Val Acc: 0.5727 | No improvement: 1/5
Epoch 14/20 | Train Loss: 2.1782 | Train Acc: 0.5941 | Val Loss: 2.3338 | Val Acc: 0.5622 | No improvement: 2/5
Epoch 15/20 | Train Loss: 2.1788 | Train Acc: 0.5951 | Val Loss: 2.3076 | Val Acc: 0.5652 | No improvement: 3/5
Epoch 16/20 | Train Loss: 2.1806 | Train Acc: 0.5947 | Val Loss: 2.3235 | Val Acc: 0.5619 | No improvement: 4/5
Epoch 17/20 | Train Loss: 2.1689 | Train Acc: 0.5976 | Val Loss: 2.2925 | Val Acc: 0.5733 | No improvement: 5/5

Early stopping triggered after 17 epochs (5 epochs without improvement).

Best Val Acc: 0.5738  →  saved to optuna_trial_24.pth
  Trial  24 | bal_acc=0.5729 | Human=0.372 | Denisovan=0.506 | Neanderthal=0.840
[32m[I 2026-05-05 01:33:50,623][0m Trial 24 finished with value: 0.5729235724840982 and parameters: {'num_conv_layers': 3, 'num_dense_layers': 2, 'filters_0': 256, 'filters_1': 64, 'filters_2': 128, 'width_0': 11, 'width_1': 19, 'width_2': 15, 'drop_conv_0': 0.4299319568496877, 'drop_conv_1': 0.3015870685648176, 'drop_conv_2': 0.24004086176673717, 'dense_0': 64, 'dense_1': 64, 'drop_dense_0': 0.3813223493211425, 'drop_dense_1': 0.3054475219186146, 'lr': 0.00010459964946164635, 'weight_decay': 0.0028973161431377057}. Best is trial 23 with value: 0.5762778326126164.[0m
Epoch 1/20 | Train Loss: 2.8331 | Train Acc: 0.4494 | Val Loss: 2.6471 | Val Acc: 0.5143 | No improvement: 0/5
Epoch 2/20 | Train Loss: 2.5891 | Train Acc: 0.5065 | Val Loss: 2.5735 | Val Acc: 0.5238 | No improvement: 0/5
Epoch 3/20 | Train Loss: 2.5244 | Train Acc: 0.5218 | Val Loss: 2.5372 | Val Acc: 0.5287 | No improvement: 0/5
Epoch 4/20 | Train Loss: 2.4836 | Train Acc: 0.5344 | Val Loss: 2.5129 | Val Acc: 0.5314 | No improvement: 0/5
Epoch 5/20 | Train Loss: 2.4524 | Train Acc: 0.5384 | Val Loss: 2.4983 | Val Acc: 0.5356 | No improvement: 0/5
Epoch 6/20 | Train Loss: 2.4330 | Train Acc: 0.5400 | Val Loss: 2.4810 | Val Acc: 0.5405 | No improvement: 0/5
Epoch 7/20 | Train Loss: 2.4194 | Train Acc: 0.5437 | Val Loss: 2.4775 | Val Acc: 0.5373 | No improvement: 1/5
Epoch 8/20 | Train Loss: 2.4012 | Train Acc: 0.5492 | Val Loss: 2.4600 | Val Acc: 0.5405 | No improvement: 2/5
Epoch 9/20 | Train Loss: 2.3861 | Train Acc: 0.5522 | Val Loss: 2.4608 | Val Acc: 0.5409 | No improvement: 0/5
Epoch 10/20 | Train Loss: 2.3766 | Train Acc: 0.5546 | Val Loss: 2.4440 | Val Acc: 0.5415 | No improvement: 0/5
Epoch 11/20 | Train Loss: 2.3704 | Train Acc: 0.5550 | Val Loss: 2.4402 | Val Acc: 0.5414 | No improvement: 1/5
Epoch 12/20 | Train Loss: 2.3619 | Train Acc: 0.5556 | Val Loss: 2.4368 | Val Acc: 0.5421 | No improvement: 0/5
Epoch 13/20 | Train Loss: 2.3511 | Train Acc: 0.5603 | Val Loss: 2.4265 | Val Acc: 0.5418 | No improvement: 1/5
Epoch 14/20 | Train Loss: 2.3435 | Train Acc: 0.5609 | Val Loss: 2.4226 | Val Acc: 0.5405 | No improvement: 2/5
Epoch 15/20 | Train Loss: 2.3403 | Train Acc: 0.5604 | Val Loss: 2.4249 | Val Acc: 0.5426 | No improvement: 0/5
Epoch 16/20 | Train Loss: 2.3300 | Train Acc: 0.5626 | Val Loss: 2.4166 | Val Acc: 0.5432 | No improvement: 0/5
Epoch 17/20 | Train Loss: 2.3216 | Train Acc: 0.5637 | Val Loss: 2.4020 | Val Acc: 0.5453 | No improvement: 0/5
Epoch 18/20 | Train Loss: 2.3171 | Train Acc: 0.5657 | Val Loss: 2.4152 | Val Acc: 0.5459 | No improvement: 0/5
Epoch 19/20 | Train Loss: 2.3133 | Train Acc: 0.5654 | Val Loss: 2.3912 | Val Acc: 0.5473 | No improvement: 0/5
Epoch 20/20 | Train Loss: 2.3069 | Train Acc: 0.5678 | Val Loss: 2.3989 | Val Acc: 0.5488 | No improvement: 0/5

Best Val Acc: 0.5488  →  saved to optuna_trial_25.pth
  Trial  25 | bal_acc=0.5474 | Human=0.323 | Denisovan=0.439 | Neanderthal=0.879
