[32m[I 2026-05-05 01:54:54,601][0m Trial 33 finished with value: 0.5765721477617477 and parameters: {'num_conv_layers': 3, 'num_dense_layers': 2, 'filters_0': 256, 'filters_1': 32, 'filters_2': 128, 'width_0': 9, 'width_1': 19, 'width_2': 15, 'drop_conv_0': 0.20128210662418075, 'drop_conv_1': 0.5045340218342931, 'drop_conv_2': 0.184511895911541, 'dense_0': 128, 'dense_1': 64, 'drop_dense_0': 0.32065028211138674, 'drop_dense_1': 0.4087412538740936, 'lr': 0.00015453751072773392, 'weight_decay': 0.0015303716171988218}. Best is trial 33 with value: 0.5765721477617477.[0m
Epoch 1/20 | Train Loss: 2.5495 | Train Acc: 0.5129 | Val Loss: 2.5184 | Val Acc: 0.5283 | No improvement: 0/5
Epoch 2/20 | Train Loss: 2.3662 | Train Acc: 0.5563 | Val Loss: 2.4898 | Val Acc: 0.5348 | No improvement: 0/5
Epoch 3/20 | Train Loss: 2.3278 | Train Acc: 0.5641 | Val Loss: 2.4419 | Val Acc: 0.5433 | No improvement: 0/5
Epoch 4/20 | Train Loss: 2.3096 | Train Acc: 0.5681 | Val Loss: 2.4262 | Val Acc: 0.5456 | No improvement: 0/5
Epoch 5/20 | Train Loss: 2.2864 | Train Acc: 0.5734 | Val Loss: 2.4323 | Val Acc: 0.5430 | No improvement: 1/5
Epoch 6/20 | Train Loss: 2.2672 | Train Acc: 0.5758 | Val Loss: 2.4105 | Val Acc: 0.5449 | No improvement: 2/5
Epoch 7/20 | Train Loss: 2.2560 | Train Acc: 0.5781 | Val Loss: 2.4321 | Val Acc: 0.5378 | No improvement: 3/5
Epoch 8/20 | Train Loss: 2.2481 | Train Acc: 0.5792 | Val Loss: 2.4035 | Val Acc: 0.5409 | No improvement: 4/5
Epoch 9/20 | Train Loss: 2.2403 | Train Acc: 0.5812 | Val Loss: 2.4059 | Val Acc: 0.5382 | No improvement: 5/5

Early stopping triggered after 9 epochs (5 epochs without improvement).

Best Val Acc: 0.5456  →  saved to optuna_trial_34.pth
  Trial  34 | bal_acc=0.5437 | Human=0.427 | Denisovan=0.407 | Neanderthal=0.796
[32m[I 2026-05-05 01:55:50,652][0m Trial 34 finished with value: 0.5437469049586885 and parameters: {'num_conv_layers': 3, 'num_dense_layers': 2, 'filters_0': 128, 'filters_1': 32, 'filters_2': 128, 'width_0': 9, 'width_1': 9, 'width_2': 15, 'drop_conv_0': 0.41029824985809277, 'drop_conv_1': 0.5187641091605721, 'drop_conv_2': 0.18101037692227598, 'dense_0': 128, 'dense_1': 64, 'drop_dense_0': 0.3184459486720885, 'drop_dense_1': 0.3577273775697356, 'lr': 0.00016210039703740296, 'weight_decay': 0.0025963966814515054}. Best is trial 33 with value: 0.5765721477617477.[0m
Epoch 1/20 | Train Loss: 2.7275 | Train Acc: 0.4675 | Val Loss: 2.6813 | Val Acc: 0.5252 | No improvement: 0/5
Epoch 2/20 | Train Loss: 2.4768 | Train Acc: 0.5330 | Val Loss: 2.6198 | Val Acc: 0.5309 | No improvement: 0/5
Epoch 3/20 | Train Loss: 2.4201 | Train Acc: 0.5451 | Val Loss: 2.6001 | Val Acc: 0.5349 | No improvement: 0/5
Epoch 4/20 | Train Loss: 2.3768 | Train Acc: 0.5505 | Val Loss: 2.5614 | Val Acc: 0.5373 | No improvement: 0/5
Epoch 5/20 | Train Loss: 2.3488 | Train Acc: 0.5574 | Val Loss: 2.5365 | Val Acc: 0.5376 | No improvement: 0/5
Epoch 6/20 | Train Loss: 2.3322 | Train Acc: 0.5597 | Val Loss: 2.5340 | Val Acc: 0.5461 | No improvement: 0/5
Epoch 7/20 | Train Loss: 2.3123 | Train Acc: 0.5653 | Val Loss: 2.5144 | Val Acc: 0.5452 | No improvement: 1/5
Epoch 8/20 | Train Loss: 2.2999 | Train Acc: 0.5666 | Val Loss: 2.5340 | Val Acc: 0.5480 | No improvement: 0/5
Epoch 9/20 | Train Loss: 2.2902 | Train Acc: 0.5686 | Val Loss: 2.5176 | Val Acc: 0.5522 | No improvement: 0/5
Epoch 10/20 | Train Loss: 2.2814 | Train Acc: 0.5696 | Val Loss: 2.5207 | Val Acc: 0.5548 | No improvement: 0/5
Epoch 11/20 | Train Loss: 2.2716 | Train Acc: 0.5752 | Val Loss: 2.5194 | Val Acc: 0.5515 | No improvement: 1/5
Epoch 12/20 | Train Loss: 2.2658 | Train Acc: 0.5761 | Val Loss: 2.5101 | Val Acc: 0.5542 | No improvement: 2/5
Epoch 13/20 | Train Loss: 2.2586 | Train Acc: 0.5764 | Val Loss: 2.5098 | Val Acc: 0.5510 | No improvement: 3/5
Epoch 14/20 | Train Loss: 2.2503 | Train Acc: 0.5788 | Val Loss: 2.4925 | Val Acc: 0.5537 | No improvement: 4/5
Epoch 15/20 | Train Loss: 2.2470 | Train Acc: 0.5790 | Val Loss: 2.4958 | Val Acc: 0.5525 | No improvement: 5/5

Early stopping triggered after 15 epochs (5 epochs without improvement).

Best Val Acc: 0.5548  →  saved to optuna_trial_35.pth
  Trial  35 | bal_acc=0.5538 | Human=0.297 | Denisovan=0.479 | Neanderthal=0.886
[32m[I 2026-05-05 01:57:11,900][0m Trial 35 finished with value: 0.5537591710504469 and parameters: {'num_conv_layers': 2, 'num_dense_layers': 2, 'filters_0': 256, 'filters_1': 32, 'width_0': 19, 'width_1': 19, 'drop_conv_0': 0.44873166554532073, 'drop_conv_1': 0.5354802203071787, 'dense_0': 128, 'dense_1': 128, 'drop_dense_0': 0.35470379434776517, 'drop_dense_1': 0.460604291318642, 'lr': 4.230402418300217e-05, 'weight_decay': 0.007250974289087253}. Best is trial 33 with value: 0.5765721477617477.[0m
Epoch 1/20 | Train Loss: 2.5229 | Train Acc: 0.5233 | Val Loss: 2.5430 | Val Acc: 0.5456 | No improvement: 0/5
Epoch 2/20 | Train Loss: 2.3145 | Train Acc: 0.5720 | Val Loss: 2.4821 | Val Acc: 0.5445 | No improvement: 1/5
Epoch 3/20 | Train Loss: 2.2648 | Train Acc: 0.5797 | Val Loss: 2.4629 | Val Acc: 0.5499 | No improvement: 0/5
Epoch 4/20 | Train Loss: 2.2311 | Train Acc: 0.5838 | Val Loss: 2.4353 | Val Acc: 0.5609 | No improvement: 0/5
Epoch 5/20 | Train Loss: 2.2092 | Train Acc: 0.5885 | Val Loss: 2.4244 | Val Acc: 0.5599 | No improvement: 1/5
Epoch 6/20 | Train Loss: 2.1987 | Train Acc: 0.5883 | Val Loss: 2.4344 | Val Acc: 0.5660 | No improvement: 0/5
Epoch 7/20 | Train Loss: 2.1866 | Train Acc: 0.5941 | Val Loss: 2.4254 | Val Acc: 0.5629 | No improvement: 1/5
Epoch 8/20 | Train Loss: 2.1764 | Train Acc: 0.5939 | Val Loss: 2.4103 | Val Acc: 0.5727 | No improvement: 0/5
Epoch 9/20 | Train Loss: 2.1727 | Train Acc: 0.5942 | Val Loss: 2.3903 | Val Acc: 0.5677 | No improvement: 1/5
Epoch 10/20 | Train Loss: 2.1668 | Train Acc: 0.5968 | Val Loss: 2.4072 | Val Acc: 0.5652 | No improvement: 2/5
Epoch 11/20 | Train Loss: 2.1590 | Train Acc: 0.5972 | Val Loss: 2.3758 | Val Acc: 0.5717 | No improvement: 3/5
Epoch 12/20 | Train Loss: 2.1513 | Train Acc: 0.5996 | Val Loss: 2.3724 | Val Acc: 0.5736 | No improvement: 0/5
Epoch 13/20 | Train Loss: 2.1512 | Train Acc: 0.6012 | Val Loss: 2.3904 | Val Acc: 0.5691 | No improvement: 1/5
Epoch 14/20 | Train Loss: 2.1464 | Train Acc: 0.6020 | Val Loss: 2.3676 | Val Acc: 0.5763 | No improvement: 0/5
Epoch 15/20 | Train Loss: 2.1450 | Train Acc: 0.6025 | Val Loss: 2.3880 | Val Acc: 0.5679 | No improvement: 1/5
Epoch 16/20 | Train Loss: 2.1326 | Train Acc: 0.6017 | Val Loss: 2.3513 | Val Acc: 0.5741 | No improvement: 2/5
Epoch 17/20 | Train Loss: 2.1376 | Train Acc: 0.6032 | Val Loss: 2.3547 | Val Acc: 0.5700 | No improvement: 3/5
Epoch 18/20 | Train Loss: 2.1334 | Train Acc: 0.6043 | Val Loss: 2.3533 | Val Acc: 0.5773 | No improvement: 0/5
Epoch 19/20 | Train Loss: 2.1297 | Train Acc: 0.6062 | Val Loss: 2.3862 | Val Acc: 0.5764 | No improvement: 1/5
Epoch 20/20 | Train Loss: 2.1283 | Train Acc: 0.6057 | Val Loss: 2.3746 | Val Acc: 0.5683 | No improvement: 2/5

Best Val Acc: 0.5773  →  saved to optuna_trial_36.pth
  Trial  36 | bal_acc=0.5762 | Human=0.363 | Denisovan=0.493 | Neanderthal=0.872
[32m[I 2026-05-05 01:59:32,537][0m Trial 36 finished with value: 0.5762056693357642 and parameters: {'num_conv_layers': 4, 'num_dense_layers': 2, 'filters_0': 256, 'filters_1': 64, 'filters_2': 64, 'filters_3': 64, 'width_0': 11, 'width_1': 15, 'width_2': 15, 'width_3': 19, 'drop_conv_0': 0.21041438425822398, 'drop_conv_1': 0.3376435743386525, 'drop_conv_2': 0.12762582126475064, 'drop_conv_3': 0.5189092044123859, 'dense_0': 128, 'dense_1': 64, 'drop_dense_0': 0.32087484992923, 'drop_dense_1': 0.3884318452974546, 'lr': 8.264226256240091e-05, 'weight_decay': 0.0019366026011405587}. Best is trial 33 with value: 0.5765721477617477.[0m
Epoch 1/20 | Train Loss: 2.5972 | Train Acc: 0.5054 | Val Loss: 2.6043 | Val Acc: 0.5332 | No improvement: 0/5
Epoch 2/20 | Train Loss: 2.3676 | Train Acc: 0.5628 | Val Loss: 2.5435 | Val Acc: 0.5361 | No improvement: 0/5
Epoch 3/20 | Train Loss: 2.3158 | Train Acc: 0.5705 | Val Loss: 2.5704 | Val Acc: 0.5419 | No improvement: 0/5
Epoch 4/20 | Train Loss: 2.2893 | Train Acc: 0.5761 | Val Loss: 2.5127 | Val Acc: 0.5494 | No improvement: 0/5
Epoch 5/20 | Train Loss: 2.2663 | Train Acc: 0.5803 | Val Loss: 2.4900 | Val Acc: 0.5503 | No improvement: 0/5
Epoch 6/20 | Train Loss: 2.2565 | Train Acc: 0.5814 | Val Loss: 2.4919 | Val Acc: 0.5500 | No improvement: 1/5
Epoch 7/20 | Train Loss: 2.2386 | Train Acc: 0.5831 | Val Loss: 2.4875 | Val Acc: 0.5579 | No improvement: 0/5
Epoch 8/20 | Train Loss: 2.2230 | Train Acc: 0.5877 | Val Loss: 2.4578 | Val Acc: 0.5526 | No improvement: 1/5
Epoch 9/20 | Train Loss: 2.2128 | Train Acc: 0.5866 | Val Loss: 2.4544 | Val Acc: 0.5583 | No improvement: 0/5
Epoch 10/20 | Train Loss: 2.2047 | Train Acc: 0.5892 | Val Loss: 2.4645 | Val Acc: 0.5621 | No improvement: 0/5
Epoch 11/20 | Train Loss: 2.1974 | Train Acc: 0.5912 | Val Loss: 2.4580 | Val Acc: 0.5627 | No improvement: 0/5
Epoch 12/20 | Train Loss: 2.1958 | Train Acc: 0.5923 | Val Loss: 2.4660 | Val Acc: 0.5636 | No improvement: 0/5
Epoch 13/20 | Train Loss: 2.1976 | Train Acc: 0.5916 | Val Loss: 2.4273 | Val Acc: 0.5569 | No improvement: 1/5
Epoch 14/20 | Train Loss: 2.1866 | Train Acc: 0.5941 | Val Loss: 2.4647 | Val Acc: 0.5583 | No improvement: 2/5
Epoch 15/20 | Train Loss: 2.1817 | Train Acc: 0.5966 | Val Loss: 2.4549 | Val Acc: 0.5606 | No improvement: 3/5
Epoch 16/20 | Train Loss: 2.1753 | Train Acc: 0.5965 | Val Loss: 2.4508 | Val Acc: 0.5656 | No improvement: 0/5
Epoch 17/20 | Train Loss: 2.1734 | Train Acc: 0.5968 | Val Loss: 2.4283 | Val Acc: 0.5695 | No improvement: 0/5
Epoch 18/20 | Train Loss: 2.1707 | Train Acc: 0.5953 | Val Loss: 2.4260 | Val Acc: 0.5692 | No improvement: 1/5
Epoch 19/20 | Train Loss: 2.1687 | Train Acc: 0.5985 | Val Loss: 2.4459 | Val Acc: 0.5638 | No improvement: 2/5
Epoch 20/20 | Train Loss: 2.1670 | Train Acc: 0.5978 | Val Loss: 2.4228 | Val Acc: 0.5673 | No improvement: 3/5

Best Val Acc: 0.5695  →  saved to optuna_trial_37.pth
  Trial  37 | bal_acc=0.5686 | Human=0.341 | Denisovan=0.501 | Neanderthal=0.864
[32m[I 2026-05-05 02:05:01,216][0m Trial 37 finished with value: 0.5685919995461486 and parameters: {'num_conv_layers': 4, 'num_dense_layers': 2, 'filters_0': 256, 'filters_1': 32, 'filters_2': 128, 'filters_3': 64, 'width_0': 5, 'width_1': 15, 'width_2': 19, 'width_3': 19, 'drop_conv_0': 0.11288486507798443, 'drop_conv_1': 0.3397910687657677, 'drop_conv_2': 0.48663735006736225, 'drop_conv_3': 0.5793306239199274, 'dense_0': 128, 'dense_1': 64, 'drop_dense_0': 0.3947491247633631, 'drop_dense_1': 0.505096165949642, 'lr': 6.69807753301338e-05, 'weight_decay': 0.0011366482366355322}. Best is trial 33 with value: 0.5765721477617477.[0m
Epoch 1/20 | Train Loss: 2.4677 | Train Acc: 0.5355 | Val Loss: 2.5161 | Val Acc: 0.5446 | No improvement: 0/5
Epoch 2/20 | Train Loss: 2.2736 | Train Acc: 0.5730 | Val Loss: 2.4721 | Val Acc: 0.5556 | No improvement: 0/5
Epoch 3/20 | Train Loss: 2.2294 | Train Acc: 0.5817 | Val Loss: 2.4483 | Val Acc: 0.5622 | No improvement: 0/5
Epoch 4/20 | Train Loss: 2.2057 | Train Acc: 0.5876 | Val Loss: 2.3967 | Val Acc: 0.5648 | No improvement: 0/5
Epoch 5/20 | Train Loss: 2.1931 | Train Acc: 0.5903 | Val Loss: 2.3966 | Val Acc: 0.5603 | No improvement: 1/5
Epoch 6/20 | Train Loss: 2.1807 | Train Acc: 0.5923 | Val Loss: 2.4312 | Val Acc: 0.5667 | No improvement: 0/5
Epoch 7/20 | Train Loss: 2.1711 | Train Acc: 0.5949 | Val Loss: 2.3951 | Val Acc: 0.5692 | No improvement: 0/5
Epoch 8/20 | Train Loss: 2.1596 | Train Acc: 0.5949 | Val Loss: 2.3711 | Val Acc: 0.5686 | No improvement: 1/5
Epoch 9/20 | Train Loss: 2.1579 | Train Acc: 0.5973 | Val Loss: 2.3918 | Val Acc: 0.5729 | No improvement: 0/5
Epoch 10/20 | Train Loss: 2.1487 | Train Acc: 0.5995 | Val Loss: 2.4219 | Val Acc: 0.5668 | No improvement: 1/5
Epoch 11/20 | Train Loss: 2.1471 | Train Acc: 0.5994 | Val Loss: 2.3846 | Val Acc: 0.5669 | No improvement: 2/5
Epoch 12/20 | Train Loss: 2.1404 | Train Acc: 0.6003 | Val Loss: 2.3944 | Val Acc: 0.5604 | No improvement: 3/5
Epoch 13/20 | Train Loss: 2.1421 | Train Acc: 0.6000 | Val Loss: 2.3555 | Val Acc: 0.5745 | No improvement: 0/5
Epoch 14/20 | Train Loss: 2.1336 | Train Acc: 0.6019 | Val Loss: 2.3534 | Val Acc: 0.5765 | No improvement: 0/5
Epoch 15/20 | Train Loss: 2.1344 | Train Acc: 0.6025 | Val Loss: 2.3505 | Val Acc: 0.5723 | No improvement: 1/5
Epoch 16/20 | Train Loss: 2.1277 | Train Acc: 0.6024 | Val Loss: 2.3601 | Val Acc: 0.5691 | No improvement: 2/5
Epoch 17/20 | Train Loss: 2.1259 | Train Acc: 0.6031 | Val Loss: 2.3737 | Val Acc: 0.5713 | No improvement: 3/5
Epoch 18/20 | Train Loss: 2.1239 | Train Acc: 0.6033 | Val Loss: 2.3688 | Val Acc: 0.5577 | No improvement: 4/5
Epoch 19/20 | Train Loss: 2.1231 | Train Acc: 0.6040 | Val Loss: 2.3652 | Val Acc: 0.5733 | No improvement: 5/5

Early stopping triggered after 19 epochs (5 epochs without improvement).

Best Val Acc: 0.5765  →  saved to optuna_trial_38.pth
  Trial  38 | bal_acc=0.5751 | Human=0.365 | Denisovan=0.470 | Neanderthal=0.890
[32m[I 2026-05-05 02:09:24,003][0m Trial 38 finished with value: 0.5751006830365174 and parameters: {'num_conv_layers': 4, 'num_dense_layers': 1, 'filters_0': 256, 'filters_1': 256, 'filters_2': 128, 'filters_3': 64, 'width_0': 11, 'width_1': 15, 'width_2': 7, 'width_3': 19, 'drop_conv_0': 0.19414896019348532, 'drop_conv_1': 0.3618240573793505, 'drop_conv_2': 0.22222376117533235, 'drop_conv_3': 0.49207592145185614, 'dense_0': 128, 'drop_dense_0': 0.4271776779558208, 'lr': 8.483707624899726e-05, 'weight_decay': 0.002046604572633887}. Best is trial 33 with value: 0.5765721477617477.[0m
Epoch 1/20 | Train Loss: 2.8094 | Train Acc: 0.4462 | Val Loss: 2.7207 | Val Acc: 0.5143 | No improvement: 0/5
Epoch 2/20 | Train Loss: 2.5224 | Train Acc: 0.5271 | Val Loss: 2.6431 | Val Acc: 0.5279 | No improvement: 0/5
Epoch 3/20 | Train Loss: 2.4546 | Train Acc: 0.5407 | Val Loss: 2.5939 | Val Acc: 0.5373 | No improvement: 0/5
Epoch 4/20 | Train Loss: 2.4050 | Train Acc: 0.5523 | Val Loss: 2.5532 | Val Acc: 0.5330 | No improvement: 1/5
Epoch 5/20 | Train Loss: 2.3744 | Train Acc: 0.5562 | Val Loss: 2.5419 | Val Acc: 0.5367 | No improvement: 2/5
Epoch 6/20 | Train Loss: 2.3567 | Train Acc: 0.5615 | Val Loss: 2.5329 | Val Acc: 0.5401 | No improvement: 0/5
Epoch 7/20 | Train Loss: 2.3398 | Train Acc: 0.5661 | Val Loss: 2.5190 | Val Acc: 0.5407 | No improvement: 0/5
Epoch 8/20 | Train Loss: 2.3296 | Train Acc: 0.5678 | Val Loss: 2.5158 | Val Acc: 0.5448 | No improvement: 0/5
Epoch 9/20 | Train Loss: 2.3148 | Train Acc: 0.5694 | Val Loss: 2.4954 | Val Acc: 0.5456 | No improvement: 0/5
Epoch 10/20 | Train Loss: 2.3058 | Train Acc: 0.5698 | Val Loss: 2.4829 | Val Acc: 0.5464 | No improvement: 0/5
Epoch 11/20 | Train Loss: 2.2974 | Train Acc: 0.5719 | Val Loss: 2.4939 | Val Acc: 0.5490 | No improvement: 0/5
Epoch 12/20 | Train Loss: 2.2872 | Train Acc: 0.5743 | Val Loss: 2.4737 | Val Acc: 0.5453 | No improvement: 1/5
Epoch 13/20 | Train Loss: 2.2827 | Train Acc: 0.5772 | Val Loss: 2.4653 | Val Acc: 0.5494 | No improvement: 0/5
Epoch 14/20 | Train Loss: 2.2735 | Train Acc: 0.5779 | Val Loss: 2.4669 | Val Acc: 0.5499 | No improvement: 0/5
Epoch 15/20 | Train Loss: 2.2655 | Train Acc: 0.5783 | Val Loss: 2.4580 | Val Acc: 0.5499 | No improvement: 1/5
Epoch 16/20 | Train Loss: 2.2547 | Train Acc: 0.5805 | Val Loss: 2.4617 | Val Acc: 0.5529 | No improvement: 0/5
Epoch 17/20 | Train Loss: 2.2509 | Train Acc: 0.5802 | Val Loss: 2.4408 | Val Acc: 0.5559 | No improvement: 0/5
Epoch 18/20 | Train Loss: 2.2500 | Train Acc: 0.5803 | Val Loss: 2.4444 | Val Acc: 0.5577 | No improvement: 0/5
Epoch 19/20 | Train Loss: 2.2388 | Train Acc: 0.5844 | Val Loss: 2.4383 | Val Acc: 0.5582 | No improvement: 0/5
Epoch 20/20 | Train Loss: 2.2356 | Train Acc: 0.5852 | Val Loss: 2.4275 | Val Acc: 0.5548 | No improvement: 1/5

Best Val Acc: 0.5582  →  saved to optuna_trial_39.pth
  Trial  39 | bal_acc=0.5560 | Human=0.433 | Denisovan=0.397 | Neanderthal=0.838
[32m[I 2026-05-05 02:11:59,805][0m Trial 39 finished with value: 0.5560087224307834 and parameters: {'num_conv_layers': 4, 'num_dense_layers': 2, 'filters_0': 256, 'filters_1': 128, 'filters_2': 32, 'filters_3': 32, 'width_0': 9, 'width_1': 15, 'width_2': 5, 'width_3': 19, 'drop_conv_0': 0.16984354760208892, 'drop_conv_1': 0.43223686875564815, 'drop_conv_2': 0.2811192622061433, 'drop_conv_3': 0.45927417809233906, 'dense_0': 128, 'dense_1': 64, 'drop_dense_0': 0.318783571751494, 'drop_dense_1': 0.37653504531100124, 'lr': 2.0419937672007343e-05, 'weight_decay': 0.0008128390894655047}. Best is trial 33 with value: 0.5765721477617477.[0m
Epoch 1/20 | Train Loss: 2.6634 | Train Acc: 0.4896 | Val Loss: 2.6951 | Val Acc: 0.4227 | No improvement: 0/5
Epoch 2/20 | Train Loss: 2.3989 | Train Acc: 0.5488 | Val Loss: 2.6720 | Val Acc: 0.4447 | No improvement: 0/5
Epoch 3/20 | Train Loss: 2.3458 | Train Acc: 0.5576 | Val Loss: 2.7180 | Val Acc: 0.4424 | No improvement: 1/5
Epoch 4/20 | Train Loss: 2.3150 | Train Acc: 0.5630 | Val Loss: 2.7175 | Val Acc: 0.4555 | No improvement: 0/5
Epoch 5/20 | Train Loss: 2.2945 | Train Acc: 0.5674 | Val Loss: 2.7100 | Val Acc: 0.4613 | No improvement: 0/5
Epoch 6/20 | Train Loss: 2.2852 | Train Acc: 0.5685 | Val Loss: 2.7227 | Val Acc: 0.4633 | No improvement: 0/5
Epoch 7/20 | Train Loss: 2.2717 | Train Acc: 0.5728 | Val Loss: 2.7334 | Val Acc: 0.4694 | No improvement: 0/5
Epoch 8/20 | Train Loss: 2.2620 | Train Acc: 0.5743 | Val Loss: 2.7480 | Val Acc: 0.4655 | No improvement: 1/5
Epoch 9/20 | Train Loss: 2.2493 | Train Acc: 0.5774 | Val Loss: 2.7839 | Val Acc: 0.4670 | No improvement: 2/5
Epoch 10/20 | Train Loss: 2.2404 | Train Acc: 0.5794 | Val Loss: 2.8128 | Val Acc: 0.4628 | No improvement: 3/5
Epoch 11/20 | Train Loss: 2.2344 | Train Acc: 0.5792 | Val Loss: 2.7684 | Val Acc: 0.4691 | No improvement: 4/5
Epoch 12/20 | Train Loss: 2.2278 | Train Acc: 0.5820 | Val Loss: 2.6941 | Val Acc: 0.4833 | No improvement: 0/5
Epoch 13/20 | Train Loss: 2.2230 | Train Acc: 0.5822 | Val Loss: 2.7660 | Val Acc: 0.4717 | No improvement: 1/5
Epoch 14/20 | Train Loss: 2.2190 | Train Acc: 0.5838 | Val Loss: 2.8102 | Val Acc: 0.4656 | No improvement: 2/5
Epoch 15/20 | Train Loss: 2.2160 | Train Acc: 0.5831 | Val Loss: 2.7696 | Val Acc: 0.4775 | No improvement: 3/5
Epoch 16/20 | Train Loss: 2.2042 | Train Acc: 0.5856 | Val Loss: 2.7970 | Val Acc: 0.4686 | No improvement: 4/5
Epoch 17/20 | Train Loss: 2.2035 | Train Acc: 0.5869 | Val Loss: 2.6719 | Val Acc: 0.4874 | No improvement: 0/5
Epoch 18/20 | Train Loss: 2.1999 | Train Acc: 0.5865 | Val Loss: 2.7597 | Val Acc: 0.4824 | No improvement: 1/5
Epoch 19/20 | Train Loss: 2.2008 | Train Acc: 0.5867 | Val Loss: 2.6658 | Val Acc: 0.4894 | No improvement: 0/5
Epoch 20/20 | Train Loss: 2.1998 | Train Acc: 0.5867 | Val Loss: 2.6965 | Val Acc: 0.4848 | No improvement: 1/5

Best Val Acc: 0.4894  →  saved to optuna_trial_40.pth
  Trial  40 | bal_acc=0.4875 | Human=0.708 | Denisovan=0.348 | Neanderthal=0.407
[32m[I 2026-05-05 02:15:06,250][0m Trial 40 finished with value: 0.4875086200421955 and parameters: {'num_conv_layers': 4, 'num_dense_layers': 1, 'filters_0': 32, 'filters_1': 64, 'filters_2': 256, 'filters_3': 256, 'width_0': 11, 'width_1': 7, 'width_2': 19, 'width_3': 5, 'drop_conv_0': 0.20553023711773877, 'drop_conv_1': 0.5057522145793253, 'drop_conv_2': 0.13473055524432598, 'drop_conv_3': 0.5130405198208199, 'dense_0': 256, 'drop_dense_0': 0.30420801286757554, 'lr': 3.5802430081489106e-05, 'weight_decay': 0.0013020546825204345}. Best is trial 33 with value: 0.5765721477617477.[0m
Epoch 1/20 | Train Loss: 2.4928 | Train Acc: 0.5300 | Val Loss: 2.4450 | Val Acc: 0.5360 | No improvement: 0/5
Epoch 2/20 | Train Loss: 2.3263 | Train Acc: 0.5648 | Val Loss: 2.3683 | Val Acc: 0.5445 | No improvement: 0/5
Epoch 3/20 | Train Loss: 2.2666 | Train Acc: 0.5756 | Val Loss: 2.3694 | Val Acc: 0.5521 | No improvement: 0/5
Epoch 4/20 | Train Loss: 2.2402 | Train Acc: 0.5826 | Val Loss: 2.3349 | Val Acc: 0.5633 | No improvement: 0/5
Epoch 5/20 | Train Loss: 2.2196 | Train Acc: 0.5870 | Val Loss: 2.3166 | Val Acc: 0.5679 | No improvement: 0/5
Epoch 6/20 | Train Loss: 2.2110 | Train Acc: 0.5888 | Val Loss: 2.3195 | Val Acc: 0.5611 | No improvement: 1/5
Epoch 7/20 | Train Loss: 2.2091 | Train Acc: 0.5900 | Val Loss: 2.3097 | Val Acc: 0.5683 | No improvement: 0/5
Epoch 8/20 | Train Loss: 2.1949 | Train Acc: 0.5941 | Val Loss: 2.2932 | Val Acc: 0.5690 | No improvement: 0/5
Epoch 9/20 | Train Loss: 2.1905 | Train Acc: 0.5932 | Val Loss: 2.2717 | Val Acc: 0.5714 | No improvement: 0/5
Epoch 10/20 | Train Loss: 2.1820 | Train Acc: 0.5958 | Val Loss: 2.2677 | Val Acc: 0.5690 | No improvement: 1/5
Epoch 11/20 | Train Loss: 2.1808 | Train Acc: 0.5949 | Val Loss: 2.2747 | Val Acc: 0.5690 | No improvement: 2/5
Epoch 12/20 | Train Loss: 2.1753 | Train Acc: 0.5957 | Val Loss: 2.2729 | Val Acc: 0.5813 | No improvement: 0/5
Epoch 13/20 | Train Loss: 2.1666 | Train Acc: 0.5975 | Val Loss: 2.2580 | Val Acc: 0.5781 | No improvement: 1/5
Epoch 14/20 | Train Loss: 2.1639 | Train Acc: 0.5969 | Val Loss: 2.2689 | Val Acc: 0.5752 | No improvement: 2/5
Epoch 15/20 | Train Loss: 2.1617 | Train Acc: 0.5984 | Val Loss: 2.2648 | Val Acc: 0.5783 | No improvement: 3/5
Epoch 16/20 | Train Loss: 2.1564 | Train Acc: 0.6004 | Val Loss: 2.2677 | Val Acc: 0.5763 | No improvement: 4/5
Epoch 17/20 | Train Loss: 2.1532 | Train Acc: 0.6016 | Val Loss: 2.2678 | Val Acc: 0.5730 | No improvement: 5/5

Early stopping triggered after 17 epochs (5 epochs without improvement).

Best Val Acc: 0.5813  →  saved to optuna_trial_41.pth
  Trial  41 | bal_acc=0.5799 | Human=0.473 | Denisovan=0.479 | Neanderthal=0.788
