[32m[I 2026-05-05 02:16:50,544][0m Trial 41 finished with value: 0.5798876062514048 and parameters: {'num_conv_layers': 3, 'num_dense_layers': 2, 'filters_0': 256, 'filters_1': 64, 'filters_2': 64, 'width_0': 11, 'width_1': 15, 'width_2': 15, 'drop_conv_0': 0.35836001875434187, 'drop_conv_1': 0.28109586812132253, 'drop_conv_2': 0.12700947318878059, 'dense_0': 128, 'dense_1': 64, 'drop_dense_0': 0.3383210225335532, 'drop_dense_1': 0.3835371244001687, 'lr': 0.00014591581118944368, 'weight_decay': 0.001856553763319814}. Best is trial 41 with value: 0.5798876062514048.[0m
Epoch 1/20 | Train Loss: 2.4002 | Train Acc: 0.5504 | Val Loss: 2.4208 | Val Acc: 0.5422 | No improvement: 0/5
Epoch 2/20 | Train Loss: 2.2760 | Train Acc: 0.5733 | Val Loss: 2.3531 | Val Acc: 0.5546 | No improvement: 0/5
Epoch 3/20 | Train Loss: 2.2398 | Train Acc: 0.5824 | Val Loss: 2.3115 | Val Acc: 0.5609 | No improvement: 0/5
Epoch 4/20 | Train Loss: 2.2226 | Train Acc: 0.5867 | Val Loss: 2.2922 | Val Acc: 0.5660 | No improvement: 0/5
Epoch 5/20 | Train Loss: 2.2148 | Train Acc: 0.5858 | Val Loss: 2.3093 | Val Acc: 0.5596 | No improvement: 1/5
Epoch 6/20 | Train Loss: 2.2070 | Train Acc: 0.5883 | Val Loss: 2.3203 | Val Acc: 0.5633 | No improvement: 2/5
Epoch 7/20 | Train Loss: 2.2030 | Train Acc: 0.5898 | Val Loss: 2.3123 | Val Acc: 0.5610 | No improvement: 3/5
Epoch 8/20 | Train Loss: 2.1941 | Train Acc: 0.5916 | Val Loss: 2.3092 | Val Acc: 0.5614 | No improvement: 4/5
Epoch 9/20 | Train Loss: 2.1972 | Train Acc: 0.5921 | Val Loss: 2.2866 | Val Acc: 0.5711 | No improvement: 0/5
Epoch 10/20 | Train Loss: 2.1888 | Train Acc: 0.5912 | Val Loss: 2.3582 | Val Acc: 0.5423 | No improvement: 1/5
Epoch 11/20 | Train Loss: 2.1876 | Train Acc: 0.5928 | Val Loss: 2.3035 | Val Acc: 0.5669 | No improvement: 2/5
Epoch 12/20 | Train Loss: 2.1791 | Train Acc: 0.5944 | Val Loss: 2.3162 | Val Acc: 0.5614 | No improvement: 3/5
Epoch 13/20 | Train Loss: 2.1813 | Train Acc: 0.5935 | Val Loss: 2.2956 | Val Acc: 0.5722 | No improvement: 0/5
Epoch 14/20 | Train Loss: 2.1778 | Train Acc: 0.5935 | Val Loss: 2.3145 | Val Acc: 0.5648 | No improvement: 1/5
Epoch 15/20 | Train Loss: 2.1774 | Train Acc: 0.5963 | Val Loss: 2.3011 | Val Acc: 0.5607 | No improvement: 2/5
Epoch 16/20 | Train Loss: 2.1742 | Train Acc: 0.5961 | Val Loss: 2.2783 | Val Acc: 0.5733 | No improvement: 0/5
Epoch 17/20 | Train Loss: 2.1726 | Train Acc: 0.5950 | Val Loss: 2.3258 | Val Acc: 0.5580 | No improvement: 1/5
Epoch 18/20 | Train Loss: 2.1689 | Train Acc: 0.5964 | Val Loss: 2.2707 | Val Acc: 0.5688 | No improvement: 2/5
Epoch 19/20 | Train Loss: 2.1648 | Train Acc: 0.5972 | Val Loss: 2.2568 | Val Acc: 0.5763 | No improvement: 0/5
Epoch 20/20 | Train Loss: 2.1676 | Train Acc: 0.5983 | Val Loss: 2.2860 | Val Acc: 0.5673 | No improvement: 1/5

Best Val Acc: 0.5763  →  saved to optuna_trial_42.pth
  Trial  42 | bal_acc=0.5751 | Human=0.417 | Denisovan=0.493 | Neanderthal=0.816
[32m[I 2026-05-05 02:18:53,399][0m Trial 42 finished with value: 0.5751449801864621 and parameters: {'num_conv_layers': 3, 'num_dense_layers': 2, 'filters_0': 256, 'filters_1': 64, 'filters_2': 64, 'width_0': 11, 'width_1': 15, 'width_2': 15, 'drop_conv_0': 0.1359566004766265, 'drop_conv_1': 0.3284493967916885, 'drop_conv_2': 0.12992928705935736, 'dense_0': 128, 'dense_1': 64, 'drop_dense_0': 0.34179607346410884, 'drop_dense_1': 0.38844992209311785, 'lr': 0.0004349637640887413, 'weight_decay': 0.0018159504105014694}. Best is trial 41 with value: 0.5798876062514048.[0m
Epoch 1/20 | Train Loss: 2.6293 | Train Acc: 0.4982 | Val Loss: 2.5520 | Val Acc: 0.5297 | No improvement: 0/5
Epoch 2/20 | Train Loss: 2.4164 | Train Acc: 0.5471 | Val Loss: 2.4897 | Val Acc: 0.5369 | No improvement: 0/5
Epoch 3/20 | Train Loss: 2.3620 | Train Acc: 0.5569 | Val Loss: 2.4535 | Val Acc: 0.5365 | No improvement: 1/5
Epoch 4/20 | Train Loss: 2.3241 | Train Acc: 0.5659 | Val Loss: 2.4255 | Val Acc: 0.5413 | No improvement: 0/5
Epoch 5/20 | Train Loss: 2.3000 | Train Acc: 0.5707 | Val Loss: 2.3868 | Val Acc: 0.5496 | No improvement: 0/5
Epoch 6/20 | Train Loss: 2.2808 | Train Acc: 0.5747 | Val Loss: 2.3596 | Val Acc: 0.5490 | No improvement: 1/5
Epoch 7/20 | Train Loss: 2.2619 | Train Acc: 0.5779 | Val Loss: 2.3496 | Val Acc: 0.5571 | No improvement: 0/5
Epoch 8/20 | Train Loss: 2.2458 | Train Acc: 0.5809 | Val Loss: 2.3439 | Val Acc: 0.5607 | No improvement: 0/5
Epoch 9/20 | Train Loss: 2.2386 | Train Acc: 0.5827 | Val Loss: 2.3346 | Val Acc: 0.5637 | No improvement: 0/5
Epoch 10/20 | Train Loss: 2.2293 | Train Acc: 0.5843 | Val Loss: 2.3384 | Val Acc: 0.5661 | No improvement: 0/5
Epoch 11/20 | Train Loss: 2.2158 | Train Acc: 0.5878 | Val Loss: 2.3308 | Val Acc: 0.5648 | No improvement: 1/5
Epoch 12/20 | Train Loss: 2.2188 | Train Acc: 0.5872 | Val Loss: 2.3121 | Val Acc: 0.5692 | No improvement: 0/5
Epoch 13/20 | Train Loss: 2.2105 | Train Acc: 0.5894 | Val Loss: 2.3136 | Val Acc: 0.5729 | No improvement: 0/5
Epoch 14/20 | Train Loss: 2.2012 | Train Acc: 0.5897 | Val Loss: 2.3173 | Val Acc: 0.5684 | No improvement: 1/5
Epoch 15/20 | Train Loss: 2.1936 | Train Acc: 0.5918 | Val Loss: 2.3213 | Val Acc: 0.5654 | No improvement: 2/5
Epoch 16/20 | Train Loss: 2.1927 | Train Acc: 0.5934 | Val Loss: 2.3085 | Val Acc: 0.5686 | No improvement: 3/5
Epoch 17/20 | Train Loss: 2.1881 | Train Acc: 0.5937 | Val Loss: 2.3083 | Val Acc: 0.5699 | No improvement: 4/5
Epoch 18/20 | Train Loss: 2.1868 | Train Acc: 0.5949 | Val Loss: 2.3296 | Val Acc: 0.5676 | No improvement: 5/5

Early stopping triggered after 18 epochs (5 epochs without improvement).

Best Val Acc: 0.5729  →  saved to optuna_trial_43.pth
  Trial  43 | bal_acc=0.5711 | Human=0.435 | Denisovan=0.439 | Neanderthal=0.839
[32m[I 2026-05-05 02:20:44,173][0m Trial 43 finished with value: 0.5710913468848196 and parameters: {'num_conv_layers': 3, 'num_dense_layers': 2, 'filters_0': 256, 'filters_1': 64, 'filters_2': 64, 'width_0': 11, 'width_1': 15, 'width_2': 15, 'drop_conv_0': 0.26408074526059794, 'drop_conv_1': 0.2840736249982458, 'drop_conv_2': 0.18324209902823485, 'dense_0': 128, 'dense_1': 64, 'drop_dense_0': 0.368365474979864, 'drop_dense_1': 0.4118291494079113, 'lr': 4.637784107650896e-05, 'weight_decay': 0.0023069643284113974}. Best is trial 41 with value: 0.5798876062514048.[0m
Epoch 1/20 | Train Loss: 2.5994 | Train Acc: 0.5030 | Val Loss: 2.5246 | Val Acc: 0.5267 | No improvement: 0/5
Epoch 2/20 | Train Loss: 2.4129 | Train Acc: 0.5466 | Val Loss: 2.4637 | Val Acc: 0.5383 | No improvement: 0/5
Epoch 3/20 | Train Loss: 2.3522 | Train Acc: 0.5595 | Val Loss: 2.4348 | Val Acc: 0.5352 | No improvement: 1/5
Epoch 4/20 | Train Loss: 2.3175 | Train Acc: 0.5682 | Val Loss: 2.3922 | Val Acc: 0.5495 | No improvement: 0/5
Epoch 5/20 | Train Loss: 2.2938 | Train Acc: 0.5730 | Val Loss: 2.3906 | Val Acc: 0.5525 | No improvement: 0/5
Epoch 6/20 | Train Loss: 2.2683 | Train Acc: 0.5780 | Val Loss: 2.3403 | Val Acc: 0.5604 | No improvement: 0/5
Epoch 7/20 | Train Loss: 2.2470 | Train Acc: 0.5812 | Val Loss: 2.3186 | Val Acc: 0.5598 | No improvement: 1/5
Epoch 8/20 | Train Loss: 2.2355 | Train Acc: 0.5827 | Val Loss: 2.3120 | Val Acc: 0.5621 | No improvement: 0/5
Epoch 9/20 | Train Loss: 2.2212 | Train Acc: 0.5877 | Val Loss: 2.3088 | Val Acc: 0.5650 | No improvement: 0/5
Epoch 10/20 | Train Loss: 2.2162 | Train Acc: 0.5870 | Val Loss: 2.3007 | Val Acc: 0.5591 | No improvement: 1/5
Epoch 11/20 | Train Loss: 2.2070 | Train Acc: 0.5899 | Val Loss: 2.2862 | Val Acc: 0.5667 | No improvement: 0/5
Epoch 12/20 | Train Loss: 2.2010 | Train Acc: 0.5912 | Val Loss: 2.2970 | Val Acc: 0.5667 | No improvement: 1/5
Epoch 13/20 | Train Loss: 2.1915 | Train Acc: 0.5916 | Val Loss: 2.2795 | Val Acc: 0.5711 | No improvement: 0/5
Epoch 14/20 | Train Loss: 2.1921 | Train Acc: 0.5924 | Val Loss: 2.2793 | Val Acc: 0.5677 | No improvement: 1/5
Epoch 15/20 | Train Loss: 2.1828 | Train Acc: 0.5935 | Val Loss: 2.2778 | Val Acc: 0.5702 | No improvement: 2/5
Epoch 16/20 | Train Loss: 2.1769 | Train Acc: 0.5958 | Val Loss: 2.2791 | Val Acc: 0.5694 | No improvement: 3/5
Epoch 17/20 | Train Loss: 2.1756 | Train Acc: 0.5938 | Val Loss: 2.2717 | Val Acc: 0.5731 | No improvement: 0/5
Epoch 18/20 | Train Loss: 2.1711 | Train Acc: 0.5964 | Val Loss: 2.2641 | Val Acc: 0.5706 | No improvement: 1/5
Epoch 19/20 | Train Loss: 2.1666 | Train Acc: 0.5984 | Val Loss: 2.2865 | Val Acc: 0.5676 | No improvement: 2/5
Epoch 20/20 | Train Loss: 2.1648 | Train Acc: 0.5961 | Val Loss: 2.2827 | Val Acc: 0.5679 | No improvement: 3/5

Best Val Acc: 0.5731  →  saved to optuna_trial_44.pth
  Trial  44 | bal_acc=0.5721 | Human=0.404 | Denisovan=0.496 | Neanderthal=0.816
[32m[I 2026-05-05 02:22:41,720][0m Trial 44 finished with value: 0.5721239478663622 and parameters: {'num_conv_layers': 3, 'num_dense_layers': 2, 'filters_0': 256, 'filters_1': 64, 'filters_2': 64, 'width_0': 11, 'width_1': 15, 'width_2': 5, 'drop_conv_0': 0.3190419108011498, 'drop_conv_1': 0.2223525191424849, 'drop_conv_2': 0.12805577490580156, 'dense_0': 128, 'dense_1': 64, 'drop_dense_0': 0.3205758272601017, 'drop_dense_1': 0.4361821966345528, 'lr': 7.50238196279528e-05, 'weight_decay': 0.0006271907282411979}. Best is trial 41 with value: 0.5798876062514048.[0m
Epoch 1/20 | Train Loss: 2.5051 | Train Acc: 0.5240 | Val Loss: 2.4673 | Val Acc: 0.5419 | No improvement: 0/5
Epoch 2/20 | Train Loss: 2.3367 | Train Acc: 0.5597 | Val Loss: 2.4168 | Val Acc: 0.5518 | No improvement: 0/5
Epoch 3/20 | Train Loss: 2.2814 | Train Acc: 0.5732 | Val Loss: 2.3920 | Val Acc: 0.5533 | No improvement: 0/5
Epoch 4/20 | Train Loss: 2.2553 | Train Acc: 0.5793 | Val Loss: 2.3626 | Val Acc: 0.5561 | No improvement: 0/5
Epoch 5/20 | Train Loss: 2.2393 | Train Acc: 0.5816 | Val Loss: 2.3609 | Val Acc: 0.5594 | No improvement: 0/5
Epoch 6/20 | Train Loss: 2.2201 | Train Acc: 0.5860 | Val Loss: 2.3687 | Val Acc: 0.5533 | No improvement: 1/5
Epoch 7/20 | Train Loss: 2.2154 | Train Acc: 0.5876 | Val Loss: 2.3646 | Val Acc: 0.5563 | No improvement: 2/5
Epoch 8/20 | Train Loss: 2.2045 | Train Acc: 0.5904 | Val Loss: 2.3735 | Val Acc: 0.5569 | No improvement: 3/5
Epoch 9/20 | Train Loss: 2.1958 | Train Acc: 0.5931 | Val Loss: 2.3444 | Val Acc: 0.5625 | No improvement: 0/5
Epoch 10/20 | Train Loss: 2.1919 | Train Acc: 0.5919 | Val Loss: 2.3690 | Val Acc: 0.5563 | No improvement: 1/5
Epoch 11/20 | Train Loss: 2.1834 | Train Acc: 0.5954 | Val Loss: 2.3765 | Val Acc: 0.5536 | No improvement: 2/5
Epoch 12/20 | Train Loss: 2.1850 | Train Acc: 0.5961 | Val Loss: 2.3519 | Val Acc: 0.5681 | No improvement: 0/5
Epoch 13/20 | Train Loss: 2.1743 | Train Acc: 0.5955 | Val Loss: 2.3377 | Val Acc: 0.5637 | No improvement: 1/5
Epoch 14/20 | Train Loss: 2.1743 | Train Acc: 0.5972 | Val Loss: 2.3736 | Val Acc: 0.5519 | No improvement: 2/5
Epoch 15/20 | Train Loss: 2.1669 | Train Acc: 0.5977 | Val Loss: 2.3556 | Val Acc: 0.5565 | No improvement: 3/5
Epoch 16/20 | Train Loss: 2.1659 | Train Acc: 0.5974 | Val Loss: 2.3656 | Val Acc: 0.5532 | No improvement: 4/5
Epoch 17/20 | Train Loss: 2.1601 | Train Acc: 0.5991 | Val Loss: 2.3323 | Val Acc: 0.5613 | No improvement: 5/5

Early stopping triggered after 17 epochs (5 epochs without improvement).

Best Val Acc: 0.5681  →  saved to optuna_trial_45.pth
  Trial  45 | bal_acc=0.5664 | Human=0.529 | Denisovan=0.439 | Neanderthal=0.731
[32m[I 2026-05-05 02:24:12,579][0m Trial 45 finished with value: 0.5664320971597477 and parameters: {'num_conv_layers': 2, 'num_dense_layers': 2, 'filters_0': 256, 'filters_1': 64, 'width_0': 7, 'width_1': 15, 'drop_conv_0': 0.34460432630979515, 'drop_conv_1': 0.3698915444762409, 'dense_0': 128, 'dense_1': 64, 'drop_dense_0': 0.33937658009367366, 'drop_dense_1': 0.4557347161319741, 'lr': 0.00020031182763452718, 'weight_decay': 0.0003165963224068109}. Best is trial 41 with value: 0.5798876062514048.[0m
Epoch 1/20 | Train Loss: 2.4156 | Train Acc: 0.5457 | Val Loss: 2.4147 | Val Acc: 0.5482 | No improvement: 0/5
Epoch 2/20 | Train Loss: 2.2672 | Train Acc: 0.5756 | Val Loss: 2.3436 | Val Acc: 0.5626 | No improvement: 0/5
Epoch 3/20 | Train Loss: 2.2168 | Train Acc: 0.5852 | Val Loss: 2.3243 | Val Acc: 0.5638 | No improvement: 0/5
Epoch 4/20 | Train Loss: 2.1915 | Train Acc: 0.5900 | Val Loss: 2.3573 | Val Acc: 0.5502 | No improvement: 1/5
Epoch 5/20 | Train Loss: 2.1788 | Train Acc: 0.5928 | Val Loss: 2.3311 | Val Acc: 0.5592 | No improvement: 2/5
Epoch 6/20 | Train Loss: 2.1652 | Train Acc: 0.5947 | Val Loss: 2.2715 | Val Acc: 0.5748 | No improvement: 0/5
Epoch 7/20 | Train Loss: 2.1569 | Train Acc: 0.5979 | Val Loss: 2.2919 | Val Acc: 0.5661 | No improvement: 1/5
Epoch 8/20 | Train Loss: 2.1439 | Train Acc: 0.6003 | Val Loss: 2.2569 | Val Acc: 0.5750 | No improvement: 0/5
Epoch 9/20 | Train Loss: 2.1389 | Train Acc: 0.6025 | Val Loss: 2.2439 | Val Acc: 0.5757 | No improvement: 0/5
Epoch 10/20 | Train Loss: 2.1314 | Train Acc: 0.6026 | Val Loss: 2.2634 | Val Acc: 0.5741 | No improvement: 1/5
Epoch 11/20 | Train Loss: 2.1284 | Train Acc: 0.6025 | Val Loss: 2.2481 | Val Acc: 0.5807 | No improvement: 0/5
Epoch 12/20 | Train Loss: 2.1261 | Train Acc: 0.6023 | Val Loss: 2.2449 | Val Acc: 0.5794 | No improvement: 1/5
Epoch 13/20 | Train Loss: 2.1177 | Train Acc: 0.6061 | Val Loss: 2.2422 | Val Acc: 0.5787 | No improvement: 2/5
Epoch 14/20 | Train Loss: 2.1144 | Train Acc: 0.6061 | Val Loss: 2.2503 | Val Acc: 0.5768 | No improvement: 3/5
Epoch 15/20 | Train Loss: 2.1128 | Train Acc: 0.6064 | Val Loss: 2.2492 | Val Acc: 0.5748 | No improvement: 4/5
Epoch 16/20 | Train Loss: 2.1121 | Train Acc: 0.6066 | Val Loss: 2.2530 | Val Acc: 0.5791 | No improvement: 5/5

Early stopping triggered after 16 epochs (5 epochs without improvement).

Best Val Acc: 0.5807  →  saved to optuna_trial_46.pth
  Trial  46 | bal_acc=0.5792 | Human=0.466 | Denisovan=0.468 | Neanderthal=0.804
[32m[I 2026-05-05 02:28:14,836][0m Trial 46 finished with value: 0.579210159612401 and parameters: {'num_conv_layers': 3, 'num_dense_layers': 1, 'filters_0': 256, 'filters_1': 128, 'filters_2': 64, 'width_0': 15, 'width_1': 11, 'width_2': 15, 'drop_conv_0': 0.17973782956707898, 'drop_conv_1': 0.3267158084093715, 'drop_conv_2': 0.10071139255931251, 'dense_0': 128, 'drop_dense_0': 0.31774322739977384, 'lr': 0.00013903023760122095, 'weight_decay': 0.0012827719007625917}. Best is trial 41 with value: 0.5798876062514048.[0m
Epoch 1/20 | Train Loss: 2.4211 | Train Acc: 0.5462 | Val Loss: 2.4000 | Val Acc: 0.5529 | No improvement: 0/5
Epoch 2/20 | Train Loss: 2.2683 | Train Acc: 0.5769 | Val Loss: 2.3289 | Val Acc: 0.5563 | No improvement: 0/5
Epoch 3/20 | Train Loss: 2.2192 | Train Acc: 0.5844 | Val Loss: 2.3083 | Val Acc: 0.5692 | No improvement: 0/5
Epoch 4/20 | Train Loss: 2.1945 | Train Acc: 0.5916 | Val Loss: 2.2766 | Val Acc: 0.5708 | No improvement: 0/5
Epoch 5/20 | Train Loss: 2.1773 | Train Acc: 0.5925 | Val Loss: 2.2668 | Val Acc: 0.5757 | No improvement: 0/5
Epoch 6/20 | Train Loss: 2.1644 | Train Acc: 0.5961 | Val Loss: 2.2773 | Val Acc: 0.5718 | No improvement: 1/5
Epoch 7/20 | Train Loss: 2.1510 | Train Acc: 0.6000 | Val Loss: 2.2724 | Val Acc: 0.5717 | No improvement: 2/5
Epoch 8/20 | Train Loss: 2.1452 | Train Acc: 0.6011 | Val Loss: 2.2612 | Val Acc: 0.5708 | No improvement: 3/5
Epoch 9/20 | Train Loss: 2.1380 | Train Acc: 0.6023 | Val Loss: 2.2658 | Val Acc: 0.5757 | No improvement: 4/5
Epoch 10/20 | Train Loss: 2.1384 | Train Acc: 0.6008 | Val Loss: 2.2425 | Val Acc: 0.5792 | No improvement: 0/5
Epoch 11/20 | Train Loss: 2.1306 | Train Acc: 0.6034 | Val Loss: 2.2584 | Val Acc: 0.5750 | No improvement: 1/5
Epoch 12/20 | Train Loss: 2.1251 | Train Acc: 0.6037 | Val Loss: 2.2464 | Val Acc: 0.5783 | No improvement: 2/5
Epoch 13/20 | Train Loss: 2.1185 | Train Acc: 0.6055 | Val Loss: 2.2472 | Val Acc: 0.5776 | No improvement: 3/5
Epoch 14/20 | Train Loss: 2.1133 | Train Acc: 0.6063 | Val Loss: 2.2529 | Val Acc: 0.5753 | No improvement: 4/5
Epoch 15/20 | Train Loss: 2.1070 | Train Acc: 0.6073 | Val Loss: 2.2390 | Val Acc: 0.5831 | No improvement: 0/5
Epoch 16/20 | Train Loss: 2.1098 | Train Acc: 0.6077 | Val Loss: 2.2467 | Val Acc: 0.5811 | No improvement: 1/5
Epoch 17/20 | Train Loss: 2.1059 | Train Acc: 0.6066 | Val Loss: 2.2567 | Val Acc: 0.5761 | No improvement: 2/5
Epoch 18/20 | Train Loss: 2.1007 | Train Acc: 0.6083 | Val Loss: 2.2436 | Val Acc: 0.5777 | No improvement: 3/5
Epoch 19/20 | Train Loss: 2.0957 | Train Acc: 0.6103 | Val Loss: 2.2359 | Val Acc: 0.5817 | No improvement: 4/5
Epoch 20/20 | Train Loss: 2.0935 | Train Acc: 0.6097 | Val Loss: 2.2764 | Val Acc: 0.5714 | No improvement: 5/5

Early stopping triggered after 20 epochs (5 epochs without improvement).

Best Val Acc: 0.5831  →  saved to optuna_trial_47.pth
  Trial  47 | bal_acc=0.5816 | Human=0.489 | Denisovan=0.471 | Neanderthal=0.785
[32m[I 2026-05-05 02:33:16,552][0m Trial 47 finished with value: 0.5816425061240255 and parameters: {'num_conv_layers': 3, 'num_dense_layers': 1, 'filters_0': 256, 'filters_1': 128, 'filters_2': 64, 'width_0': 15, 'width_1': 11, 'width_2': 15, 'drop_conv_0': 0.18281326734302775, 'drop_conv_1': 0.29276983072250995, 'drop_conv_2': 0.1342698776169164, 'dense_0': 128, 'drop_dense_0': 0.35677016454523924, 'lr': 0.00012195151797538036, 'weight_decay': 0.0013563110015086574}. Best is trial 47 with value: 0.5816425061240255.[0m
Epoch 1/20 | Train Loss: 2.4338 | Train Acc: 0.5408 | Val Loss: 2.4341 | Val Acc: 0.5460 | No improvement: 0/5
Epoch 2/20 | Train Loss: 2.2768 | Train Acc: 0.5731 | Val Loss: 2.3975 | Val Acc: 0.5580 | No improvement: 0/5
Epoch 3/20 | Train Loss: 2.2354 | Train Acc: 0.5808 | Val Loss: 2.3696 | Val Acc: 0.5637 | No improvement: 0/5
Epoch 4/20 | Train Loss: 2.2078 | Train Acc: 0.5870 | Val Loss: 2.3494 | Val Acc: 0.5660 | No improvement: 0/5
Epoch 5/20 | Train Loss: 2.1907 | Train Acc: 0.5905 | Val Loss: 2.3458 | Val Acc: 0.5656 | No improvement: 1/5
Epoch 6/20 | Train Loss: 2.1797 | Train Acc: 0.5936 | Val Loss: 2.3370 | Val Acc: 0.5640 | No improvement: 2/5
Epoch 7/20 | Train Loss: 2.1702 | Train Acc: 0.5940 | Val Loss: 2.3184 | Val Acc: 0.5725 | No improvement: 0/5
Epoch 8/20 | Train Loss: 2.1619 | Train Acc: 0.5974 | Val Loss: 2.3044 | Val Acc: 0.5717 | No improvement: 1/5
Epoch 9/20 | Train Loss: 2.1538 | Train Acc: 0.5977 | Val Loss: 2.3344 | Val Acc: 0.5675 | No improvement: 2/5
Epoch 10/20 | Train Loss: 2.1465 | Train Acc: 0.6001 | Val Loss: 2.3194 | Val Acc: 0.5718 | No improvement: 3/5
Epoch 11/20 | Train Loss: 2.1426 | Train Acc: 0.6005 | Val Loss: 2.3069 | Val Acc: 0.5707 | No improvement: 4/5
Epoch 12/20 | Train Loss: 2.1333 | Train Acc: 0.6020 | Val Loss: 2.3118 | Val Acc: 0.5711 | No improvement: 5/5

Early stopping triggered after 12 epochs (5 epochs without improvement).

Best Val Acc: 0.5725  →  saved to optuna_trial_48.pth
  Trial  48 | bal_acc=0.5708 | Human=0.508 | Denisovan=0.444 | Neanderthal=0.760
[32m[I 2026-05-05 02:35:58,066][0m Trial 48 finished with value: 0.5707636700976974 and parameters: {'num_conv_layers': 3, 'num_dense_layers': 1, 'filters_0': 128, 'filters_1': 128, 'filters_2': 64, 'width_0': 15, 'width_1': 11, 'width_2': 15, 'drop_conv_0': 0.157810343742909, 'drop_conv_1': 0.27393046425309947, 'drop_conv_2': 0.33131760363843055, 'dense_0': 128, 'drop_dense_0': 0.3570923926720564, 'lr': 0.0001296017004860946, 'weight_decay': 0.0009370522321054974}. Best is trial 47 with value: 0.5816425061240255.[0m
Epoch 1/20 | Train Loss: 2.3378 | Train Acc: 0.5613 | Val Loss: 2.4499 | Val Acc: 0.5353 | No improvement: 0/5
Epoch 2/20 | Train Loss: 2.2674 | Train Acc: 0.5746 | Val Loss: 2.4882 | Val Acc: 0.5109 | No improvement: 1/5
Epoch 3/20 | Train Loss: 2.2356 | Train Acc: 0.5808 | Val Loss: 2.3659 | Val Acc: 0.5513 | No improvement: 0/5
Epoch 4/20 | Train Loss: 2.2251 | Train Acc: 0.5826 | Val Loss: 2.3513 | Val Acc: 0.5537 | No improvement: 0/5
Epoch 5/20 | Train Loss: 2.2145 | Train Acc: 0.5842 | Val Loss: 2.3186 | Val Acc: 0.5602 | No improvement: 0/5
Epoch 6/20 | Train Loss: 2.2185 | Train Acc: 0.5859 | Val Loss: 2.3360 | Val Acc: 0.5568 | No improvement: 1/5
Epoch 7/20 | Train Loss: 2.2009 | Train Acc: 0.5877 | Val Loss: 2.4134 | Val Acc: 0.5371 | No improvement: 2/5
Epoch 8/20 | Train Loss: 2.1991 | Train Acc: 0.5892 | Val Loss: 2.4385 | Val Acc: 0.5355 | No improvement: 3/5
Epoch 9/20 | Train Loss: 2.1929 | Train Acc: 0.5887 | Val Loss: 2.3949 | Val Acc: 0.5441 | No improvement: 4/5
Epoch 10/20 | Train Loss: 2.1870 | Train Acc: 0.5907 | Val Loss: 2.4310 | Val Acc: 0.5297 | No improvement: 5/5

Early stopping triggered after 10 epochs (5 epochs without improvement).

Best Val Acc: 0.5602  →  saved to optuna_trial_49.pth
  Trial  49 | bal_acc=0.5586 | Human=0.405 | Denisovan=0.441 | Neanderthal=0.829
