[32m[I 2026-05-05 01:00:17,506][0m Trial 9 finished with value: 0.5550144790063983 and parameters: {'num_conv_layers': 4, 'num_dense_layers': 1, 'filters_0': 64, 'filters_1': 128, 'filters_2': 64, 'filters_3': 32, 'width_0': 7, 'width_1': 15, 'width_2': 7, 'width_3': 7, 'drop_conv_0': 0.10251650474044002, 'drop_conv_1': 0.26116709406320615, 'drop_conv_2': 0.30673872625760046, 'drop_conv_3': 0.2632404234706117, 'dense_0': 256, 'drop_dense_0': 0.3266122222867599, 'lr': 0.00011538960115874308, 'weight_decay': 0.002215578652564984}. Best is trial 4 with value: 0.5707080488643083.[0m
Epoch 1/20 | Train Loss: 3.0605 | Train Acc: 0.3477 | Val Loss: 3.0393 | Val Acc: 0.3992 | No improvement: 0/5
Epoch 2/20 | Train Loss: 2.9612 | Train Acc: 0.4031 | Val Loss: 2.8939 | Val Acc: 0.5066 | No improvement: 0/5
Epoch 3/20 | Train Loss: 2.8038 | Train Acc: 0.4565 | Val Loss: 2.7450 | Val Acc: 0.5052 | No improvement: 1/5
Epoch 4/20 | Train Loss: 2.7146 | Train Acc: 0.4790 | Val Loss: 2.6759 | Val Acc: 0.5075 | No improvement: 0/5
Epoch 5/20 | Train Loss: 2.6651 | Train Acc: 0.4912 | Val Loss: 2.6382 | Val Acc: 0.5115 | No improvement: 0/5
Epoch 6/20 | Train Loss: 2.6328 | Train Acc: 0.5003 | Val Loss: 2.6163 | Val Acc: 0.5136 | No improvement: 0/5
Epoch 7/20 | Train Loss: 2.6086 | Train Acc: 0.5041 | Val Loss: 2.5996 | Val Acc: 0.5110 | No improvement: 1/5
Epoch 8/20 | Train Loss: 2.5792 | Train Acc: 0.5093 | Val Loss: 2.5760 | Val Acc: 0.5103 | No improvement: 2/5
Epoch 9/20 | Train Loss: 2.5635 | Train Acc: 0.5144 | Val Loss: 2.5646 | Val Acc: 0.5118 | No improvement: 3/5
Epoch 10/20 | Train Loss: 2.5443 | Train Acc: 0.5170 | Val Loss: 2.5539 | Val Acc: 0.5110 | No improvement: 4/5
Epoch 11/20 | Train Loss: 2.5264 | Train Acc: 0.5200 | Val Loss: 2.5371 | Val Acc: 0.5172 | No improvement: 0/5
Epoch 12/20 | Train Loss: 2.5183 | Train Acc: 0.5214 | Val Loss: 2.5348 | Val Acc: 0.5114 | No improvement: 1/5
Epoch 13/20 | Train Loss: 2.5052 | Train Acc: 0.5236 | Val Loss: 2.5267 | Val Acc: 0.5155 | No improvement: 2/5
Epoch 14/20 | Train Loss: 2.4873 | Train Acc: 0.5275 | Val Loss: 2.5094 | Val Acc: 0.5190 | No improvement: 0/5
Epoch 15/20 | Train Loss: 2.4854 | Train Acc: 0.5264 | Val Loss: 2.5109 | Val Acc: 0.5157 | No improvement: 1/5
Epoch 16/20 | Train Loss: 2.4750 | Train Acc: 0.5303 | Val Loss: 2.5058 | Val Acc: 0.5152 | No improvement: 2/5
Epoch 17/20 | Train Loss: 2.4669 | Train Acc: 0.5296 | Val Loss: 2.4878 | Val Acc: 0.5194 | No improvement: 0/5
Epoch 18/20 | Train Loss: 2.4516 | Train Acc: 0.5338 | Val Loss: 2.4767 | Val Acc: 0.5214 | No improvement: 0/5
Epoch 19/20 | Train Loss: 2.4446 | Train Acc: 0.5331 | Val Loss: 2.4722 | Val Acc: 0.5217 | No improvement: 0/5
Epoch 20/20 | Train Loss: 2.4351 | Train Acc: 0.5356 | Val Loss: 2.4685 | Val Acc: 0.5214 | No improvement: 1/5

Best Val Acc: 0.5217  →  saved to optuna_trial_10.pth
  Trial  10 | bal_acc=0.5225 | Human=0.156 | Denisovan=0.586 | Neanderthal=0.825
[32m[I 2026-05-05 01:05:11,401][0m Trial 10 finished with value: 0.5225432803416187 and parameters: {'num_conv_layers': 4, 'num_dense_layers': 3, 'filters_0': 256, 'filters_1': 64, 'filters_2': 256, 'filters_3': 128, 'width_0': 7, 'width_1': 5, 'width_2': 9, 'width_3': 15, 'drop_conv_0': 0.5614573521352355, 'drop_conv_1': 0.10607685000396788, 'drop_conv_2': 0.14633103005498438, 'drop_conv_3': 0.12783543217328436, 'dense_0': 64, 'dense_1': 64, 'dense_2': 128, 'drop_dense_0': 0.4932955902838326, 'drop_dense_1': 0.4759316916862904, 'drop_dense_2': 0.5970271505312885, 'lr': 1.0156188772617928e-05, 'weight_decay': 0.008862842094473503}. Best is trial 4 with value: 0.5707080488643083.[0m
Epoch 1/20 | Train Loss: 2.5315 | Train Acc: 0.5169 | Val Loss: 2.5505 | Val Acc: 0.5325 | No improvement: 0/5
Epoch 2/20 | Train Loss: 2.3399 | Train Acc: 0.5612 | Val Loss: 2.5079 | Val Acc: 0.5373 | No improvement: 0/5
Epoch 3/20 | Train Loss: 2.3024 | Train Acc: 0.5693 | Val Loss: 2.4998 | Val Acc: 0.5405 | No improvement: 0/5
Epoch 4/20 | Train Loss: 2.2761 | Train Acc: 0.5743 | Val Loss: 2.4795 | Val Acc: 0.5471 | No improvement: 0/5
Epoch 5/20 | Train Loss: 2.2513 | Train Acc: 0.5774 | Val Loss: 2.4941 | Val Acc: 0.5486 | No improvement: 0/5
Epoch 6/20 | Train Loss: 2.2349 | Train Acc: 0.5802 | Val Loss: 2.4599 | Val Acc: 0.5586 | No improvement: 0/5
Epoch 7/20 | Train Loss: 2.2277 | Train Acc: 0.5819 | Val Loss: 2.4537 | Val Acc: 0.5569 | No improvement: 1/5
Epoch 8/20 | Train Loss: 2.2216 | Train Acc: 0.5841 | Val Loss: 2.4518 | Val Acc: 0.5403 | No improvement: 2/5
Epoch 9/20 | Train Loss: 2.2155 | Train Acc: 0.5853 | Val Loss: 2.4353 | Val Acc: 0.5498 | No improvement: 3/5
Epoch 10/20 | Train Loss: 2.2035 | Train Acc: 0.5856 | Val Loss: 2.4272 | Val Acc: 0.5598 | No improvement: 0/5
Epoch 11/20 | Train Loss: 2.2005 | Train Acc: 0.5881 | Val Loss: 2.4596 | Val Acc: 0.5506 | No improvement: 1/5
Epoch 12/20 | Train Loss: 2.1911 | Train Acc: 0.5891 | Val Loss: 2.4319 | Val Acc: 0.5556 | No improvement: 2/5
Epoch 13/20 | Train Loss: 2.1872 | Train Acc: 0.5918 | Val Loss: 2.4001 | Val Acc: 0.5649 | No improvement: 0/5
Epoch 14/20 | Train Loss: 2.1818 | Train Acc: 0.5927 | Val Loss: 2.4152 | Val Acc: 0.5579 | No improvement: 1/5
Epoch 15/20 | Train Loss: 2.1765 | Train Acc: 0.5930 | Val Loss: 2.4003 | Val Acc: 0.5665 | No improvement: 0/5
Epoch 16/20 | Train Loss: 2.1760 | Train Acc: 0.5927 | Val Loss: 2.4292 | Val Acc: 0.5569 | No improvement: 1/5
Epoch 17/20 | Train Loss: 2.1726 | Train Acc: 0.5938 | Val Loss: 2.4273 | Val Acc: 0.5530 | No improvement: 2/5
Epoch 18/20 | Train Loss: 2.1707 | Train Acc: 0.5933 | Val Loss: 2.4083 | Val Acc: 0.5584 | No improvement: 3/5
Epoch 19/20 | Train Loss: 2.1694 | Train Acc: 0.5941 | Val Loss: 2.4073 | Val Acc: 0.5611 | No improvement: 4/5
Epoch 20/20 | Train Loss: 2.1596 | Train Acc: 0.5951 | Val Loss: 2.3917 | Val Acc: 0.5617 | No improvement: 5/5

Early stopping triggered after 20 epochs (5 epochs without improvement).

Best Val Acc: 0.5665  →  saved to optuna_trial_11.pth
  Trial  11 | bal_acc=0.5644 | Human=0.473 | Denisovan=0.409 | Neanderthal=0.811
[32m[I 2026-05-05 01:06:07,580][0m Trial 11 finished with value: 0.564421961327922 and parameters: {'num_conv_layers': 3, 'num_dense_layers': 2, 'filters_0': 64, 'filters_1': 32, 'filters_2': 64, 'width_0': 11, 'width_1': 19, 'width_2': 15, 'drop_conv_0': 0.3278359967620911, 'drop_conv_1': 0.19620558852059916, 'drop_conv_2': 0.5553166590336563, 'dense_0': 64, 'dense_1': 256, 'drop_dense_0': 0.405319336660828, 'drop_dense_1': 0.33188641354293225, 'lr': 0.0001646415175753008, 'weight_decay': 0.0005244916980211095}. Best is trial 4 with value: 0.5707080488643083.[0m
Epoch 1/20 | Train Loss: 2.5008 | Train Acc: 0.5245 | Val Loss: 2.4510 | Val Acc: 0.5349 | No improvement: 0/5
Epoch 2/20 | Train Loss: 2.3232 | Train Acc: 0.5637 | Val Loss: 2.4083 | Val Acc: 0.5429 | No improvement: 0/5
Epoch 3/20 | Train Loss: 2.2802 | Train Acc: 0.5731 | Val Loss: 2.3553 | Val Acc: 0.5510 | No improvement: 0/5
Epoch 4/20 | Train Loss: 2.2521 | Train Acc: 0.5775 | Val Loss: 2.3398 | Val Acc: 0.5526 | No improvement: 0/5
Epoch 5/20 | Train Loss: 2.2419 | Train Acc: 0.5805 | Val Loss: 2.3241 | Val Acc: 0.5621 | No improvement: 0/5
Epoch 6/20 | Train Loss: 2.2258 | Train Acc: 0.5840 | Val Loss: 2.3155 | Val Acc: 0.5669 | No improvement: 0/5
Epoch 7/20 | Train Loss: 2.2205 | Train Acc: 0.5851 | Val Loss: 2.3115 | Val Acc: 0.5591 | No improvement: 1/5
Epoch 8/20 | Train Loss: 2.2084 | Train Acc: 0.5880 | Val Loss: 2.3298 | Val Acc: 0.5634 | No improvement: 2/5
Epoch 9/20 | Train Loss: 2.2036 | Train Acc: 0.5893 | Val Loss: 2.2974 | Val Acc: 0.5690 | No improvement: 0/5
Epoch 10/20 | Train Loss: 2.1969 | Train Acc: 0.5900 | Val Loss: 2.3070 | Val Acc: 0.5663 | No improvement: 1/5
Epoch 11/20 | Train Loss: 2.1922 | Train Acc: 0.5919 | Val Loss: 2.3167 | Val Acc: 0.5675 | No improvement: 2/5
Epoch 12/20 | Train Loss: 2.1834 | Train Acc: 0.5917 | Val Loss: 2.3150 | Val Acc: 0.5649 | No improvement: 3/5
Epoch 13/20 | Train Loss: 2.1823 | Train Acc: 0.5933 | Val Loss: 2.2921 | Val Acc: 0.5736 | No improvement: 0/5
Epoch 14/20 | Train Loss: 2.1771 | Train Acc: 0.5946 | Val Loss: 2.2877 | Val Acc: 0.5726 | No improvement: 1/5
Epoch 15/20 | Train Loss: 2.1796 | Train Acc: 0.5934 | Val Loss: 2.3163 | Val Acc: 0.5618 | No improvement: 2/5
Epoch 16/20 | Train Loss: 2.1779 | Train Acc: 0.5947 | Val Loss: 2.2790 | Val Acc: 0.5765 | No improvement: 0/5
Epoch 17/20 | Train Loss: 2.1727 | Train Acc: 0.5950 | Val Loss: 2.2929 | Val Acc: 0.5710 | No improvement: 1/5
Epoch 18/20 | Train Loss: 2.1672 | Train Acc: 0.5974 | Val Loss: 2.3178 | Val Acc: 0.5654 | No improvement: 2/5
Epoch 19/20 | Train Loss: 2.1717 | Train Acc: 0.5967 | Val Loss: 2.2809 | Val Acc: 0.5713 | No improvement: 3/5
Epoch 20/20 | Train Loss: 2.1654 | Train Acc: 0.5974 | Val Loss: 2.3084 | Val Acc: 0.5698 | No improvement: 4/5

Best Val Acc: 0.5765  →  saved to optuna_trial_12.pth
  Trial  12 | bal_acc=0.5754 | Human=0.402 | Denisovan=0.490 | Neanderthal=0.834
[32m[I 2026-05-05 01:07:11,646][0m Trial 12 finished with value: 0.5753726830800375 and parameters: {'num_conv_layers': 3, 'num_dense_layers': 2, 'filters_0': 64, 'filters_1': 64, 'filters_2': 64, 'width_0': 11, 'width_1': 19, 'width_2': 15, 'drop_conv_0': 0.38239282532319274, 'drop_conv_1': 0.25269669440799, 'drop_conv_2': 0.11144403248529058, 'dense_0': 64, 'dense_1': 256, 'drop_dense_0': 0.33152218511422443, 'drop_dense_1': 0.33834344322148485, 'lr': 0.00016202881767476642, 'weight_decay': 0.0034202150272933866}. Best is trial 12 with value: 0.5753726830800375.[0m
Epoch 1/20 | Train Loss: 2.6242 | Train Acc: 0.5003 | Val Loss: 2.5286 | Val Acc: 0.5218 | No improvement: 0/5
Epoch 2/20 | Train Loss: 2.4286 | Train Acc: 0.5460 | Val Loss: 2.4672 | Val Acc: 0.5380 | No improvement: 0/5
Epoch 3/20 | Train Loss: 2.3655 | Train Acc: 0.5596 | Val Loss: 2.4258 | Val Acc: 0.5423 | No improvement: 0/5
Epoch 4/20 | Train Loss: 2.3326 | Train Acc: 0.5632 | Val Loss: 2.3941 | Val Acc: 0.5445 | No improvement: 0/5
Epoch 5/20 | Train Loss: 2.3039 | Train Acc: 0.5704 | Val Loss: 2.3867 | Val Acc: 0.5507 | No improvement: 0/5
Epoch 6/20 | Train Loss: 2.2841 | Train Acc: 0.5754 | Val Loss: 2.3695 | Val Acc: 0.5556 | No improvement: 0/5
Epoch 7/20 | Train Loss: 2.2640 | Train Acc: 0.5761 | Val Loss: 2.3502 | Val Acc: 0.5587 | No improvement: 0/5
Epoch 8/20 | Train Loss: 2.2536 | Train Acc: 0.5800 | Val Loss: 2.3375 | Val Acc: 0.5630 | No improvement: 0/5
Epoch 9/20 | Train Loss: 2.2419 | Train Acc: 0.5827 | Val Loss: 2.3155 | Val Acc: 0.5665 | No improvement: 0/5
Epoch 10/20 | Train Loss: 2.2404 | Train Acc: 0.5805 | Val Loss: 2.3222 | Val Acc: 0.5676 | No improvement: 0/5
Epoch 11/20 | Train Loss: 2.2269 | Train Acc: 0.5859 | Val Loss: 2.3319 | Val Acc: 0.5645 | No improvement: 1/5
Epoch 12/20 | Train Loss: 2.2225 | Train Acc: 0.5863 | Val Loss: 2.3254 | Val Acc: 0.5688 | No improvement: 0/5
Epoch 13/20 | Train Loss: 2.2157 | Train Acc: 0.5889 | Val Loss: 2.3449 | Val Acc: 0.5648 | No improvement: 1/5
Epoch 14/20 | Train Loss: 2.2159 | Train Acc: 0.5879 | Val Loss: 2.3648 | Val Acc: 0.5621 | No improvement: 2/5
Epoch 15/20 | Train Loss: 2.2073 | Train Acc: 0.5890 | Val Loss: 2.3130 | Val Acc: 0.5707 | No improvement: 0/5
Epoch 16/20 | Train Loss: 2.2024 | Train Acc: 0.5913 | Val Loss: 2.2970 | Val Acc: 0.5754 | No improvement: 0/5
Epoch 17/20 | Train Loss: 2.2020 | Train Acc: 0.5915 | Val Loss: 2.3071 | Val Acc: 0.5754 | No improvement: 1/5
Epoch 18/20 | Train Loss: 2.1974 | Train Acc: 0.5919 | Val Loss: 2.3022 | Val Acc: 0.5690 | No improvement: 2/5
Epoch 19/20 | Train Loss: 2.1951 | Train Acc: 0.5939 | Val Loss: 2.3149 | Val Acc: 0.5748 | No improvement: 3/5
Epoch 20/20 | Train Loss: 2.1879 | Train Acc: 0.5941 | Val Loss: 2.3262 | Val Acc: 0.5764 | No improvement: 0/5

Best Val Acc: 0.5764  →  saved to optuna_trial_13.pth
  Trial  13 | bal_acc=0.5754 | Human=0.383 | Denisovan=0.501 | Neanderthal=0.842
[32m[I 2026-05-05 01:09:39,298][0m Trial 13 finished with value: 0.5753837296124171 and parameters: {'num_conv_layers': 3, 'num_dense_layers': 2, 'filters_0': 256, 'filters_1': 64, 'filters_2': 128, 'width_0': 11, 'width_1': 19, 'width_2': 11, 'drop_conv_0': 0.41278733920835387, 'drop_conv_1': 0.32068389726538055, 'drop_conv_2': 0.11392790300678668, 'dense_0': 64, 'dense_1': 64, 'drop_dense_0': 0.31096282166384376, 'drop_dense_1': 0.37902838822722035, 'lr': 5.477263397174561e-05, 'weight_decay': 0.004367970485681268}. Best is trial 13 with value: 0.5753837296124171.[0m
Epoch 1/20 | Train Loss: 2.5992 | Train Acc: 0.4996 | Val Loss: 2.5033 | Val Acc: 0.5287 | No improvement: 0/5
Epoch 2/20 | Train Loss: 2.4057 | Train Acc: 0.5486 | Val Loss: 2.4700 | Val Acc: 0.5287 | No improvement: 1/5
Epoch 3/20 | Train Loss: 2.3595 | Train Acc: 0.5545 | Val Loss: 2.4373 | Val Acc: 0.5414 | No improvement: 0/5
Epoch 4/20 | Train Loss: 2.3197 | Train Acc: 0.5648 | Val Loss: 2.4074 | Val Acc: 0.5468 | No improvement: 0/5
Epoch 5/20 | Train Loss: 2.2953 | Train Acc: 0.5684 | Val Loss: 2.3871 | Val Acc: 0.5511 | No improvement: 0/5
Epoch 6/20 | Train Loss: 2.2814 | Train Acc: 0.5747 | Val Loss: 2.3768 | Val Acc: 0.5580 | No improvement: 0/5
Epoch 7/20 | Train Loss: 2.2743 | Train Acc: 0.5721 | Val Loss: 2.3822 | Val Acc: 0.5527 | No improvement: 1/5
Epoch 8/20 | Train Loss: 2.2646 | Train Acc: 0.5748 | Val Loss: 2.3745 | Val Acc: 0.5569 | No improvement: 2/5
Epoch 9/20 | Train Loss: 2.2604 | Train Acc: 0.5762 | Val Loss: 2.3464 | Val Acc: 0.5552 | No improvement: 3/5
Epoch 10/20 | Train Loss: 2.2591 | Train Acc: 0.5762 | Val Loss: 2.3656 | Val Acc: 0.5637 | No improvement: 0/5
Epoch 11/20 | Train Loss: 2.2505 | Train Acc: 0.5777 | Val Loss: 2.3706 | Val Acc: 0.5606 | No improvement: 1/5
Epoch 12/20 | Train Loss: 2.2456 | Train Acc: 0.5799 | Val Loss: 2.3407 | Val Acc: 0.5690 | No improvement: 0/5
Epoch 13/20 | Train Loss: 2.2471 | Train Acc: 0.5782 | Val Loss: 2.3435 | Val Acc: 0.5625 | No improvement: 1/5
Epoch 14/20 | Train Loss: 2.2393 | Train Acc: 0.5795 | Val Loss: 2.3495 | Val Acc: 0.5676 | No improvement: 2/5
Epoch 15/20 | Train Loss: 2.2426 | Train Acc: 0.5816 | Val Loss: 2.3509 | Val Acc: 0.5611 | No improvement: 3/5
Epoch 16/20 | Train Loss: 2.2367 | Train Acc: 0.5824 | Val Loss: 2.3371 | Val Acc: 0.5629 | No improvement: 4/5
Epoch 17/20 | Train Loss: 2.2342 | Train Acc: 0.5824 | Val Loss: 2.3381 | Val Acc: 0.5595 | No improvement: 5/5

Early stopping triggered after 17 epochs (5 epochs without improvement).

Best Val Acc: 0.5690  →  saved to optuna_trial_14.pth
  Trial  14 | bal_acc=0.5675 | Human=0.434 | Denisovan=0.462 | Neanderthal=0.806
[32m[I 2026-05-05 01:12:18,204][0m Trial 14 finished with value: 0.5675315324376983 and parameters: {'num_conv_layers': 3, 'num_dense_layers': 2, 'filters_0': 256, 'filters_1': 64, 'filters_2': 32, 'width_0': 5, 'width_1': 5, 'width_2': 11, 'drop_conv_0': 0.43416996467612173, 'drop_conv_1': 0.2733971281921743, 'drop_conv_2': 0.20219457272575383, 'dense_0': 64, 'dense_1': 256, 'drop_dense_0': 0.3054507234262375, 'drop_dense_1': 0.5881013774659554, 'lr': 0.000168300978893573, 'weight_decay': 0.004166755028439035}. Best is trial 13 with value: 0.5753837296124171.[0m
Epoch 1/20 | Train Loss: 2.7729 | Train Acc: 0.4591 | Val Loss: 2.6037 | Val Acc: 0.5241 | No improvement: 0/5
Epoch 2/20 | Train Loss: 2.5130 | Train Acc: 0.5245 | Val Loss: 2.5329 | Val Acc: 0.5337 | No improvement: 0/5
Epoch 3/20 | Train Loss: 2.4573 | Train Acc: 0.5364 | Val Loss: 2.5074 | Val Acc: 0.5275 | No improvement: 1/5
Epoch 4/20 | Train Loss: 2.4199 | Train Acc: 0.5462 | Val Loss: 2.4784 | Val Acc: 0.5287 | No improvement: 2/5
Epoch 5/20 | Train Loss: 2.3920 | Train Acc: 0.5508 | Val Loss: 2.4581 | Val Acc: 0.5299 | No improvement: 3/5
Epoch 6/20 | Train Loss: 2.3731 | Train Acc: 0.5578 | Val Loss: 2.4770 | Val Acc: 0.5206 | No improvement: 4/5
Epoch 7/20 | Train Loss: 2.3502 | Train Acc: 0.5613 | Val Loss: 2.4957 | Val Acc: 0.5170 | No improvement: 5/5

Early stopping triggered after 7 epochs (5 epochs without improvement).

Best Val Acc: 0.5337  →  saved to optuna_trial_15.pth
  Trial  15 | bal_acc=0.5327 | Human=0.281 | Denisovan=0.457 | Neanderthal=0.859
[32m[I 2026-05-05 01:12:53,929][0m Trial 15 finished with value: 0.532684385637665 and parameters: {'num_conv_layers': 3, 'num_dense_layers': 2, 'filters_0': 64, 'filters_1': 64, 'filters_2': 256, 'width_0': 19, 'width_1': 11, 'width_2': 11, 'drop_conv_0': 0.4741353525695999, 'drop_conv_1': 0.25598449405871426, 'drop_conv_2': 0.10832050669820407, 'dense_0': 64, 'dense_1': 64, 'drop_dense_0': 0.3474232781942017, 'drop_dense_1': 0.4372690830585451, 'lr': 3.792810269070237e-05, 'weight_decay': 0.0035914160214074132}. Best is trial 13 with value: 0.5753837296124171.[0m
Epoch 1/20 | Train Loss: 2.4925 | Train Acc: 0.5261 | Val Loss: 2.4412 | Val Acc: 0.5368 | No improvement: 0/5
Epoch 2/20 | Train Loss: 2.3394 | Train Acc: 0.5626 | Val Loss: 2.3809 | Val Acc: 0.5496 | No improvement: 0/5
Epoch 3/20 | Train Loss: 2.2976 | Train Acc: 0.5705 | Val Loss: 2.3753 | Val Acc: 0.5513 | No improvement: 0/5
Epoch 4/20 | Train Loss: 2.2719 | Train Acc: 0.5757 | Val Loss: 2.4175 | Val Acc: 0.5392 | No improvement: 1/5
Epoch 5/20 | Train Loss: 2.2579 | Train Acc: 0.5789 | Val Loss: 2.3633 | Val Acc: 0.5534 | No improvement: 0/5
Epoch 6/20 | Train Loss: 2.2502 | Train Acc: 0.5798 | Val Loss: 2.3337 | Val Acc: 0.5618 | No improvement: 0/5
Epoch 7/20 | Train Loss: 2.2441 | Train Acc: 0.5827 | Val Loss: 2.3291 | Val Acc: 0.5630 | No improvement: 0/5
Epoch 8/20 | Train Loss: 2.2358 | Train Acc: 0.5839 | Val Loss: 2.4123 | Val Acc: 0.5279 | No improvement: 1/5
Epoch 9/20 | Train Loss: 2.2413 | Train Acc: 0.5803 | Val Loss: 2.3561 | Val Acc: 0.5496 | No improvement: 2/5
Epoch 10/20 | Train Loss: 2.2358 | Train Acc: 0.5815 | Val Loss: 2.3570 | Val Acc: 0.5542 | No improvement: 3/5
Epoch 11/20 | Train Loss: 2.2375 | Train Acc: 0.5823 | Val Loss: 2.3644 | Val Acc: 0.5461 | No improvement: 4/5
Epoch 12/20 | Train Loss: 2.2320 | Train Acc: 0.5827 | Val Loss: 2.3548 | Val Acc: 0.5495 | No improvement: 5/5

Early stopping triggered after 12 epochs (5 epochs without improvement).

Best Val Acc: 0.5630  →  saved to optuna_trial_16.pth
  Trial  16 | bal_acc=0.5621 | Human=0.396 | Denisovan=0.495 | Neanderthal=0.795
[32m[I 2026-05-05 01:14:36,357][0m Trial 16 finished with value: 0.562111293203113 and parameters: {'num_conv_layers': 3, 'num_dense_layers': 3, 'filters_0': 128, 'filters_1': 64, 'filters_2': 64, 'width_0': 15, 'width_1': 9, 'width_2': 11, 'drop_conv_0': 0.3907370435136871, 'drop_conv_1': 0.1174456746061234, 'drop_conv_2': 0.19207154925985082, 'dense_0': 64, 'dense_1': 256, 'dense_2': 64, 'drop_dense_0': 0.35979679297882633, 'drop_dense_1': 0.4003437494546864, 'drop_dense_2': 0.3248543074783953, 'lr': 0.0003544148430643185, 'weight_decay': 0.0037346803643610554}. Best is trial 13 with value: 0.5753837296124171.[0m
Epoch 1/20 | Train Loss: 2.6385 | Train Acc: 0.4901 | Val Loss: 2.5552 | Val Acc: 0.5143 | No improvement: 0/5
Epoch 2/20 | Train Loss: 2.4362 | Train Acc: 0.5421 | Val Loss: 2.5705 | Val Acc: 0.4980 | No improvement: 1/5
Epoch 3/20 | Train Loss: 2.3749 | Train Acc: 0.5546 | Val Loss: 2.6530 | Val Acc: 0.4813 | No improvement: 2/5
Epoch 4/20 | Train Loss: 2.3474 | Train Acc: 0.5610 | Val Loss: 2.7076 | Val Acc: 0.4835 | No improvement: 3/5
Epoch 5/20 | Train Loss: 2.3241 | Train Acc: 0.5648 | Val Loss: 2.6600 | Val Acc: 0.4962 | No improvement: 4/5
Epoch 6/20 | Train Loss: 2.3045 | Train Acc: 0.5682 | Val Loss: 2.6914 | Val Acc: 0.4894 | No improvement: 5/5

Early stopping triggered after 6 epochs (5 epochs without improvement).

Best Val Acc: 0.5143  →  saved to optuna_trial_17.pth
  Trial  17 | bal_acc=0.5147 | Human=0.248 | Denisovan=0.549 | Neanderthal=0.747
