Using device: cuda

Starting Optuna search: 50 trials on 'multiclass'
  Objective   : balanced_accuracy_score (mean per-class recall)
  LR range    : [1e-5, 1e-2]  (extended from [1e-5, 1e-3])
  search_epochs=20, es_patience=5

Epoch 1/20 | Train Loss: 2.4048 | Train Acc: 0.5524 | Val Loss: 2.4324 | Val Acc: 0.5319 | No improvement: 0/5
Epoch 2/20 | Train Loss: 2.3174 | Train Acc: 0.5693 | Val Loss: 2.4174 | Val Acc: 0.5425 | No improvement: 0/5
Epoch 3/20 | Train Loss: 2.2850 | Train Acc: 0.5727 | Val Loss: 2.4456 | Val Acc: 0.5410 | No improvement: 1/5
Epoch 4/20 | Train Loss: 2.2741 | Train Acc: 0.5766 | Val Loss: 2.4117 | Val Acc: 0.5500 | No improvement: 0/5
Epoch 5/20 | Train Loss: 2.2715 | Train Acc: 0.5763 | Val Loss: 2.4217 | Val Acc: 0.5498 | No improvement: 1/5
Epoch 6/20 | Train Loss: 2.2619 | Train Acc: 0.5779 | Val Loss: 2.4106 | Val Acc: 0.5567 | No improvement: 0/5
Epoch 7/20 | Train Loss: 2.2607 | Train Acc: 0.5790 | Val Loss: 2.3529 | Val Acc: 0.5555 | No improvement: 1/5
Epoch 8/20 | Train Loss: 2.2533 | Train Acc: 0.5800 | Val Loss: 2.4184 | Val Acc: 0.5433 | No improvement: 2/5
Epoch 9/20 | Train Loss: 2.2487 | Train Acc: 0.5823 | Val Loss: 2.3888 | Val Acc: 0.5509 | No improvement: 3/5
Epoch 10/20 | Train Loss: 2.2489 | Train Acc: 0.5813 | Val Loss: 2.4222 | Val Acc: 0.5446 | No improvement: 4/5
Epoch 11/20 | Train Loss: 2.2462 | Train Acc: 0.5822 | Val Loss: 2.3597 | Val Acc: 0.5544 | No improvement: 5/5

Early stopping triggered after 11 epochs (5 epochs without improvement).

Best Val Acc: 0.5567  →  saved to optuna_trial_0.pth
  Trial   0 | bal_acc=0.5550 | Human=0.356 | Denisovan=0.430 | Neanderthal=0.878
[32m[I 2026-05-05 00:48:44,616][0m Trial 0 finished with value: 0.5549811728786204 and parameters: {'num_conv_layers': 4, 'num_dense_layers': 1, 'filters_0': 256, 'filters_1': 32, 'filters_2': 128, 'filters_3': 128, 'width_0': 9, 'width_1': 19, 'width_2': 19, 'width_3': 11, 'drop_conv_0': 0.2522179367875782, 'drop_conv_1': 0.343164242627918, 'drop_conv_2': 0.4551372145001692, 'drop_conv_3': 0.4065455691384028, 'dense_0': 64, 'drop_dense_0': 0.5438223301440345, 'lr': 0.0008809834133766492, 'weight_decay': 0.0003902065550741602}. Best is trial 0 with value: 0.5549811728786204.[0m
Epoch 1/20 | Train Loss: 2.4343 | Train Acc: 0.5442 | Val Loss: 2.4754 | Val Acc: 0.5334 | No improvement: 0/5
Epoch 2/20 | Train Loss: 2.3590 | Train Acc: 0.5564 | Val Loss: 2.6914 | Val Acc: 0.4829 | No improvement: 1/5
Epoch 3/20 | Train Loss: 2.3411 | Train Acc: 0.5615 | Val Loss: 2.5422 | Val Acc: 0.5105 | No improvement: 2/5
Epoch 4/20 | Train Loss: 2.3300 | Train Acc: 0.5617 | Val Loss: 2.5606 | Val Acc: 0.5028 | No improvement: 3/5
Epoch 5/20 | Train Loss: 2.3182 | Train Acc: 0.5630 | Val Loss: 2.4788 | Val Acc: 0.5247 | No improvement: 4/5
Epoch 6/20 | Train Loss: 2.3188 | Train Acc: 0.5635 | Val Loss: 2.5310 | Val Acc: 0.5072 | No improvement: 5/5

Early stopping triggered after 6 epochs (5 epochs without improvement).

Best Val Acc: 0.5334  →  saved to optuna_trial_1.pth
  Trial   1 | bal_acc=0.5313 | Human=0.371 | Denisovan=0.370 | Neanderthal=0.852
[32m[I 2026-05-05 00:49:28,901][0m Trial 1 finished with value: 0.5312576621440831 and parameters: {'num_conv_layers': 2, 'num_dense_layers': 1, 'filters_0': 128, 'filters_1': 64, 'width_0': 19, 'width_1': 9, 'drop_conv_0': 0.15783160302080076, 'drop_conv_1': 0.4718145117575323, 'dense_0': 128, 'drop_dense_0': 0.5425389389846145, 'lr': 0.0025041742978689024, 'weight_decay': 0.0012436158556164965}. Best is trial 0 with value: 0.5549811728786204.[0m
Epoch 1/20 | Train Loss: 2.6378 | Train Acc: 0.5207 | Val Loss: 2.6465 | Val Acc: 0.5059 | No improvement: 0/5
Epoch 2/20 | Train Loss: 2.4358 | Train Acc: 0.5404 | Val Loss: 2.5887 | Val Acc: 0.4913 | No improvement: 1/5
Epoch 3/20 | Train Loss: 2.4132 | Train Acc: 0.5458 | Val Loss: 2.6047 | Val Acc: 0.5206 | No improvement: 0/5
Epoch 4/20 | Train Loss: 2.3981 | Train Acc: 0.5472 | Val Loss: 2.6137 | Val Acc: 0.5245 | No improvement: 0/5
Epoch 5/20 | Train Loss: 2.4071 | Train Acc: 0.5473 | Val Loss: 2.6365 | Val Acc: 0.5244 | No improvement: 1/5
Epoch 6/20 | Train Loss: 2.4008 | Train Acc: 0.5492 | Val Loss: 2.7301 | Val Acc: 0.4928 | No improvement: 2/5
Epoch 7/20 | Train Loss: 2.4011 | Train Acc: 0.5496 | Val Loss: 2.6583 | Val Acc: 0.5138 | No improvement: 3/5
Epoch 8/20 | Train Loss: 2.3994 | Train Acc: 0.5483 | Val Loss: 2.6440 | Val Acc: 0.5111 | No improvement: 4/5
Epoch 9/20 | Train Loss: 2.3978 | Train Acc: 0.5481 | Val Loss: 2.6288 | Val Acc: 0.5307 | No improvement: 0/5
Epoch 10/20 | Train Loss: 2.3941 | Train Acc: 0.5494 | Val Loss: 2.6474 | Val Acc: 0.5240 | No improvement: 1/5
Epoch 11/20 | Train Loss: 2.3977 | Train Acc: 0.5471 | Val Loss: 2.7527 | Val Acc: 0.4848 | No improvement: 2/5
Epoch 12/20 | Train Loss: 2.3925 | Train Acc: 0.5490 | Val Loss: 2.6423 | Val Acc: 0.5256 | No improvement: 3/5
Epoch 13/20 | Train Loss: 2.3960 | Train Acc: 0.5491 | Val Loss: 2.6529 | Val Acc: 0.5163 | No improvement: 4/5
Epoch 14/20 | Train Loss: 2.4002 | Train Acc: 0.5464 | Val Loss: 2.6800 | Val Acc: 0.5080 | No improvement: 5/5

Early stopping triggered after 14 epochs (5 epochs without improvement).

Best Val Acc: 0.5307  →  saved to optuna_trial_2.pth
  Trial   2 | bal_acc=0.5297 | Human=0.214 | Denisovan=0.455 | Neanderthal=0.920
[32m[I 2026-05-05 00:51:41,779][0m Trial 2 finished with value: 0.5297244700620376 and parameters: {'num_conv_layers': 4, 'num_dense_layers': 1, 'filters_0': 128, 'filters_1': 32, 'filters_2': 32, 'filters_3': 256, 'width_0': 11, 'width_1': 15, 'width_2': 5, 'width_3': 15, 'drop_conv_0': 0.4021721132026924, 'drop_conv_1': 0.5655548135840519, 'drop_conv_2': 0.42556809132103457, 'drop_conv_3': 0.32940094728512515, 'dense_0': 256, 'drop_dense_0': 0.38893680628192145, 'lr': 0.004153978956726444, 'weight_decay': 0.008709322537189966}. Best is trial 0 with value: 0.5549811728786204.[0m
Epoch 1/20 | Train Loss: 2.6293 | Train Acc: 0.4948 | Val Loss: 2.6492 | Val Acc: 0.5236 | No improvement: 0/5
Epoch 2/20 | Train Loss: 2.4917 | Train Acc: 0.5284 | Val Loss: 2.5949 | Val Acc: 0.5236 | No improvement: 1/5
Epoch 3/20 | Train Loss: 2.4493 | Train Acc: 0.5399 | Val Loss: 2.5412 | Val Acc: 0.5357 | No improvement: 0/5
Epoch 4/20 | Train Loss: 2.4256 | Train Acc: 0.5437 | Val Loss: 2.5152 | Val Acc: 0.5342 | No improvement: 1/5
Epoch 5/20 | Train Loss: 2.4088 | Train Acc: 0.5475 | Val Loss: 2.5209 | Val Acc: 0.5306 | No improvement: 2/5
Epoch 6/20 | Train Loss: 2.4001 | Train Acc: 0.5485 | Val Loss: 2.5319 | Val Acc: 0.5184 | No improvement: 3/5
Epoch 7/20 | Train Loss: 2.3861 | Train Acc: 0.5529 | Val Loss: 2.5541 | Val Acc: 0.4968 | No improvement: 4/5
Epoch 8/20 | Train Loss: 2.3869 | Train Acc: 0.5507 | Val Loss: 2.6276 | Val Acc: 0.4783 | No improvement: 5/5

Early stopping triggered after 8 epochs (5 epochs without improvement).

Best Val Acc: 0.5357  →  saved to optuna_trial_3.pth
  Trial   3 | bal_acc=0.5347 | Human=0.236 | Denisovan=0.461 | Neanderthal=0.907
[32m[I 2026-05-05 00:52:11,659][0m Trial 3 finished with value: 0.534733545149204 and parameters: {'num_conv_layers': 2, 'num_dense_layers': 1, 'filters_0': 32, 'filters_1': 256, 'width_0': 5, 'width_1': 7, 'drop_conv_0': 0.5325068543265387, 'drop_conv_1': 0.4549553189321083, 'dense_0': 128, 'drop_dense_0': 0.5914633938166521, 'lr': 0.0004444981768260983, 'weight_decay': 0.0021416672842958498}. Best is trial 0 with value: 0.5549811728786204.[0m
Epoch 1/20 | Train Loss: 2.7068 | Train Acc: 0.4839 | Val Loss: 2.5919 | Val Acc: 0.5336 | No improvement: 0/5
Epoch 2/20 | Train Loss: 2.4543 | Train Acc: 0.5424 | Val Loss: 2.4400 | Val Acc: 0.5486 | No improvement: 0/5
Epoch 3/20 | Train Loss: 2.3733 | Train Acc: 0.5606 | Val Loss: 2.4370 | Val Acc: 0.5378 | No improvement: 1/5
Epoch 4/20 | Train Loss: 2.3329 | Train Acc: 0.5673 | Val Loss: 2.3811 | Val Acc: 0.5525 | No improvement: 0/5
Epoch 5/20 | Train Loss: 2.3080 | Train Acc: 0.5729 | Val Loss: 2.3861 | Val Acc: 0.5471 | No improvement: 1/5
Epoch 6/20 | Train Loss: 2.2928 | Train Acc: 0.5754 | Val Loss: 2.3970 | Val Acc: 0.5453 | No improvement: 2/5
Epoch 7/20 | Train Loss: 2.2803 | Train Acc: 0.5804 | Val Loss: 2.3362 | Val Acc: 0.5559 | No improvement: 0/5
Epoch 8/20 | Train Loss: 2.2629 | Train Acc: 0.5796 | Val Loss: 2.3439 | Val Acc: 0.5575 | No improvement: 0/5
Epoch 9/20 | Train Loss: 2.2522 | Train Acc: 0.5835 | Val Loss: 2.3262 | Val Acc: 0.5606 | No improvement: 0/5
Epoch 10/20 | Train Loss: 2.2441 | Train Acc: 0.5837 | Val Loss: 2.3098 | Val Acc: 0.5672 | No improvement: 0/5
Epoch 11/20 | Train Loss: 2.2402 | Train Acc: 0.5844 | Val Loss: 2.3156 | Val Acc: 0.5669 | No improvement: 1/5
Epoch 12/20 | Train Loss: 2.2292 | Train Acc: 0.5855 | Val Loss: 2.3102 | Val Acc: 0.5645 | No improvement: 2/5
Epoch 13/20 | Train Loss: 2.2255 | Train Acc: 0.5891 | Val Loss: 2.2982 | Val Acc: 0.5654 | No improvement: 3/5
Epoch 14/20 | Train Loss: 2.2210 | Train Acc: 0.5893 | Val Loss: 2.3231 | Val Acc: 0.5625 | No improvement: 4/5
Epoch 15/20 | Train Loss: 2.2243 | Train Acc: 0.5894 | Val Loss: 2.3091 | Val Acc: 0.5677 | No improvement: 0/5
Epoch 16/20 | Train Loss: 2.2210 | Train Acc: 0.5894 | Val Loss: 2.2984 | Val Acc: 0.5722 | No improvement: 0/5
Epoch 17/20 | Train Loss: 2.2162 | Train Acc: 0.5913 | Val Loss: 2.3114 | Val Acc: 0.5706 | No improvement: 1/5
Epoch 18/20 | Train Loss: 2.2143 | Train Acc: 0.5908 | Val Loss: 2.3172 | Val Acc: 0.5626 | No improvement: 2/5
Epoch 19/20 | Train Loss: 2.2169 | Train Acc: 0.5926 | Val Loss: 2.3002 | Val Acc: 0.5694 | No improvement: 3/5
Epoch 20/20 | Train Loss: 2.2139 | Train Acc: 0.5924 | Val Loss: 2.3054 | Val Acc: 0.5626 | No improvement: 4/5

Best Val Acc: 0.5722  →  saved to optuna_trial_4.pth
  Trial   4 | bal_acc=0.5707 | Human=0.438 | Denisovan=0.460 | Neanderthal=0.814
[32m[I 2026-05-05 00:55:14,173][0m Trial 4 finished with value: 0.5707080488643083 and parameters: {'num_conv_layers': 4, 'num_dense_layers': 2, 'filters_0': 256, 'filters_1': 64, 'filters_2': 128, 'filters_3': 128, 'width_0': 11, 'width_1': 19, 'width_2': 9, 'width_3': 15, 'drop_conv_0': 0.3351488338815529, 'drop_conv_1': 0.35197476763036994, 'drop_conv_2': 0.12461747894941463, 'drop_conv_3': 0.11442567784274374, 'dense_0': 64, 'dense_1': 64, 'drop_dense_0': 0.591523164463706, 'drop_dense_1': 0.3756663204440118, 'lr': 5.149626505467298e-05, 'weight_decay': 0.007706637630945661}. Best is trial 4 with value: 0.5707080488643083.[0m
Epoch 1/20 | Train Loss: 2.3795 | Train Acc: 0.5522 | Val Loss: 2.5086 | Val Acc: 0.5165 | No improvement: 0/5
Epoch 2/20 | Train Loss: 2.2590 | Train Acc: 0.5774 | Val Loss: 2.5067 | Val Acc: 0.5301 | No improvement: 0/5
Epoch 3/20 | Train Loss: 2.2357 | Train Acc: 0.5797 | Val Loss: 2.4631 | Val Acc: 0.5326 | No improvement: 0/5
Epoch 4/20 | Train Loss: 2.2118 | Train Acc: 0.5851 | Val Loss: 2.4210 | Val Acc: 0.5513 | No improvement: 0/5
Epoch 5/20 | Train Loss: 2.2045 | Train Acc: 0.5875 | Val Loss: 2.4540 | Val Acc: 0.5513 | No improvement: 1/5
Epoch 6/20 | Train Loss: 2.1949 | Train Acc: 0.5889 | Val Loss: 2.4536 | Val Acc: 0.5353 | No improvement: 2/5
Epoch 7/20 | Train Loss: 2.1861 | Train Acc: 0.5905 | Val Loss: 2.4558 | Val Acc: 0.5365 | No improvement: 3/5
Epoch 8/20 | Train Loss: 2.1909 | Train Acc: 0.5901 | Val Loss: 2.4141 | Val Acc: 0.5582 | No improvement: 0/5
Epoch 9/20 | Train Loss: 2.1795 | Train Acc: 0.5912 | Val Loss: 2.4218 | Val Acc: 0.5525 | No improvement: 1/5
Epoch 10/20 | Train Loss: 2.1794 | Train Acc: 0.5911 | Val Loss: 2.3935 | Val Acc: 0.5649 | No improvement: 0/5
Epoch 11/20 | Train Loss: 2.1708 | Train Acc: 0.5939 | Val Loss: 2.3925 | Val Acc: 0.5636 | No improvement: 1/5
Epoch 12/20 | Train Loss: 2.1705 | Train Acc: 0.5932 | Val Loss: 2.4258 | Val Acc: 0.5659 | No improvement: 0/5
Epoch 13/20 | Train Loss: 2.1671 | Train Acc: 0.5942 | Val Loss: 2.3663 | Val Acc: 0.5613 | No improvement: 1/5
Epoch 14/20 | Train Loss: 2.1600 | Train Acc: 0.5938 | Val Loss: 2.3790 | Val Acc: 0.5618 | No improvement: 2/5
Epoch 15/20 | Train Loss: 2.1614 | Train Acc: 0.5958 | Val Loss: 2.4392 | Val Acc: 0.5544 | No improvement: 3/5
Epoch 16/20 | Train Loss: 2.1555 | Train Acc: 0.5971 | Val Loss: 2.4008 | Val Acc: 0.5627 | No improvement: 4/5
Epoch 17/20 | Train Loss: 2.1531 | Train Acc: 0.5968 | Val Loss: 2.4847 | Val Acc: 0.5519 | No improvement: 5/5

Early stopping triggered after 17 epochs (5 epochs without improvement).

Best Val Acc: 0.5659  →  saved to optuna_trial_5.pth
  Trial   5 | bal_acc=0.5643 | Human=0.441 | Denisovan=0.449 | Neanderthal=0.803
[32m[I 2026-05-05 00:56:01,954][0m Trial 5 finished with value: 0.5642884592657453 and parameters: {'num_conv_layers': 3, 'num_dense_layers': 1, 'filters_0': 64, 'filters_1': 32, 'filters_2': 64, 'width_0': 11, 'width_1': 19, 'width_2': 15, 'drop_conv_0': 0.3202764350912354, 'drop_conv_1': 0.19953446040436104, 'drop_conv_2': 0.5649697529782294, 'dense_0': 256, 'drop_dense_0': 0.4036682711233266, 'lr': 0.0007280988617279108, 'weight_decay': 0.00030066709880880084}. Best is trial 4 with value: 0.5707080488643083.[0m
Epoch 1/20 | Train Loss: 2.7359 | Train Acc: 0.4636 | Val Loss: 2.5716 | Val Acc: 0.5101 | No improvement: 0/5
Epoch 2/20 | Train Loss: 2.4771 | Train Acc: 0.5287 | Val Loss: 2.4990 | Val Acc: 0.5284 | No improvement: 0/5
Epoch 3/20 | Train Loss: 2.4208 | Train Acc: 0.5420 | Val Loss: 2.4590 | Val Acc: 0.5348 | No improvement: 0/5
Epoch 4/20 | Train Loss: 2.3906 | Train Acc: 0.5512 | Val Loss: 2.4626 | Val Acc: 0.5268 | No improvement: 1/5
Epoch 5/20 | Train Loss: 2.3703 | Train Acc: 0.5551 | Val Loss: 2.4651 | Val Acc: 0.5247 | No improvement: 2/5
Epoch 6/20 | Train Loss: 2.3501 | Train Acc: 0.5582 | Val Loss: 2.4819 | Val Acc: 0.5180 | No improvement: 3/5
Epoch 7/20 | Train Loss: 2.3374 | Train Acc: 0.5625 | Val Loss: 2.5111 | Val Acc: 0.5047 | No improvement: 4/5
Epoch 8/20 | Train Loss: 2.3274 | Train Acc: 0.5625 | Val Loss: 2.4961 | Val Acc: 0.5132 | No improvement: 5/5

Early stopping triggered after 8 epochs (5 epochs without improvement).

Best Val Acc: 0.5348  →  saved to optuna_trial_6.pth
  Trial   6 | bal_acc=0.5337 | Human=0.277 | Denisovan=0.451 | Neanderthal=0.872
[32m[I 2026-05-05 00:56:33,782][0m Trial 6 finished with value: 0.5336729115101148 and parameters: {'num_conv_layers': 3, 'num_dense_layers': 3, 'filters_0': 32, 'filters_1': 128, 'filters_2': 128, 'width_0': 9, 'width_1': 7, 'width_2': 5, 'drop_conv_0': 0.27684988590211634, 'drop_conv_1': 0.4687228814620782, 'drop_conv_2': 0.2537955867428824, 'dense_0': 256, 'dense_1': 128, 'dense_2': 256, 'drop_dense_0': 0.4423085551680189, 'drop_dense_1': 0.3392561489586433, 'drop_dense_2': 0.3877043268714271, 'lr': 5.820778396696826e-05, 'weight_decay': 0.00020420073174684162}. Best is trial 4 with value: 0.5707080488643083.[0m
Epoch 1/20 | Train Loss: 2.4439 | Train Acc: 0.5417 | Val Loss: 2.4321 | Val Acc: 0.5364 | No improvement: 0/5
Epoch 2/20 | Train Loss: 2.3692 | Train Acc: 0.5580 | Val Loss: 2.4263 | Val Acc: 0.5388 | No improvement: 0/5
Epoch 3/20 | Train Loss: 2.3525 | Train Acc: 0.5573 | Val Loss: 2.4429 | Val Acc: 0.5255 | No improvement: 1/5
Epoch 4/20 | Train Loss: 2.3435 | Train Acc: 0.5600 | Val Loss: 2.4593 | Val Acc: 0.5375 | No improvement: 2/5
Epoch 5/20 | Train Loss: 2.3380 | Train Acc: 0.5602 | Val Loss: 2.4333 | Val Acc: 0.5417 | No improvement: 0/5
Epoch 6/20 | Train Loss: 2.3364 | Train Acc: 0.5603 | Val Loss: 2.4397 | Val Acc: 0.5290 | No improvement: 1/5
Epoch 7/20 | Train Loss: 2.3223 | Train Acc: 0.5625 | Val Loss: 2.4838 | Val Acc: 0.5194 | No improvement: 2/5
Epoch 8/20 | Train Loss: 2.3246 | Train Acc: 0.5634 | Val Loss: 2.6290 | Val Acc: 0.5049 | No improvement: 3/5
Epoch 9/20 | Train Loss: 2.3223 | Train Acc: 0.5643 | Val Loss: 2.4418 | Val Acc: 0.5325 | No improvement: 4/5
Epoch 10/20 | Train Loss: 2.3169 | Train Acc: 0.5646 | Val Loss: 2.5342 | Val Acc: 0.5244 | No improvement: 5/5

Early stopping triggered after 10 epochs (5 epochs without improvement).

Best Val Acc: 0.5417  →  saved to optuna_trial_7.pth
  Trial   7 | bal_acc=0.5390 | Human=0.476 | Denisovan=0.342 | Neanderthal=0.798
[32m[I 2026-05-05 00:57:39,835][0m Trial 7 finished with value: 0.5390158250180422 and parameters: {'num_conv_layers': 2, 'num_dense_layers': 1, 'filters_0': 256, 'filters_1': 128, 'width_0': 15, 'width_1': 19, 'drop_conv_0': 0.4620240372282689, 'drop_conv_1': 0.36700327973355096, 'dense_0': 128, 'drop_dense_0': 0.5876232435894999, 'lr': 0.0021805773718384215, 'weight_decay': 0.00012310834590584469}. Best is trial 4 with value: 0.5707080488643083.[0m
Epoch 1/20 | Train Loss: 2.8018 | Train Acc: 0.4633 | Val Loss: 2.6951 | Val Acc: 0.5240 | No improvement: 0/5
Epoch 2/20 | Train Loss: 2.5557 | Train Acc: 0.5131 | Val Loss: 2.6228 | Val Acc: 0.5315 | No improvement: 0/5
Epoch 3/20 | Train Loss: 2.4984 | Train Acc: 0.5259 | Val Loss: 2.5925 | Val Acc: 0.5336 | No improvement: 0/5
Epoch 4/20 | Train Loss: 2.4682 | Train Acc: 0.5321 | Val Loss: 2.5660 | Val Acc: 0.5391 | No improvement: 0/5
Epoch 5/20 | Train Loss: 2.4350 | Train Acc: 0.5400 | Val Loss: 2.5535 | Val Acc: 0.5390 | No improvement: 1/5
Epoch 6/20 | Train Loss: 2.4131 | Train Acc: 0.5453 | Val Loss: 2.5358 | Val Acc: 0.5411 | No improvement: 0/5
Epoch 7/20 | Train Loss: 2.3972 | Train Acc: 0.5482 | Val Loss: 2.5156 | Val Acc: 0.5441 | No improvement: 0/5
Epoch 8/20 | Train Loss: 2.3832 | Train Acc: 0.5514 | Val Loss: 2.5065 | Val Acc: 0.5471 | No improvement: 0/5
Epoch 9/20 | Train Loss: 2.3633 | Train Acc: 0.5576 | Val Loss: 2.5061 | Val Acc: 0.5476 | No improvement: 0/5
Epoch 10/20 | Train Loss: 2.3534 | Train Acc: 0.5569 | Val Loss: 2.4939 | Val Acc: 0.5459 | No improvement: 1/5
Epoch 11/20 | Train Loss: 2.3431 | Train Acc: 0.5611 | Val Loss: 2.4754 | Val Acc: 0.5494 | No improvement: 0/5
Epoch 12/20 | Train Loss: 2.3326 | Train Acc: 0.5620 | Val Loss: 2.4840 | Val Acc: 0.5522 | No improvement: 0/5
Epoch 13/20 | Train Loss: 2.3290 | Train Acc: 0.5628 | Val Loss: 2.4868 | Val Acc: 0.5449 | No improvement: 1/5
Epoch 14/20 | Train Loss: 2.3242 | Train Acc: 0.5647 | Val Loss: 2.4686 | Val Acc: 0.5448 | No improvement: 2/5
Epoch 15/20 | Train Loss: 2.3130 | Train Acc: 0.5673 | Val Loss: 2.4680 | Val Acc: 0.5511 | No improvement: 3/5
Epoch 16/20 | Train Loss: 2.3074 | Train Acc: 0.5697 | Val Loss: 2.4637 | Val Acc: 0.5456 | No improvement: 4/5
Epoch 17/20 | Train Loss: 2.3000 | Train Acc: 0.5690 | Val Loss: 2.4594 | Val Acc: 0.5530 | No improvement: 0/5
Epoch 18/20 | Train Loss: 2.2954 | Train Acc: 0.5697 | Val Loss: 2.4552 | Val Acc: 0.5533 | No improvement: 0/5
Epoch 19/20 | Train Loss: 2.2924 | Train Acc: 0.5722 | Val Loss: 2.4601 | Val Acc: 0.5533 | No improvement: 1/5
Epoch 20/20 | Train Loss: 2.2878 | Train Acc: 0.5719 | Val Loss: 2.4569 | Val Acc: 0.5514 | No improvement: 2/5

Best Val Acc: 0.5533  →  saved to optuna_trial_8.pth
  Trial   8 | bal_acc=0.5518 | Human=0.454 | Denisovan=0.439 | Neanderthal=0.762
[32m[I 2026-05-05 00:59:05,630][0m Trial 8 finished with value: 0.551765743792723 and parameters: {'num_conv_layers': 2, 'num_dense_layers': 1, 'filters_0': 64, 'filters_1': 256, 'width_0': 11, 'width_1': 11, 'drop_conv_0': 0.14966444824883127, 'drop_conv_1': 0.4793127894309994, 'dense_0': 64, 'drop_dense_0': 0.5817452793114934, 'lr': 2.215848000831999e-05, 'weight_decay': 0.0005103989806986275}. Best is trial 4 with value: 0.5707080488643083.[0m
Epoch 1/20 | Train Loss: 2.5044 | Train Acc: 0.5236 | Val Loss: 2.5025 | Val Acc: 0.5401 | No improvement: 0/5
Epoch 2/20 | Train Loss: 2.3327 | Train Acc: 0.5597 | Val Loss: 2.4544 | Val Acc: 0.5406 | No improvement: 0/5
Epoch 3/20 | Train Loss: 2.2851 | Train Acc: 0.5697 | Val Loss: 2.4115 | Val Acc: 0.5417 | No improvement: 0/5
Epoch 4/20 | Train Loss: 2.2552 | Train Acc: 0.5767 | Val Loss: 2.3871 | Val Acc: 0.5567 | No improvement: 0/5
Epoch 5/20 | Train Loss: 2.2350 | Train Acc: 0.5798 | Val Loss: 2.3655 | Val Acc: 0.5530 | No improvement: 1/5
Epoch 6/20 | Train Loss: 2.2235 | Train Acc: 0.5837 | Val Loss: 2.3905 | Val Acc: 0.5486 | No improvement: 2/5
Epoch 7/20 | Train Loss: 2.2111 | Train Acc: 0.5852 | Val Loss: 2.3847 | Val Acc: 0.5513 | No improvement: 3/5
Epoch 8/20 | Train Loss: 2.2052 | Train Acc: 0.5874 | Val Loss: 2.3747 | Val Acc: 0.5511 | No improvement: 4/5
Epoch 9/20 | Train Loss: 2.1972 | Train Acc: 0.5890 | Val Loss: 2.3868 | Val Acc: 0.5510 | No improvement: 5/5

Early stopping triggered after 9 epochs (5 epochs without improvement).

Best Val Acc: 0.5567  →  saved to optuna_trial_9.pth
  Trial   9 | bal_acc=0.5550 | Human=0.478 | Denisovan=0.433 | Neanderthal=0.754
